2021-11-28 11:33:37 INFO  setup:52 - ********************************************Suite Execution Started*************************************
2021-11-28 11:33:40 INFO  setup:61 - ********************************************Scenario Execution Started :Svg - Functionality Testing*************************************
2021-11-28 11:33:42 INFO  ReadDataFromExcelPutItInMap:24 - TestData_System.xlsx File Found and Accessed
2021-11-28 11:33:43 INFO  ReadDataFromExcelPutItInMap:24 - TestData_System.xlsx Workbook Closed Successfully
2021-11-28 11:34:15 INFO  explicitWait:24 - Element is  Visible : [[ChromeDriver: chrome on WINDOWS (63ec025c4e36f64fbc41f7dd665079be)] -> xpath: //input[@id='startmonthyear']]
2021-11-28 11:47:04 INFO  setup:52 - ********************************************Suite Execution Started*************************************
2021-11-28 11:47:05 INFO  setup:61 - ********************************************Scenario Execution Started :Svg - Functionality Testing*************************************
2021-11-28 11:47:06 INFO  ReadDataFromExcelPutItInMap:24 - TestData_System.xlsx File Found and Accessed
2021-11-28 11:47:06 INFO  ReadDataFromExcelPutItInMap:24 - TestData_System.xlsx Workbook Closed Successfully
2021-11-28 11:47:20 INFO  explicitWait:24 - Element is  Visible : [[ChromeDriver: chrome on WINDOWS (6829bca4d444d8d93a954207132d09ac)] -> xpath: //input[@id='startmonthyear']]
2021-11-28 11:47:23 INFO  explicitWait:24 - Element is  Visible : [[ChromeDriver: chrome on WINDOWS (6829bca4d444d8d93a954207132d09ac)] -> xpath: //input[@title='Search']]
2021-11-28 11:47:48 INFO  printAllTheValuesFromListWebelement:24 - List of WebElements Size :0
2021-11-28 11:47:55 INFO  TakeParticularElementScreenShot:24 - Google1 ScrenShot Taken and Saved in the Path: C:\AutomationWorkspace\Com.Test1\ParticularElementScreenshot\Google1.png
2021-11-28 11:47:56 INFO  TakeParticularElementScreenShot:24 - Google2 ScrenShot Taken and Saved in the Path: C:\AutomationWorkspace\Com.Test1\ParticularElementScreenshot\Google2.png
2021-11-28 11:47:59 INFO  setup:61 - ********************************************Scenario Execution Started :Svg - Functionality Testing for Webpage*************************************
2021-11-28 11:47:59 INFO  ReadDataFromExcelPutItInMap:24 - TestData_System.xlsx File Found and Accessed
2021-11-28 11:47:59 INFO  ReadDataFromExcelPutItInMap:24 - TestData_System.xlsx Workbook Closed Successfully
2021-11-28 11:48:11 INFO  explicitWait:24 - Element is  Visible : [[ChromeDriver: chrome on WINDOWS (a798ed9bd630fe00c5b97b4d3d87b5f1)] -> xpath: //tr[@class='row no-margin yearlypaymentdetails']//td[@id='year2026']]
2021-11-28 11:48:11 INFO  explicitWait:24 - Element is  Visible : [[ChromeDriver: chrome on WINDOWS (a798ed9bd630fe00c5b97b4d3d87b5f1)] -> xpath: //tr[@class='row no-margin yearlypaymentdetails']//td[@id='year2026']]
2021-11-28 11:48:11 INFO  getText:24 - Element [[ChromeDriver: chrome on WINDOWS (a798ed9bd630fe00c5b97b4d3d87b5f1)] -> xpath: //tr[@class='row no-margin yearlypaymentdetails']//td[@id='year2026']] Text : 2026
2021-11-28 11:48:11 INFO  explicitWait:24 - Element is  Visible : [[ChromeDriver: chrome on WINDOWS (a798ed9bd630fe00c5b97b4d3d87b5f1)] -> xpath: //tr[@class='row no-margin yearlypaymentdetails']//td[@id='year2026']//following-sibling::td]
2021-11-28 11:48:11 INFO  getText:24 - Element [[ChromeDriver: chrome on WINDOWS (a798ed9bd630fe00c5b97b4d3d87b5f1)] -> xpath: //tr[@class='row no-margin yearlypaymentdetails']//td[@id='year2026']//following-sibling::td] Text : ₹ 1,53,155
2021-11-28 11:48:11 INFO  explicitWait:24 - Element is  Visible : [[ChromeDriver: chrome on WINDOWS (a798ed9bd630fe00c5b97b4d3d87b5f1)] -> xpath: //tr[@class='row no-margin yearlypaymentdetails']//td[@id='year2026']//following-sibling::td]
2021-11-28 11:48:11 INFO  getText:24 - Element [[ChromeDriver: chrome on WINDOWS (a798ed9bd630fe00c5b97b4d3d87b5f1)] -> xpath: //tr[@class='row no-margin yearlypaymentdetails']//td[@id='year2026']//following-sibling::td] Text : ₹ 3,30,201
2021-11-28 11:48:12 INFO  explicitWait:24 - Element is  Visible : [[ChromeDriver: chrome on WINDOWS (a798ed9bd630fe00c5b97b4d3d87b5f1)] -> xpath: //tr[@class='row no-margin yearlypaymentdetails']//td[@id='year2026']//following-sibling::td]
2021-11-28 11:48:12 INFO  getText:24 - Element [[ChromeDriver: chrome on WINDOWS (a798ed9bd630fe00c5b97b4d3d87b5f1)] -> xpath: //tr[@class='row no-margin yearlypaymentdetails']//td[@id='year2026']//following-sibling::td] Text : ₹ 4,83,356
2021-11-28 11:48:12 INFO  explicitWait:24 - Element is  Visible : [[ChromeDriver: chrome on WINDOWS (a798ed9bd630fe00c5b97b4d3d87b5f1)] -> xpath: //tr[@class='row no-margin yearlypaymentdetails']//td[@id='year2026']//following-sibling::td]
2021-11-28 11:48:12 INFO  getText:24 - Element [[ChromeDriver: chrome on WINDOWS (a798ed9bd630fe00c5b97b4d3d87b5f1)] -> xpath: //tr[@class='row no-margin yearlypaymentdetails']//td[@id='year2026']//following-sibling::td] Text : ₹ 43,18,777
2021-11-28 11:48:12 INFO  explicitWait:24 - Element is  Visible : [[ChromeDriver: chrome on WINDOWS (a798ed9bd630fe00c5b97b4d3d87b5f1)] -> xpath: //tr[@class='row no-margin yearlypaymentdetails']//td[@id='year2026']//following-sibling::td]
2021-11-28 11:48:12 INFO  getText:24 - Element [[ChromeDriver: chrome on WINDOWS (a798ed9bd630fe00c5b97b4d3d87b5f1)] -> xpath: //tr[@class='row no-margin yearlypaymentdetails']//td[@id='year2026']//following-sibling::td] Text : 13.62%
2021-11-28 11:48:13 INFO  Click:24 - Element Found and Clicked : [[ChromeDriver: chrome on WINDOWS (a798ed9bd630fe00c5b97b4d3d87b5f1)] -> xpath: //tr[@class='row no-margin yearlypaymentdetails']//td[@id='year2026']]
2021-11-28 11:48:13 INFO  explicitWait:24 - Element is  Visible : [[ChromeDriver: chrome on WINDOWS (a798ed9bd630fe00c5b97b4d3d87b5f1)] -> xpath: //tr[@class='row no-margin yearlypaymentdetails']/..//tr[@id='monthyear2026']//tr//td]
2021-11-28 11:48:13 INFO  getText:24 - Element [[ChromeDriver: chrome on WINDOWS (a798ed9bd630fe00c5b97b4d3d87b5f1)] -> xpath: //tr[@class='row no-margin yearlypaymentdetails']/..//tr[@id='monthyear2026']//tr//td] Text : Jan
2021-11-28 11:48:13 INFO  explicitWait:24 - Element is  Visible : [[ChromeDriver: chrome on WINDOWS (a798ed9bd630fe00c5b97b4d3d87b5f1)] -> xpath: //tr[@class='row no-margin yearlypaymentdetails']/..//tr[@id='monthyear2026']//tr//td]
2021-11-28 11:48:13 INFO  getText:24 - Element [[ChromeDriver: chrome on WINDOWS (a798ed9bd630fe00c5b97b4d3d87b5f1)] -> xpath: //tr[@class='row no-margin yearlypaymentdetails']/..//tr[@id='monthyear2026']//tr//td] Text : ₹ 12,330
2021-11-28 11:48:13 INFO  explicitWait:24 - Element is  Visible : [[ChromeDriver: chrome on WINDOWS (a798ed9bd630fe00c5b97b4d3d87b5f1)] -> xpath: //tr[@class='row no-margin yearlypaymentdetails']/..//tr[@id='monthyear2026']//tr//td]
2021-11-28 11:48:13 INFO  getText:24 - Element [[ChromeDriver: chrome on WINDOWS (a798ed9bd630fe00c5b97b4d3d87b5f1)] -> xpath: //tr[@class='row no-margin yearlypaymentdetails']/..//tr[@id='monthyear2026']//tr//td] Text : ₹ 27,950
2021-11-28 11:48:13 INFO  explicitWait:24 - Element is  Visible : [[ChromeDriver: chrome on WINDOWS (a798ed9bd630fe00c5b97b4d3d87b5f1)] -> xpath: //tr[@class='row no-margin yearlypaymentdetails']/..//tr[@id='monthyear2026']//tr//td]
2021-11-28 11:48:13 INFO  getText:24 - Element [[ChromeDriver: chrome on WINDOWS (a798ed9bd630fe00c5b97b4d3d87b5f1)] -> xpath: //tr[@class='row no-margin yearlypaymentdetails']/..//tr[@id='monthyear2026']//tr//td] Text : ₹ 40,280
2021-11-28 11:48:13 INFO  explicitWait:24 - Element is  Visible : [[ChromeDriver: chrome on WINDOWS (a798ed9bd630fe00c5b97b4d3d87b5f1)] -> xpath: //tr[@class='row no-margin yearlypaymentdetails']/..//tr[@id='monthyear2026']//tr//td]
2021-11-28 11:48:13 INFO  getText:24 - Element [[ChromeDriver: chrome on WINDOWS (a798ed9bd630fe00c5b97b4d3d87b5f1)] -> xpath: //tr[@class='row no-margin yearlypaymentdetails']/..//tr[@id='monthyear2026']//tr//td] Text : ₹ 44,59,602
2021-11-28 11:48:13 INFO  explicitWait:24 - Element is  Visible : [[ChromeDriver: chrome on WINDOWS (a798ed9bd630fe00c5b97b4d3d87b5f1)] -> xpath: //tr[@class='row no-margin yearlypaymentdetails']/..//tr[@id='monthyear2026']//tr//td]
2021-11-28 11:48:13 INFO  getText:24 - Element [[ChromeDriver: chrome on WINDOWS (a798ed9bd630fe00c5b97b4d3d87b5f1)] -> xpath: //tr[@class='row no-margin yearlypaymentdetails']/..//tr[@id='monthyear2026']//tr//td] Text : 10.81%
2021-11-28 11:48:13 INFO  explicitWait:24 - Element is  Visible : [[ChromeDriver: chrome on WINDOWS (a798ed9bd630fe00c5b97b4d3d87b5f1)] -> xpath: //tr[@class='row no-margin yearlypaymentdetails']/..//tr[@id='monthyear2026']//tr//td]
2021-11-28 11:48:13 INFO  getText:24 - Element [[ChromeDriver: chrome on WINDOWS (a798ed9bd630fe00c5b97b4d3d87b5f1)] -> xpath: //tr[@class='row no-margin yearlypaymentdetails']/..//tr[@id='monthyear2026']//tr//td] Text : Feb
2021-11-28 11:48:13 INFO  explicitWait:24 - Element is  Visible : [[ChromeDriver: chrome on WINDOWS (a798ed9bd630fe00c5b97b4d3d87b5f1)] -> xpath: //tr[@class='row no-margin yearlypaymentdetails']/..//tr[@id='monthyear2026']//tr//td]
2021-11-28 11:48:13 INFO  getText:24 - Element [[ChromeDriver: chrome on WINDOWS (a798ed9bd630fe00c5b97b4d3d87b5f1)] -> xpath: //tr[@class='row no-margin yearlypaymentdetails']/..//tr[@id='monthyear2026']//tr//td] Text : ₹ 12,407
2021-11-28 11:48:13 INFO  explicitWait:24 - Element is  Visible : [[ChromeDriver: chrome on WINDOWS (a798ed9bd630fe00c5b97b4d3d87b5f1)] -> xpath: //tr[@class='row no-margin yearlypaymentdetails']/..//tr[@id='monthyear2026']//tr//td]
2021-11-28 11:48:13 INFO  getText:24 - Element [[ChromeDriver: chrome on WINDOWS (a798ed9bd630fe00c5b97b4d3d87b5f1)] -> xpath: //tr[@class='row no-margin yearlypaymentdetails']/..//tr[@id='monthyear2026']//tr//td] Text : ₹ 27,873
2021-11-28 11:48:13 INFO  explicitWait:24 - Element is  Visible : [[ChromeDriver: chrome on WINDOWS (a798ed9bd630fe00c5b97b4d3d87b5f1)] -> xpath: //tr[@class='row no-margin yearlypaymentdetails']/..//tr[@id='monthyear2026']//tr//td]
2021-11-28 11:48:13 INFO  getText:24 - Element [[ChromeDriver: chrome on WINDOWS (a798ed9bd630fe00c5b97b4d3d87b5f1)] -> xpath: //tr[@class='row no-margin yearlypaymentdetails']/..//tr[@id='monthyear2026']//tr//td] Text : ₹ 40,280
2021-11-28 11:48:13 INFO  explicitWait:24 - Element is  Visible : [[ChromeDriver: chrome on WINDOWS (a798ed9bd630fe00c5b97b4d3d87b5f1)] -> xpath: //tr[@class='row no-margin yearlypaymentdetails']/..//tr[@id='monthyear2026']//tr//td]
2021-11-28 11:48:13 INFO  getText:24 - Element [[ChromeDriver: chrome on WINDOWS (a798ed9bd630fe00c5b97b4d3d87b5f1)] -> xpath: //tr[@class='row no-margin yearlypaymentdetails']/..//tr[@id='monthyear2026']//tr//td] Text : ₹ 44,47,195
2021-11-28 11:48:13 INFO  explicitWait:24 - Element is  Visible : [[ChromeDriver: chrome on WINDOWS (a798ed9bd630fe00c5b97b4d3d87b5f1)] -> xpath: //tr[@class='row no-margin yearlypaymentdetails']/..//tr[@id='monthyear2026']//tr//td]
2021-11-28 11:48:13 INFO  getText:24 - Element [[ChromeDriver: chrome on WINDOWS (a798ed9bd630fe00c5b97b4d3d87b5f1)] -> xpath: //tr[@class='row no-margin yearlypaymentdetails']/..//tr[@id='monthyear2026']//tr//td] Text : 11.06%
2021-11-28 11:48:14 INFO  explicitWait:24 - Element is  Visible : [[ChromeDriver: chrome on WINDOWS (a798ed9bd630fe00c5b97b4d3d87b5f1)] -> xpath: //tr[@class='row no-margin yearlypaymentdetails']/..//tr[@id='monthyear2026']//tr//td]
2021-11-28 11:48:14 INFO  getText:24 - Element [[ChromeDriver: chrome on WINDOWS (a798ed9bd630fe00c5b97b4d3d87b5f1)] -> xpath: //tr[@class='row no-margin yearlypaymentdetails']/..//tr[@id='monthyear2026']//tr//td] Text : Mar
2021-11-28 11:48:14 INFO  explicitWait:24 - Element is  Visible : [[ChromeDriver: chrome on WINDOWS (a798ed9bd630fe00c5b97b4d3d87b5f1)] -> xpath: //tr[@class='row no-margin yearlypaymentdetails']/..//tr[@id='monthyear2026']//tr//td]
2021-11-28 11:48:14 INFO  getText:24 - Element [[ChromeDriver: chrome on WINDOWS (a798ed9bd630fe00c5b97b4d3d87b5f1)] -> xpath: //tr[@class='row no-margin yearlypaymentdetails']/..//tr[@id='monthyear2026']//tr//td] Text : ₹ 12,485
2021-11-28 11:48:14 INFO  explicitWait:24 - Element is  Visible : [[ChromeDriver: chrome on WINDOWS (a798ed9bd630fe00c5b97b4d3d87b5f1)] -> xpath: //tr[@class='row no-margin yearlypaymentdetails']/..//tr[@id='monthyear2026']//tr//td]
2021-11-28 11:48:14 INFO  getText:24 - Element [[ChromeDriver: chrome on WINDOWS (a798ed9bd630fe00c5b97b4d3d87b5f1)] -> xpath: //tr[@class='row no-margin yearlypaymentdetails']/..//tr[@id='monthyear2026']//tr//td] Text : ₹ 27,795
2021-11-28 11:48:14 INFO  explicitWait:24 - Element is  Visible : [[ChromeDriver: chrome on WINDOWS (a798ed9bd630fe00c5b97b4d3d87b5f1)] -> xpath: //tr[@class='row no-margin yearlypaymentdetails']/..//tr[@id='monthyear2026']//tr//td]
2021-11-28 11:48:14 INFO  getText:24 - Element [[ChromeDriver: chrome on WINDOWS (a798ed9bd630fe00c5b97b4d3d87b5f1)] -> xpath: //tr[@class='row no-margin yearlypaymentdetails']/..//tr[@id='monthyear2026']//tr//td] Text : ₹ 40,280
2021-11-28 11:48:14 INFO  explicitWait:24 - Element is  Visible : [[ChromeDriver: chrome on WINDOWS (a798ed9bd630fe00c5b97b4d3d87b5f1)] -> xpath: //tr[@class='row no-margin yearlypaymentdetails']/..//tr[@id='monthyear2026']//tr//td]
2021-11-28 11:48:14 INFO  getText:24 - Element [[ChromeDriver: chrome on WINDOWS (a798ed9bd630fe00c5b97b4d3d87b5f1)] -> xpath: //tr[@class='row no-margin yearlypaymentdetails']/..//tr[@id='monthyear2026']//tr//td] Text : ₹ 44,34,710
2021-11-28 11:48:14 INFO  explicitWait:24 - Element is  Visible : [[ChromeDriver: chrome on WINDOWS (a798ed9bd630fe00c5b97b4d3d87b5f1)] -> xpath: //tr[@class='row no-margin yearlypaymentdetails']/..//tr[@id='monthyear2026']//tr//td]
2021-11-28 11:48:14 INFO  getText:24 - Element [[ChromeDriver: chrome on WINDOWS (a798ed9bd630fe00c5b97b4d3d87b5f1)] -> xpath: //tr[@class='row no-margin yearlypaymentdetails']/..//tr[@id='monthyear2026']//tr//td] Text : 11.31%
2021-11-28 11:48:14 INFO  explicitWait:24 - Element is  Visible : [[ChromeDriver: chrome on WINDOWS (a798ed9bd630fe00c5b97b4d3d87b5f1)] -> xpath: //tr[@class='row no-margin yearlypaymentdetails']/..//tr[@id='monthyear2026']//tr//td]
2021-11-28 11:48:14 INFO  getText:24 - Element [[ChromeDriver: chrome on WINDOWS (a798ed9bd630fe00c5b97b4d3d87b5f1)] -> xpath: //tr[@class='row no-margin yearlypaymentdetails']/..//tr[@id='monthyear2026']//tr//td] Text : Apr
2021-11-28 11:48:14 INFO  explicitWait:24 - Element is  Visible : [[ChromeDriver: chrome on WINDOWS (a798ed9bd630fe00c5b97b4d3d87b5f1)] -> xpath: //tr[@class='row no-margin yearlypaymentdetails']/..//tr[@id='monthyear2026']//tr//td]
2021-11-28 11:48:14 INFO  getText:24 - Element [[ChromeDriver: chrome on WINDOWS (a798ed9bd630fe00c5b97b4d3d87b5f1)] -> xpath: //tr[@class='row no-margin yearlypaymentdetails']/..//tr[@id='monthyear2026']//tr//td] Text : ₹ 12,563
2021-11-28 11:48:14 INFO  explicitWait:24 - Element is  Visible : [[ChromeDriver: chrome on WINDOWS (a798ed9bd630fe00c5b97b4d3d87b5f1)] -> xpath: //tr[@class='row no-margin yearlypaymentdetails']/..//tr[@id='monthyear2026']//tr//td]
2021-11-28 11:48:14 INFO  getText:24 - Element [[ChromeDriver: chrome on WINDOWS (a798ed9bd630fe00c5b97b4d3d87b5f1)] -> xpath: //tr[@class='row no-margin yearlypaymentdetails']/..//tr[@id='monthyear2026']//tr//td] Text : ₹ 27,717
2021-11-28 11:48:14 INFO  explicitWait:24 - Element is  Visible : [[ChromeDriver: chrome on WINDOWS (a798ed9bd630fe00c5b97b4d3d87b5f1)] -> xpath: //tr[@class='row no-margin yearlypaymentdetails']/..//tr[@id='monthyear2026']//tr//td]
2021-11-28 11:48:14 INFO  getText:24 - Element [[ChromeDriver: chrome on WINDOWS (a798ed9bd630fe00c5b97b4d3d87b5f1)] -> xpath: //tr[@class='row no-margin yearlypaymentdetails']/..//tr[@id='monthyear2026']//tr//td] Text : ₹ 40,280
2021-11-28 11:48:14 INFO  explicitWait:24 - Element is  Visible : [[ChromeDriver: chrome on WINDOWS (a798ed9bd630fe00c5b97b4d3d87b5f1)] -> xpath: //tr[@class='row no-margin yearlypaymentdetails']/..//tr[@id='monthyear2026']//tr//td]
2021-11-28 11:48:14 INFO  getText:24 - Element [[ChromeDriver: chrome on WINDOWS (a798ed9bd630fe00c5b97b4d3d87b5f1)] -> xpath: //tr[@class='row no-margin yearlypaymentdetails']/..//tr[@id='monthyear2026']//tr//td] Text : ₹ 44,22,147
2021-11-28 11:48:14 INFO  explicitWait:24 - Element is  Visible : [[ChromeDriver: chrome on WINDOWS (a798ed9bd630fe00c5b97b4d3d87b5f1)] -> xpath: //tr[@class='row no-margin yearlypaymentdetails']/..//tr[@id='monthyear2026']//tr//td]
2021-11-28 11:48:14 INFO  getText:24 - Element [[ChromeDriver: chrome on WINDOWS (a798ed9bd630fe00c5b97b4d3d87b5f1)] -> xpath: //tr[@class='row no-margin yearlypaymentdetails']/..//tr[@id='monthyear2026']//tr//td] Text : 11.56%
2021-11-28 11:48:14 INFO  explicitWait:24 - Element is  Visible : [[ChromeDriver: chrome on WINDOWS (a798ed9bd630fe00c5b97b4d3d87b5f1)] -> xpath: //tr[@class='row no-margin yearlypaymentdetails']/..//tr[@id='monthyear2026']//tr//td]
2021-11-28 11:48:14 INFO  getText:24 - Element [[ChromeDriver: chrome on WINDOWS (a798ed9bd630fe00c5b97b4d3d87b5f1)] -> xpath: //tr[@class='row no-margin yearlypaymentdetails']/..//tr[@id='monthyear2026']//tr//td] Text : May
2021-11-28 11:48:14 INFO  explicitWait:24 - Element is  Visible : [[ChromeDriver: chrome on WINDOWS (a798ed9bd630fe00c5b97b4d3d87b5f1)] -> xpath: //tr[@class='row no-margin yearlypaymentdetails']/..//tr[@id='monthyear2026']//tr//td]
2021-11-28 11:48:14 INFO  getText:24 - Element [[ChromeDriver: chrome on WINDOWS (a798ed9bd630fe00c5b97b4d3d87b5f1)] -> xpath: //tr[@class='row no-margin yearlypaymentdetails']/..//tr[@id='monthyear2026']//tr//td] Text : ₹ 12,641
2021-11-28 11:48:14 INFO  explicitWait:24 - Element is  Visible : [[ChromeDriver: chrome on WINDOWS (a798ed9bd630fe00c5b97b4d3d87b5f1)] -> xpath: //tr[@class='row no-margin yearlypaymentdetails']/..//tr[@id='monthyear2026']//tr//td]
2021-11-28 11:48:14 INFO  getText:24 - Element [[ChromeDriver: chrome on WINDOWS (a798ed9bd630fe00c5b97b4d3d87b5f1)] -> xpath: //tr[@class='row no-margin yearlypaymentdetails']/..//tr[@id='monthyear2026']//tr//td] Text : ₹ 27,638
2021-11-28 11:48:14 INFO  explicitWait:24 - Element is  Visible : [[ChromeDriver: chrome on WINDOWS (a798ed9bd630fe00c5b97b4d3d87b5f1)] -> xpath: //tr[@class='row no-margin yearlypaymentdetails']/..//tr[@id='monthyear2026']//tr//td]
2021-11-28 11:48:14 INFO  getText:24 - Element [[ChromeDriver: chrome on WINDOWS (a798ed9bd630fe00c5b97b4d3d87b5f1)] -> xpath: //tr[@class='row no-margin yearlypaymentdetails']/..//tr[@id='monthyear2026']//tr//td] Text : ₹ 40,280
2021-11-28 11:48:14 INFO  explicitWait:24 - Element is  Visible : [[ChromeDriver: chrome on WINDOWS (a798ed9bd630fe00c5b97b4d3d87b5f1)] -> xpath: //tr[@class='row no-margin yearlypaymentdetails']/..//tr[@id='monthyear2026']//tr//td]
2021-11-28 11:48:14 INFO  getText:24 - Element [[ChromeDriver: chrome on WINDOWS (a798ed9bd630fe00c5b97b4d3d87b5f1)] -> xpath: //tr[@class='row no-margin yearlypaymentdetails']/..//tr[@id='monthyear2026']//tr//td] Text : ₹ 44,09,506
2021-11-28 11:48:14 INFO  explicitWait:24 - Element is  Visible : [[ChromeDriver: chrome on WINDOWS (a798ed9bd630fe00c5b97b4d3d87b5f1)] -> xpath: //tr[@class='row no-margin yearlypaymentdetails']/..//tr[@id='monthyear2026']//tr//td]
2021-11-28 11:48:14 INFO  getText:24 - Element [[ChromeDriver: chrome on WINDOWS (a798ed9bd630fe00c5b97b4d3d87b5f1)] -> xpath: //tr[@class='row no-margin yearlypaymentdetails']/..//tr[@id='monthyear2026']//tr//td] Text : 11.81%
2021-11-28 11:48:14 INFO  explicitWait:24 - Element is  Visible : [[ChromeDriver: chrome on WINDOWS (a798ed9bd630fe00c5b97b4d3d87b5f1)] -> xpath: //tr[@class='row no-margin yearlypaymentdetails']/..//tr[@id='monthyear2026']//tr//td]
2021-11-28 11:48:14 INFO  getText:24 - Element [[ChromeDriver: chrome on WINDOWS (a798ed9bd630fe00c5b97b4d3d87b5f1)] -> xpath: //tr[@class='row no-margin yearlypaymentdetails']/..//tr[@id='monthyear2026']//tr//td] Text : Jun
2021-11-28 11:48:14 INFO  explicitWait:24 - Element is  Visible : [[ChromeDriver: chrome on WINDOWS (a798ed9bd630fe00c5b97b4d3d87b5f1)] -> xpath: //tr[@class='row no-margin yearlypaymentdetails']/..//tr[@id='monthyear2026']//tr//td]
2021-11-28 11:48:14 INFO  getText:24 - Element [[ChromeDriver: chrome on WINDOWS (a798ed9bd630fe00c5b97b4d3d87b5f1)] -> xpath: //tr[@class='row no-margin yearlypaymentdetails']/..//tr[@id='monthyear2026']//tr//td] Text : ₹ 12,720
2021-11-28 11:48:14 INFO  explicitWait:24 - Element is  Visible : [[ChromeDriver: chrome on WINDOWS (a798ed9bd630fe00c5b97b4d3d87b5f1)] -> xpath: //tr[@class='row no-margin yearlypaymentdetails']/..//tr[@id='monthyear2026']//tr//td]
2021-11-28 11:48:14 INFO  getText:24 - Element [[ChromeDriver: chrome on WINDOWS (a798ed9bd630fe00c5b97b4d3d87b5f1)] -> xpath: //tr[@class='row no-margin yearlypaymentdetails']/..//tr[@id='monthyear2026']//tr//td] Text : ₹ 27,559
2021-11-28 11:48:14 INFO  explicitWait:24 - Element is  Visible : [[ChromeDriver: chrome on WINDOWS (a798ed9bd630fe00c5b97b4d3d87b5f1)] -> xpath: //tr[@class='row no-margin yearlypaymentdetails']/..//tr[@id='monthyear2026']//tr//td]
2021-11-28 11:48:14 INFO  getText:24 - Element [[ChromeDriver: chrome on WINDOWS (a798ed9bd630fe00c5b97b4d3d87b5f1)] -> xpath: //tr[@class='row no-margin yearlypaymentdetails']/..//tr[@id='monthyear2026']//tr//td] Text : ₹ 40,280
2021-11-28 11:48:14 INFO  explicitWait:24 - Element is  Visible : [[ChromeDriver: chrome on WINDOWS (a798ed9bd630fe00c5b97b4d3d87b5f1)] -> xpath: //tr[@class='row no-margin yearlypaymentdetails']/..//tr[@id='monthyear2026']//tr//td]
2021-11-28 11:48:14 INFO  getText:24 - Element [[ChromeDriver: chrome on WINDOWS (a798ed9bd630fe00c5b97b4d3d87b5f1)] -> xpath: //tr[@class='row no-margin yearlypaymentdetails']/..//tr[@id='monthyear2026']//tr//td] Text : ₹ 43,96,786
2021-11-28 11:48:14 INFO  explicitWait:24 - Element is  Visible : [[ChromeDriver: chrome on WINDOWS (a798ed9bd630fe00c5b97b4d3d87b5f1)] -> xpath: //tr[@class='row no-margin yearlypaymentdetails']/..//tr[@id='monthyear2026']//tr//td]
2021-11-28 11:48:15 INFO  getText:24 - Element [[ChromeDriver: chrome on WINDOWS (a798ed9bd630fe00c5b97b4d3d87b5f1)] -> xpath: //tr[@class='row no-margin yearlypaymentdetails']/..//tr[@id='monthyear2026']//tr//td] Text : 12.06%
2021-11-28 11:48:15 INFO  explicitWait:24 - Element is  Visible : [[ChromeDriver: chrome on WINDOWS (a798ed9bd630fe00c5b97b4d3d87b5f1)] -> xpath: //tr[@class='row no-margin yearlypaymentdetails']/..//tr[@id='monthyear2026']//tr//td]
2021-11-28 11:48:15 INFO  getText:24 - Element [[ChromeDriver: chrome on WINDOWS (a798ed9bd630fe00c5b97b4d3d87b5f1)] -> xpath: //tr[@class='row no-margin yearlypaymentdetails']/..//tr[@id='monthyear2026']//tr//td] Text : Jul
2021-11-28 11:48:15 INFO  explicitWait:24 - Element is  Visible : [[ChromeDriver: chrome on WINDOWS (a798ed9bd630fe00c5b97b4d3d87b5f1)] -> xpath: //tr[@class='row no-margin yearlypaymentdetails']/..//tr[@id='monthyear2026']//tr//td]
2021-11-28 11:48:15 INFO  getText:24 - Element [[ChromeDriver: chrome on WINDOWS (a798ed9bd630fe00c5b97b4d3d87b5f1)] -> xpath: //tr[@class='row no-margin yearlypaymentdetails']/..//tr[@id='monthyear2026']//tr//td] Text : ₹ 12,800
2021-11-28 11:48:15 INFO  explicitWait:24 - Element is  Visible : [[ChromeDriver: chrome on WINDOWS (a798ed9bd630fe00c5b97b4d3d87b5f1)] -> xpath: //tr[@class='row no-margin yearlypaymentdetails']/..//tr[@id='monthyear2026']//tr//td]
2021-11-28 11:48:15 INFO  getText:24 - Element [[ChromeDriver: chrome on WINDOWS (a798ed9bd630fe00c5b97b4d3d87b5f1)] -> xpath: //tr[@class='row no-margin yearlypaymentdetails']/..//tr[@id='monthyear2026']//tr//td] Text : ₹ 27,480
2021-11-28 11:48:15 INFO  explicitWait:24 - Element is  Visible : [[ChromeDriver: chrome on WINDOWS (a798ed9bd630fe00c5b97b4d3d87b5f1)] -> xpath: //tr[@class='row no-margin yearlypaymentdetails']/..//tr[@id='monthyear2026']//tr//td]
2021-11-28 11:48:15 INFO  getText:24 - Element [[ChromeDriver: chrome on WINDOWS (a798ed9bd630fe00c5b97b4d3d87b5f1)] -> xpath: //tr[@class='row no-margin yearlypaymentdetails']/..//tr[@id='monthyear2026']//tr//td] Text : ₹ 40,280
2021-11-28 11:48:15 INFO  explicitWait:24 - Element is  Visible : [[ChromeDriver: chrome on WINDOWS (a798ed9bd630fe00c5b97b4d3d87b5f1)] -> xpath: //tr[@class='row no-margin yearlypaymentdetails']/..//tr[@id='monthyear2026']//tr//td]
2021-11-28 11:48:15 INFO  getText:24 - Element [[ChromeDriver: chrome on WINDOWS (a798ed9bd630fe00c5b97b4d3d87b5f1)] -> xpath: //tr[@class='row no-margin yearlypaymentdetails']/..//tr[@id='monthyear2026']//tr//td] Text : ₹ 43,83,986
2021-11-28 11:48:15 INFO  explicitWait:24 - Element is  Visible : [[ChromeDriver: chrome on WINDOWS (a798ed9bd630fe00c5b97b4d3d87b5f1)] -> xpath: //tr[@class='row no-margin yearlypaymentdetails']/..//tr[@id='monthyear2026']//tr//td]
2021-11-28 11:48:15 INFO  getText:24 - Element [[ChromeDriver: chrome on WINDOWS (a798ed9bd630fe00c5b97b4d3d87b5f1)] -> xpath: //tr[@class='row no-margin yearlypaymentdetails']/..//tr[@id='monthyear2026']//tr//td] Text : 12.32%
2021-11-28 11:48:15 INFO  explicitWait:24 - Element is  Visible : [[ChromeDriver: chrome on WINDOWS (a798ed9bd630fe00c5b97b4d3d87b5f1)] -> xpath: //tr[@class='row no-margin yearlypaymentdetails']/..//tr[@id='monthyear2026']//tr//td]
2021-11-28 11:48:15 INFO  getText:24 - Element [[ChromeDriver: chrome on WINDOWS (a798ed9bd630fe00c5b97b4d3d87b5f1)] -> xpath: //tr[@class='row no-margin yearlypaymentdetails']/..//tr[@id='monthyear2026']//tr//td] Text : Aug
2021-11-28 11:48:15 INFO  explicitWait:24 - Element is  Visible : [[ChromeDriver: chrome on WINDOWS (a798ed9bd630fe00c5b97b4d3d87b5f1)] -> xpath: //tr[@class='row no-margin yearlypaymentdetails']/..//tr[@id='monthyear2026']//tr//td]
2021-11-28 11:48:15 INFO  getText:24 - Element [[ChromeDriver: chrome on WINDOWS (a798ed9bd630fe00c5b97b4d3d87b5f1)] -> xpath: //tr[@class='row no-margin yearlypaymentdetails']/..//tr[@id='monthyear2026']//tr//td] Text : ₹ 12,880
2021-11-28 11:48:15 INFO  explicitWait:24 - Element is  Visible : [[ChromeDriver: chrome on WINDOWS (a798ed9bd630fe00c5b97b4d3d87b5f1)] -> xpath: //tr[@class='row no-margin yearlypaymentdetails']/..//tr[@id='monthyear2026']//tr//td]
2021-11-28 11:48:15 INFO  getText:24 - Element [[ChromeDriver: chrome on WINDOWS (a798ed9bd630fe00c5b97b4d3d87b5f1)] -> xpath: //tr[@class='row no-margin yearlypaymentdetails']/..//tr[@id='monthyear2026']//tr//td] Text : ₹ 27,400
2021-11-28 11:48:15 INFO  explicitWait:24 - Element is  Visible : [[ChromeDriver: chrome on WINDOWS (a798ed9bd630fe00c5b97b4d3d87b5f1)] -> xpath: //tr[@class='row no-margin yearlypaymentdetails']/..//tr[@id='monthyear2026']//tr//td]
2021-11-28 11:48:15 INFO  getText:24 - Element [[ChromeDriver: chrome on WINDOWS (a798ed9bd630fe00c5b97b4d3d87b5f1)] -> xpath: //tr[@class='row no-margin yearlypaymentdetails']/..//tr[@id='monthyear2026']//tr//td] Text : ₹ 40,280
2021-11-28 11:48:15 INFO  explicitWait:24 - Element is  Visible : [[ChromeDriver: chrome on WINDOWS (a798ed9bd630fe00c5b97b4d3d87b5f1)] -> xpath: //tr[@class='row no-margin yearlypaymentdetails']/..//tr[@id='monthyear2026']//tr//td]
2021-11-28 11:48:15 INFO  getText:24 - Element [[ChromeDriver: chrome on WINDOWS (a798ed9bd630fe00c5b97b4d3d87b5f1)] -> xpath: //tr[@class='row no-margin yearlypaymentdetails']/..//tr[@id='monthyear2026']//tr//td] Text : ₹ 43,71,106
2021-11-28 11:48:15 INFO  explicitWait:24 - Element is  Visible : [[ChromeDriver: chrome on WINDOWS (a798ed9bd630fe00c5b97b4d3d87b5f1)] -> xpath: //tr[@class='row no-margin yearlypaymentdetails']/..//tr[@id='monthyear2026']//tr//td]
2021-11-28 11:48:15 INFO  getText:24 - Element [[ChromeDriver: chrome on WINDOWS (a798ed9bd630fe00c5b97b4d3d87b5f1)] -> xpath: //tr[@class='row no-margin yearlypaymentdetails']/..//tr[@id='monthyear2026']//tr//td] Text : 12.58%
2021-11-28 11:48:15 INFO  explicitWait:24 - Element is  Visible : [[ChromeDriver: chrome on WINDOWS (a798ed9bd630fe00c5b97b4d3d87b5f1)] -> xpath: //tr[@class='row no-margin yearlypaymentdetails']/..//tr[@id='monthyear2026']//tr//td]
2021-11-28 11:48:15 INFO  getText:24 - Element [[ChromeDriver: chrome on WINDOWS (a798ed9bd630fe00c5b97b4d3d87b5f1)] -> xpath: //tr[@class='row no-margin yearlypaymentdetails']/..//tr[@id='monthyear2026']//tr//td] Text : Sep
2021-11-28 11:48:15 INFO  explicitWait:24 - Element is  Visible : [[ChromeDriver: chrome on WINDOWS (a798ed9bd630fe00c5b97b4d3d87b5f1)] -> xpath: //tr[@class='row no-margin yearlypaymentdetails']/..//tr[@id='monthyear2026']//tr//td]
2021-11-28 11:48:15 INFO  getText:24 - Element [[ChromeDriver: chrome on WINDOWS (a798ed9bd630fe00c5b97b4d3d87b5f1)] -> xpath: //tr[@class='row no-margin yearlypaymentdetails']/..//tr[@id='monthyear2026']//tr//td] Text : ₹ 12,960
2021-11-28 11:48:15 INFO  explicitWait:24 - Element is  Visible : [[ChromeDriver: chrome on WINDOWS (a798ed9bd630fe00c5b97b4d3d87b5f1)] -> xpath: //tr[@class='row no-margin yearlypaymentdetails']/..//tr[@id='monthyear2026']//tr//td]
2021-11-28 11:48:15 INFO  getText:24 - Element [[ChromeDriver: chrome on WINDOWS (a798ed9bd630fe00c5b97b4d3d87b5f1)] -> xpath: //tr[@class='row no-margin yearlypaymentdetails']/..//tr[@id='monthyear2026']//tr//td] Text : ₹ 27,319
2021-11-28 11:48:15 INFO  explicitWait:24 - Element is  Visible : [[ChromeDriver: chrome on WINDOWS (a798ed9bd630fe00c5b97b4d3d87b5f1)] -> xpath: //tr[@class='row no-margin yearlypaymentdetails']/..//tr[@id='monthyear2026']//tr//td]
2021-11-28 11:48:15 INFO  getText:24 - Element [[ChromeDriver: chrome on WINDOWS (a798ed9bd630fe00c5b97b4d3d87b5f1)] -> xpath: //tr[@class='row no-margin yearlypaymentdetails']/..//tr[@id='monthyear2026']//tr//td] Text : ₹ 40,280
2021-11-28 11:48:15 INFO  explicitWait:24 - Element is  Visible : [[ChromeDriver: chrome on WINDOWS (a798ed9bd630fe00c5b97b4d3d87b5f1)] -> xpath: //tr[@class='row no-margin yearlypaymentdetails']/..//tr[@id='monthyear2026']//tr//td]
2021-11-28 11:48:15 INFO  getText:24 - Element [[ChromeDriver: chrome on WINDOWS (a798ed9bd630fe00c5b97b4d3d87b5f1)] -> xpath: //tr[@class='row no-margin yearlypaymentdetails']/..//tr[@id='monthyear2026']//tr//td] Text : ₹ 43,58,146
2021-11-28 11:48:15 INFO  explicitWait:24 - Element is  Visible : [[ChromeDriver: chrome on WINDOWS (a798ed9bd630fe00c5b97b4d3d87b5f1)] -> xpath: //tr[@class='row no-margin yearlypaymentdetails']/..//tr[@id='monthyear2026']//tr//td]
2021-11-28 11:48:15 INFO  getText:24 - Element [[ChromeDriver: chrome on WINDOWS (a798ed9bd630fe00c5b97b4d3d87b5f1)] -> xpath: //tr[@class='row no-margin yearlypaymentdetails']/..//tr[@id='monthyear2026']//tr//td] Text : 12.84%
2021-11-28 11:48:15 INFO  explicitWait:24 - Element is  Visible : [[ChromeDriver: chrome on WINDOWS (a798ed9bd630fe00c5b97b4d3d87b5f1)] -> xpath: //tr[@class='row no-margin yearlypaymentdetails']/..//tr[@id='monthyear2026']//tr//td]
2021-11-28 11:48:15 INFO  getText:24 - Element [[ChromeDriver: chrome on WINDOWS (a798ed9bd630fe00c5b97b4d3d87b5f1)] -> xpath: //tr[@class='row no-margin yearlypaymentdetails']/..//tr[@id='monthyear2026']//tr//td] Text : Oct
2021-11-28 11:48:15 INFO  explicitWait:24 - Element is  Visible : [[ChromeDriver: chrome on WINDOWS (a798ed9bd630fe00c5b97b4d3d87b5f1)] -> xpath: //tr[@class='row no-margin yearlypaymentdetails']/..//tr[@id='monthyear2026']//tr//td]
2021-11-28 11:48:15 INFO  getText:24 - Element [[ChromeDriver: chrome on WINDOWS (a798ed9bd630fe00c5b97b4d3d87b5f1)] -> xpath: //tr[@class='row no-margin yearlypaymentdetails']/..//tr[@id='monthyear2026']//tr//td] Text : ₹ 13,041
2021-11-28 11:48:15 INFO  explicitWait:24 - Element is  Visible : [[ChromeDriver: chrome on WINDOWS (a798ed9bd630fe00c5b97b4d3d87b5f1)] -> xpath: //tr[@class='row no-margin yearlypaymentdetails']/..//tr[@id='monthyear2026']//tr//td]
2021-11-28 11:48:15 INFO  getText:24 - Element [[ChromeDriver: chrome on WINDOWS (a798ed9bd630fe00c5b97b4d3d87b5f1)] -> xpath: //tr[@class='row no-margin yearlypaymentdetails']/..//tr[@id='monthyear2026']//tr//td] Text : ₹ 27,238
2021-11-28 11:48:15 INFO  explicitWait:24 - Element is  Visible : [[ChromeDriver: chrome on WINDOWS (a798ed9bd630fe00c5b97b4d3d87b5f1)] -> xpath: //tr[@class='row no-margin yearlypaymentdetails']/..//tr[@id='monthyear2026']//tr//td]
2021-11-28 11:48:15 INFO  getText:24 - Element [[ChromeDriver: chrome on WINDOWS (a798ed9bd630fe00c5b97b4d3d87b5f1)] -> xpath: //tr[@class='row no-margin yearlypaymentdetails']/..//tr[@id='monthyear2026']//tr//td] Text : ₹ 40,280
2021-11-28 11:48:15 INFO  explicitWait:24 - Element is  Visible : [[ChromeDriver: chrome on WINDOWS (a798ed9bd630fe00c5b97b4d3d87b5f1)] -> xpath: //tr[@class='row no-margin yearlypaymentdetails']/..//tr[@id='monthyear2026']//tr//td]
2021-11-28 11:48:15 INFO  getText:24 - Element [[ChromeDriver: chrome on WINDOWS (a798ed9bd630fe00c5b97b4d3d87b5f1)] -> xpath: //tr[@class='row no-margin yearlypaymentdetails']/..//tr[@id='monthyear2026']//tr//td] Text : ₹ 43,45,105
2021-11-28 11:48:16 INFO  explicitWait:24 - Element is  Visible : [[ChromeDriver: chrome on WINDOWS (a798ed9bd630fe00c5b97b4d3d87b5f1)] -> xpath: //tr[@class='row no-margin yearlypaymentdetails']/..//tr[@id='monthyear2026']//tr//td]
2021-11-28 11:48:16 INFO  getText:24 - Element [[ChromeDriver: chrome on WINDOWS (a798ed9bd630fe00c5b97b4d3d87b5f1)] -> xpath: //tr[@class='row no-margin yearlypaymentdetails']/..//tr[@id='monthyear2026']//tr//td] Text : 13.10%
2021-11-28 11:48:16 INFO  explicitWait:24 - Element is  Visible : [[ChromeDriver: chrome on WINDOWS (a798ed9bd630fe00c5b97b4d3d87b5f1)] -> xpath: //tr[@class='row no-margin yearlypaymentdetails']/..//tr[@id='monthyear2026']//tr//td]
2021-11-28 11:48:16 INFO  getText:24 - Element [[ChromeDriver: chrome on WINDOWS (a798ed9bd630fe00c5b97b4d3d87b5f1)] -> xpath: //tr[@class='row no-margin yearlypaymentdetails']/..//tr[@id='monthyear2026']//tr//td] Text : Nov
2021-11-28 11:48:16 INFO  explicitWait:24 - Element is  Visible : [[ChromeDriver: chrome on WINDOWS (a798ed9bd630fe00c5b97b4d3d87b5f1)] -> xpath: //tr[@class='row no-margin yearlypaymentdetails']/..//tr[@id='monthyear2026']//tr//td]
2021-11-28 11:48:16 INFO  getText:24 - Element [[ChromeDriver: chrome on WINDOWS (a798ed9bd630fe00c5b97b4d3d87b5f1)] -> xpath: //tr[@class='row no-margin yearlypaymentdetails']/..//tr[@id='monthyear2026']//tr//td] Text : ₹ 13,123
2021-11-28 11:48:16 INFO  explicitWait:24 - Element is  Visible : [[ChromeDriver: chrome on WINDOWS (a798ed9bd630fe00c5b97b4d3d87b5f1)] -> xpath: //tr[@class='row no-margin yearlypaymentdetails']/..//tr[@id='monthyear2026']//tr//td]
2021-11-28 11:48:16 INFO  getText:24 - Element [[ChromeDriver: chrome on WINDOWS (a798ed9bd630fe00c5b97b4d3d87b5f1)] -> xpath: //tr[@class='row no-margin yearlypaymentdetails']/..//tr[@id='monthyear2026']//tr//td] Text : ₹ 27,157
2021-11-28 11:48:16 INFO  explicitWait:24 - Element is  Visible : [[ChromeDriver: chrome on WINDOWS (a798ed9bd630fe00c5b97b4d3d87b5f1)] -> xpath: //tr[@class='row no-margin yearlypaymentdetails']/..//tr[@id='monthyear2026']//tr//td]
2021-11-28 11:48:16 INFO  getText:24 - Element [[ChromeDriver: chrome on WINDOWS (a798ed9bd630fe00c5b97b4d3d87b5f1)] -> xpath: //tr[@class='row no-margin yearlypaymentdetails']/..//tr[@id='monthyear2026']//tr//td] Text : ₹ 40,280
2021-11-28 11:48:16 INFO  explicitWait:24 - Element is  Visible : [[ChromeDriver: chrome on WINDOWS (a798ed9bd630fe00c5b97b4d3d87b5f1)] -> xpath: //tr[@class='row no-margin yearlypaymentdetails']/..//tr[@id='monthyear2026']//tr//td]
2021-11-28 11:48:16 INFO  getText:24 - Element [[ChromeDriver: chrome on WINDOWS (a798ed9bd630fe00c5b97b4d3d87b5f1)] -> xpath: //tr[@class='row no-margin yearlypaymentdetails']/..//tr[@id='monthyear2026']//tr//td] Text : ₹ 43,31,982
2021-11-28 11:48:16 INFO  explicitWait:24 - Element is  Visible : [[ChromeDriver: chrome on WINDOWS (a798ed9bd630fe00c5b97b4d3d87b5f1)] -> xpath: //tr[@class='row no-margin yearlypaymentdetails']/..//tr[@id='monthyear2026']//tr//td]
2021-11-28 11:48:16 INFO  getText:24 - Element [[ChromeDriver: chrome on WINDOWS (a798ed9bd630fe00c5b97b4d3d87b5f1)] -> xpath: //tr[@class='row no-margin yearlypaymentdetails']/..//tr[@id='monthyear2026']//tr//td] Text : 13.36%
2021-11-28 11:48:16 INFO  explicitWait:24 - Element is  Visible : [[ChromeDriver: chrome on WINDOWS (a798ed9bd630fe00c5b97b4d3d87b5f1)] -> xpath: //tr[@class='row no-margin yearlypaymentdetails']/..//tr[@id='monthyear2026']//tr//td]
2021-11-28 11:48:16 INFO  getText:24 - Element [[ChromeDriver: chrome on WINDOWS (a798ed9bd630fe00c5b97b4d3d87b5f1)] -> xpath: //tr[@class='row no-margin yearlypaymentdetails']/..//tr[@id='monthyear2026']//tr//td] Text : Dec
2021-11-28 11:48:16 INFO  explicitWait:24 - Element is  Visible : [[ChromeDriver: chrome on WINDOWS (a798ed9bd630fe00c5b97b4d3d87b5f1)] -> xpath: //tr[@class='row no-margin yearlypaymentdetails']/..//tr[@id='monthyear2026']//tr//td]
2021-11-28 11:48:16 INFO  getText:24 - Element [[ChromeDriver: chrome on WINDOWS (a798ed9bd630fe00c5b97b4d3d87b5f1)] -> xpath: //tr[@class='row no-margin yearlypaymentdetails']/..//tr[@id='monthyear2026']//tr//td] Text : ₹ 13,205
2021-11-28 11:48:16 INFO  explicitWait:24 - Element is  Visible : [[ChromeDriver: chrome on WINDOWS (a798ed9bd630fe00c5b97b4d3d87b5f1)] -> xpath: //tr[@class='row no-margin yearlypaymentdetails']/..//tr[@id='monthyear2026']//tr//td]
2021-11-28 11:48:16 INFO  getText:24 - Element [[ChromeDriver: chrome on WINDOWS (a798ed9bd630fe00c5b97b4d3d87b5f1)] -> xpath: //tr[@class='row no-margin yearlypaymentdetails']/..//tr[@id='monthyear2026']//tr//td] Text : ₹ 27,075
2021-11-28 11:48:16 INFO  explicitWait:24 - Element is  Visible : [[ChromeDriver: chrome on WINDOWS (a798ed9bd630fe00c5b97b4d3d87b5f1)] -> xpath: //tr[@class='row no-margin yearlypaymentdetails']/..//tr[@id='monthyear2026']//tr//td]
2021-11-28 11:48:16 INFO  getText:24 - Element [[ChromeDriver: chrome on WINDOWS (a798ed9bd630fe00c5b97b4d3d87b5f1)] -> xpath: //tr[@class='row no-margin yearlypaymentdetails']/..//tr[@id='monthyear2026']//tr//td] Text : ₹ 40,280
2021-11-28 11:48:16 INFO  explicitWait:24 - Element is  Visible : [[ChromeDriver: chrome on WINDOWS (a798ed9bd630fe00c5b97b4d3d87b5f1)] -> xpath: //tr[@class='row no-margin yearlypaymentdetails']/..//tr[@id='monthyear2026']//tr//td]
2021-11-28 11:48:16 INFO  getText:24 - Element [[ChromeDriver: chrome on WINDOWS (a798ed9bd630fe00c5b97b4d3d87b5f1)] -> xpath: //tr[@class='row no-margin yearlypaymentdetails']/..//tr[@id='monthyear2026']//tr//td] Text : ₹ 43,18,777
2021-11-28 11:48:16 INFO  explicitWait:24 - Element is  Visible : [[ChromeDriver: chrome on WINDOWS (a798ed9bd630fe00c5b97b4d3d87b5f1)] -> xpath: //tr[@class='row no-margin yearlypaymentdetails']/..//tr[@id='monthyear2026']//tr//td]
2021-11-28 11:48:16 INFO  getText:24 - Element [[ChromeDriver: chrome on WINDOWS (a798ed9bd630fe00c5b97b4d3d87b5f1)] -> xpath: //tr[@class='row no-margin yearlypaymentdetails']/..//tr[@id='monthyear2026']//tr//td] Text : 13.62%
2021-11-28 11:48:23 INFO  teardown:52 - ********************************************Falied Scenarios :*************************************
2021-11-28 11:48:23 INFO  teardown:52 - ********************************************FeatureName---> file:///C:/AutomationWorkspace/Com.Test1/src/test/resources/Features/SVGHandling.feature:4 ScenarioName--->Svg - Functionality Testing*************************************
2021-11-28 11:48:23 INFO  teardown:52 - ********************************************Suite Execution Ended*************************************
2021-11-28 11:49:32 INFO  setup:61 - ********************************************Scenario Execution Started :Svg - Functionality Testing*************************************
2021-11-28 11:49:35 INFO  ReadDataFromExcelPutItInMap:24 - TestData_System.xlsx File Found and Accessed
2021-11-28 11:49:35 INFO  ReadDataFromExcelPutItInMap:24 - TestData_System.xlsx Workbook Closed Successfully
2021-11-28 11:49:54 INFO  explicitWait:24 - Element is  Visible : [[ChromeDriver: chrome on WINDOWS (a72387bd727856f46fe8d561eb811ee3)] -> xpath: //input[@id='startmonthyear']]
2021-11-28 11:49:57 INFO  explicitWait:24 - Element is  Visible : [[ChromeDriver: chrome on WINDOWS (a72387bd727856f46fe8d561eb811ee3)] -> xpath: //input[@title='Search']]
2021-11-28 11:50:23 INFO  printAllTheValuesFromListWebelement:24 - List of WebElements Size :0
2021-11-28 11:50:30 INFO  TakeParticularElementScreenShot:24 - Google1 ScrenShot Taken and Saved in the Path: C:\AutomationWorkspace\Com.Test1\ParticularElementScreenshot\Google1.png
2021-11-28 11:50:31 INFO  TakeParticularElementScreenShot:24 - Google2 ScrenShot Taken and Saved in the Path: C:\AutomationWorkspace\Com.Test1\ParticularElementScreenshot\Google2.png
2021-11-28 11:50:31 INFO  setup:61 - ********************************************Scenario Execution Started :Svg - Functionality Testing for Webpage*************************************
2021-11-28 11:50:31 INFO  ReadDataFromExcelPutItInMap:24 - TestData_System.xlsx File Found and Accessed
2021-11-28 11:50:31 INFO  ReadDataFromExcelPutItInMap:24 - TestData_System.xlsx Workbook Closed Successfully
2021-11-28 11:50:39 INFO  explicitWait:24 - Element is  Visible : [[ChromeDriver: chrome on WINDOWS (ea20504cc188c8cc2f408a2d36ecd612)] -> xpath: //tr[@class='row no-margin yearlypaymentdetails']//td[@id='year2026']]
2021-11-28 11:50:39 INFO  explicitWait:24 - Element is  Visible : [[ChromeDriver: chrome on WINDOWS (ea20504cc188c8cc2f408a2d36ecd612)] -> xpath: //tr[@class='row no-margin yearlypaymentdetails']//td[@id='year2026']]
2021-11-28 11:50:39 INFO  getText:24 - Element [[ChromeDriver: chrome on WINDOWS (ea20504cc188c8cc2f408a2d36ecd612)] -> xpath: //tr[@class='row no-margin yearlypaymentdetails']//td[@id='year2026']] Text : 2026
2021-11-28 11:50:39 INFO  explicitWait:24 - Element is  Visible : [[ChromeDriver: chrome on WINDOWS (ea20504cc188c8cc2f408a2d36ecd612)] -> xpath: //tr[@class='row no-margin yearlypaymentdetails']//td[@id='year2026']//following-sibling::td]
2021-11-28 11:50:39 INFO  getText:24 - Element [[ChromeDriver: chrome on WINDOWS (ea20504cc188c8cc2f408a2d36ecd612)] -> xpath: //tr[@class='row no-margin yearlypaymentdetails']//td[@id='year2026']//following-sibling::td] Text : ₹ 1,53,155
2021-11-28 11:50:40 INFO  explicitWait:24 - Element is  Visible : [[ChromeDriver: chrome on WINDOWS (ea20504cc188c8cc2f408a2d36ecd612)] -> xpath: //tr[@class='row no-margin yearlypaymentdetails']//td[@id='year2026']//following-sibling::td]
2021-11-28 11:50:40 INFO  getText:24 - Element [[ChromeDriver: chrome on WINDOWS (ea20504cc188c8cc2f408a2d36ecd612)] -> xpath: //tr[@class='row no-margin yearlypaymentdetails']//td[@id='year2026']//following-sibling::td] Text : ₹ 3,30,201
2021-11-28 11:50:41 INFO  explicitWait:24 - Element is  Visible : [[ChromeDriver: chrome on WINDOWS (ea20504cc188c8cc2f408a2d36ecd612)] -> xpath: //tr[@class='row no-margin yearlypaymentdetails']//td[@id='year2026']//following-sibling::td]
2021-11-28 11:50:41 INFO  getText:24 - Element [[ChromeDriver: chrome on WINDOWS (ea20504cc188c8cc2f408a2d36ecd612)] -> xpath: //tr[@class='row no-margin yearlypaymentdetails']//td[@id='year2026']//following-sibling::td] Text : ₹ 4,83,356
2021-11-28 11:50:41 INFO  explicitWait:24 - Element is  Visible : [[ChromeDriver: chrome on WINDOWS (ea20504cc188c8cc2f408a2d36ecd612)] -> xpath: //tr[@class='row no-margin yearlypaymentdetails']//td[@id='year2026']//following-sibling::td]
2021-11-28 11:50:41 INFO  getText:24 - Element [[ChromeDriver: chrome on WINDOWS (ea20504cc188c8cc2f408a2d36ecd612)] -> xpath: //tr[@class='row no-margin yearlypaymentdetails']//td[@id='year2026']//following-sibling::td] Text : ₹ 43,18,777
2021-11-28 11:50:41 INFO  explicitWait:24 - Element is  Visible : [[ChromeDriver: chrome on WINDOWS (ea20504cc188c8cc2f408a2d36ecd612)] -> xpath: //tr[@class='row no-margin yearlypaymentdetails']//td[@id='year2026']//following-sibling::td]
2021-11-28 11:50:42 INFO  getText:24 - Element [[ChromeDriver: chrome on WINDOWS (ea20504cc188c8cc2f408a2d36ecd612)] -> xpath: //tr[@class='row no-margin yearlypaymentdetails']//td[@id='year2026']//following-sibling::td] Text : 13.62%
2021-11-28 11:50:42 INFO  Click:24 - Element Found and Clicked : [[ChromeDriver: chrome on WINDOWS (ea20504cc188c8cc2f408a2d36ecd612)] -> xpath: //tr[@class='row no-margin yearlypaymentdetails']//td[@id='year2026']]
2021-11-28 11:50:44 INFO  explicitWait:24 - Element is  Visible : [[ChromeDriver: chrome on WINDOWS (ea20504cc188c8cc2f408a2d36ecd612)] -> xpath: //tr[@class='row no-margin yearlypaymentdetails']/..//tr[@id='monthyear2026']//tr//td]
2021-11-28 11:50:44 INFO  getText:24 - Element [[ChromeDriver: chrome on WINDOWS (ea20504cc188c8cc2f408a2d36ecd612)] -> xpath: //tr[@class='row no-margin yearlypaymentdetails']/..//tr[@id='monthyear2026']//tr//td] Text : Jan
2021-11-28 11:50:44 INFO  explicitWait:24 - Element is  Visible : [[ChromeDriver: chrome on WINDOWS (ea20504cc188c8cc2f408a2d36ecd612)] -> xpath: //tr[@class='row no-margin yearlypaymentdetails']/..//tr[@id='monthyear2026']//tr//td]
2021-11-28 11:50:44 INFO  getText:24 - Element [[ChromeDriver: chrome on WINDOWS (ea20504cc188c8cc2f408a2d36ecd612)] -> xpath: //tr[@class='row no-margin yearlypaymentdetails']/..//tr[@id='monthyear2026']//tr//td] Text : ₹ 12,330
2021-11-28 11:50:44 INFO  explicitWait:24 - Element is  Visible : [[ChromeDriver: chrome on WINDOWS (ea20504cc188c8cc2f408a2d36ecd612)] -> xpath: //tr[@class='row no-margin yearlypaymentdetails']/..//tr[@id='monthyear2026']//tr//td]
2021-11-28 11:50:44 INFO  getText:24 - Element [[ChromeDriver: chrome on WINDOWS (ea20504cc188c8cc2f408a2d36ecd612)] -> xpath: //tr[@class='row no-margin yearlypaymentdetails']/..//tr[@id='monthyear2026']//tr//td] Text : ₹ 27,950
2021-11-28 11:50:44 INFO  explicitWait:24 - Element is  Visible : [[ChromeDriver: chrome on WINDOWS (ea20504cc188c8cc2f408a2d36ecd612)] -> xpath: //tr[@class='row no-margin yearlypaymentdetails']/..//tr[@id='monthyear2026']//tr//td]
2021-11-28 11:50:44 INFO  getText:24 - Element [[ChromeDriver: chrome on WINDOWS (ea20504cc188c8cc2f408a2d36ecd612)] -> xpath: //tr[@class='row no-margin yearlypaymentdetails']/..//tr[@id='monthyear2026']//tr//td] Text : ₹ 40,280
2021-11-28 11:50:44 INFO  explicitWait:24 - Element is  Visible : [[ChromeDriver: chrome on WINDOWS (ea20504cc188c8cc2f408a2d36ecd612)] -> xpath: //tr[@class='row no-margin yearlypaymentdetails']/..//tr[@id='monthyear2026']//tr//td]
2021-11-28 11:50:44 INFO  getText:24 - Element [[ChromeDriver: chrome on WINDOWS (ea20504cc188c8cc2f408a2d36ecd612)] -> xpath: //tr[@class='row no-margin yearlypaymentdetails']/..//tr[@id='monthyear2026']//tr//td] Text : ₹ 44,59,602
2021-11-28 11:50:45 INFO  explicitWait:24 - Element is  Visible : [[ChromeDriver: chrome on WINDOWS (ea20504cc188c8cc2f408a2d36ecd612)] -> xpath: //tr[@class='row no-margin yearlypaymentdetails']/..//tr[@id='monthyear2026']//tr//td]
2021-11-28 11:50:45 INFO  getText:24 - Element [[ChromeDriver: chrome on WINDOWS (ea20504cc188c8cc2f408a2d36ecd612)] -> xpath: //tr[@class='row no-margin yearlypaymentdetails']/..//tr[@id='monthyear2026']//tr//td] Text : 10.81%
2021-11-28 11:50:45 INFO  explicitWait:24 - Element is  Visible : [[ChromeDriver: chrome on WINDOWS (ea20504cc188c8cc2f408a2d36ecd612)] -> xpath: //tr[@class='row no-margin yearlypaymentdetails']/..//tr[@id='monthyear2026']//tr//td]
2021-11-28 11:50:45 INFO  getText:24 - Element [[ChromeDriver: chrome on WINDOWS (ea20504cc188c8cc2f408a2d36ecd612)] -> xpath: //tr[@class='row no-margin yearlypaymentdetails']/..//tr[@id='monthyear2026']//tr//td] Text : Feb
2021-11-28 11:50:45 INFO  explicitWait:24 - Element is  Visible : [[ChromeDriver: chrome on WINDOWS (ea20504cc188c8cc2f408a2d36ecd612)] -> xpath: //tr[@class='row no-margin yearlypaymentdetails']/..//tr[@id='monthyear2026']//tr//td]
2021-11-28 11:50:45 INFO  getText:24 - Element [[ChromeDriver: chrome on WINDOWS (ea20504cc188c8cc2f408a2d36ecd612)] -> xpath: //tr[@class='row no-margin yearlypaymentdetails']/..//tr[@id='monthyear2026']//tr//td] Text : ₹ 12,407
2021-11-28 11:50:45 INFO  explicitWait:24 - Element is  Visible : [[ChromeDriver: chrome on WINDOWS (ea20504cc188c8cc2f408a2d36ecd612)] -> xpath: //tr[@class='row no-margin yearlypaymentdetails']/..//tr[@id='monthyear2026']//tr//td]
2021-11-28 11:50:45 INFO  getText:24 - Element [[ChromeDriver: chrome on WINDOWS (ea20504cc188c8cc2f408a2d36ecd612)] -> xpath: //tr[@class='row no-margin yearlypaymentdetails']/..//tr[@id='monthyear2026']//tr//td] Text : ₹ 27,873
2021-11-28 11:50:45 INFO  explicitWait:24 - Element is  Visible : [[ChromeDriver: chrome on WINDOWS (ea20504cc188c8cc2f408a2d36ecd612)] -> xpath: //tr[@class='row no-margin yearlypaymentdetails']/..//tr[@id='monthyear2026']//tr//td]
2021-11-28 11:50:45 INFO  getText:24 - Element [[ChromeDriver: chrome on WINDOWS (ea20504cc188c8cc2f408a2d36ecd612)] -> xpath: //tr[@class='row no-margin yearlypaymentdetails']/..//tr[@id='monthyear2026']//tr//td] Text : ₹ 40,280
2021-11-28 11:50:45 INFO  explicitWait:24 - Element is  Visible : [[ChromeDriver: chrome on WINDOWS (ea20504cc188c8cc2f408a2d36ecd612)] -> xpath: //tr[@class='row no-margin yearlypaymentdetails']/..//tr[@id='monthyear2026']//tr//td]
2021-11-28 11:50:45 INFO  getText:24 - Element [[ChromeDriver: chrome on WINDOWS (ea20504cc188c8cc2f408a2d36ecd612)] -> xpath: //tr[@class='row no-margin yearlypaymentdetails']/..//tr[@id='monthyear2026']//tr//td] Text : ₹ 44,47,195
2021-11-28 11:50:45 INFO  explicitWait:24 - Element is  Visible : [[ChromeDriver: chrome on WINDOWS (ea20504cc188c8cc2f408a2d36ecd612)] -> xpath: //tr[@class='row no-margin yearlypaymentdetails']/..//tr[@id='monthyear2026']//tr//td]
2021-11-28 11:50:45 INFO  getText:24 - Element [[ChromeDriver: chrome on WINDOWS (ea20504cc188c8cc2f408a2d36ecd612)] -> xpath: //tr[@class='row no-margin yearlypaymentdetails']/..//tr[@id='monthyear2026']//tr//td] Text : 11.06%
2021-11-28 11:50:45 INFO  explicitWait:24 - Element is  Visible : [[ChromeDriver: chrome on WINDOWS (ea20504cc188c8cc2f408a2d36ecd612)] -> xpath: //tr[@class='row no-margin yearlypaymentdetails']/..//tr[@id='monthyear2026']//tr//td]
2021-11-28 11:50:45 INFO  getText:24 - Element [[ChromeDriver: chrome on WINDOWS (ea20504cc188c8cc2f408a2d36ecd612)] -> xpath: //tr[@class='row no-margin yearlypaymentdetails']/..//tr[@id='monthyear2026']//tr//td] Text : Mar
2021-11-28 11:50:45 INFO  explicitWait:24 - Element is  Visible : [[ChromeDriver: chrome on WINDOWS (ea20504cc188c8cc2f408a2d36ecd612)] -> xpath: //tr[@class='row no-margin yearlypaymentdetails']/..//tr[@id='monthyear2026']//tr//td]
2021-11-28 11:50:45 INFO  getText:24 - Element [[ChromeDriver: chrome on WINDOWS (ea20504cc188c8cc2f408a2d36ecd612)] -> xpath: //tr[@class='row no-margin yearlypaymentdetails']/..//tr[@id='monthyear2026']//tr//td] Text : ₹ 12,485
2021-11-28 11:50:45 INFO  explicitWait:24 - Element is  Visible : [[ChromeDriver: chrome on WINDOWS (ea20504cc188c8cc2f408a2d36ecd612)] -> xpath: //tr[@class='row no-margin yearlypaymentdetails']/..//tr[@id='monthyear2026']//tr//td]
2021-11-28 11:50:45 INFO  getText:24 - Element [[ChromeDriver: chrome on WINDOWS (ea20504cc188c8cc2f408a2d36ecd612)] -> xpath: //tr[@class='row no-margin yearlypaymentdetails']/..//tr[@id='monthyear2026']//tr//td] Text : ₹ 27,795
2021-11-28 11:50:45 INFO  explicitWait:24 - Element is  Visible : [[ChromeDriver: chrome on WINDOWS (ea20504cc188c8cc2f408a2d36ecd612)] -> xpath: //tr[@class='row no-margin yearlypaymentdetails']/..//tr[@id='monthyear2026']//tr//td]
2021-11-28 11:50:45 INFO  getText:24 - Element [[ChromeDriver: chrome on WINDOWS (ea20504cc188c8cc2f408a2d36ecd612)] -> xpath: //tr[@class='row no-margin yearlypaymentdetails']/..//tr[@id='monthyear2026']//tr//td] Text : ₹ 40,280
2021-11-28 11:50:45 INFO  explicitWait:24 - Element is  Visible : [[ChromeDriver: chrome on WINDOWS (ea20504cc188c8cc2f408a2d36ecd612)] -> xpath: //tr[@class='row no-margin yearlypaymentdetails']/..//tr[@id='monthyear2026']//tr//td]
2021-11-28 11:50:45 INFO  getText:24 - Element [[ChromeDriver: chrome on WINDOWS (ea20504cc188c8cc2f408a2d36ecd612)] -> xpath: //tr[@class='row no-margin yearlypaymentdetails']/..//tr[@id='monthyear2026']//tr//td] Text : ₹ 44,34,710
2021-11-28 11:50:45 INFO  explicitWait:24 - Element is  Visible : [[ChromeDriver: chrome on WINDOWS (ea20504cc188c8cc2f408a2d36ecd612)] -> xpath: //tr[@class='row no-margin yearlypaymentdetails']/..//tr[@id='monthyear2026']//tr//td]
2021-11-28 11:50:45 INFO  getText:24 - Element [[ChromeDriver: chrome on WINDOWS (ea20504cc188c8cc2f408a2d36ecd612)] -> xpath: //tr[@class='row no-margin yearlypaymentdetails']/..//tr[@id='monthyear2026']//tr//td] Text : 11.31%
2021-11-28 11:50:45 INFO  explicitWait:24 - Element is  Visible : [[ChromeDriver: chrome on WINDOWS (ea20504cc188c8cc2f408a2d36ecd612)] -> xpath: //tr[@class='row no-margin yearlypaymentdetails']/..//tr[@id='monthyear2026']//tr//td]
2021-11-28 11:50:45 INFO  getText:24 - Element [[ChromeDriver: chrome on WINDOWS (ea20504cc188c8cc2f408a2d36ecd612)] -> xpath: //tr[@class='row no-margin yearlypaymentdetails']/..//tr[@id='monthyear2026']//tr//td] Text : Apr
2021-11-28 11:50:45 INFO  explicitWait:24 - Element is  Visible : [[ChromeDriver: chrome on WINDOWS (ea20504cc188c8cc2f408a2d36ecd612)] -> xpath: //tr[@class='row no-margin yearlypaymentdetails']/..//tr[@id='monthyear2026']//tr//td]
2021-11-28 11:50:45 INFO  getText:24 - Element [[ChromeDriver: chrome on WINDOWS (ea20504cc188c8cc2f408a2d36ecd612)] -> xpath: //tr[@class='row no-margin yearlypaymentdetails']/..//tr[@id='monthyear2026']//tr//td] Text : ₹ 12,563
2021-11-28 11:50:45 INFO  explicitWait:24 - Element is  Visible : [[ChromeDriver: chrome on WINDOWS (ea20504cc188c8cc2f408a2d36ecd612)] -> xpath: //tr[@class='row no-margin yearlypaymentdetails']/..//tr[@id='monthyear2026']//tr//td]
2021-11-28 11:50:45 INFO  getText:24 - Element [[ChromeDriver: chrome on WINDOWS (ea20504cc188c8cc2f408a2d36ecd612)] -> xpath: //tr[@class='row no-margin yearlypaymentdetails']/..//tr[@id='monthyear2026']//tr//td] Text : ₹ 27,717
2021-11-28 11:50:46 INFO  explicitWait:24 - Element is  Visible : [[ChromeDriver: chrome on WINDOWS (ea20504cc188c8cc2f408a2d36ecd612)] -> xpath: //tr[@class='row no-margin yearlypaymentdetails']/..//tr[@id='monthyear2026']//tr//td]
2021-11-28 11:50:46 INFO  getText:24 - Element [[ChromeDriver: chrome on WINDOWS (ea20504cc188c8cc2f408a2d36ecd612)] -> xpath: //tr[@class='row no-margin yearlypaymentdetails']/..//tr[@id='monthyear2026']//tr//td] Text : ₹ 40,280
2021-11-28 11:50:46 INFO  explicitWait:24 - Element is  Visible : [[ChromeDriver: chrome on WINDOWS (ea20504cc188c8cc2f408a2d36ecd612)] -> xpath: //tr[@class='row no-margin yearlypaymentdetails']/..//tr[@id='monthyear2026']//tr//td]
2021-11-28 11:50:46 INFO  getText:24 - Element [[ChromeDriver: chrome on WINDOWS (ea20504cc188c8cc2f408a2d36ecd612)] -> xpath: //tr[@class='row no-margin yearlypaymentdetails']/..//tr[@id='monthyear2026']//tr//td] Text : ₹ 44,22,147
2021-11-28 11:50:46 INFO  explicitWait:24 - Element is  Visible : [[ChromeDriver: chrome on WINDOWS (ea20504cc188c8cc2f408a2d36ecd612)] -> xpath: //tr[@class='row no-margin yearlypaymentdetails']/..//tr[@id='monthyear2026']//tr//td]
2021-11-28 11:50:46 INFO  getText:24 - Element [[ChromeDriver: chrome on WINDOWS (ea20504cc188c8cc2f408a2d36ecd612)] -> xpath: //tr[@class='row no-margin yearlypaymentdetails']/..//tr[@id='monthyear2026']//tr//td] Text : 11.56%
2021-11-28 11:50:46 INFO  explicitWait:24 - Element is  Visible : [[ChromeDriver: chrome on WINDOWS (ea20504cc188c8cc2f408a2d36ecd612)] -> xpath: //tr[@class='row no-margin yearlypaymentdetails']/..//tr[@id='monthyear2026']//tr//td]
2021-11-28 11:50:46 INFO  getText:24 - Element [[ChromeDriver: chrome on WINDOWS (ea20504cc188c8cc2f408a2d36ecd612)] -> xpath: //tr[@class='row no-margin yearlypaymentdetails']/..//tr[@id='monthyear2026']//tr//td] Text : May
2021-11-28 11:50:46 INFO  explicitWait:24 - Element is  Visible : [[ChromeDriver: chrome on WINDOWS (ea20504cc188c8cc2f408a2d36ecd612)] -> xpath: //tr[@class='row no-margin yearlypaymentdetails']/..//tr[@id='monthyear2026']//tr//td]
2021-11-28 11:50:46 INFO  getText:24 - Element [[ChromeDriver: chrome on WINDOWS (ea20504cc188c8cc2f408a2d36ecd612)] -> xpath: //tr[@class='row no-margin yearlypaymentdetails']/..//tr[@id='monthyear2026']//tr//td] Text : ₹ 12,641
2021-11-28 11:50:46 INFO  explicitWait:24 - Element is  Visible : [[ChromeDriver: chrome on WINDOWS (ea20504cc188c8cc2f408a2d36ecd612)] -> xpath: //tr[@class='row no-margin yearlypaymentdetails']/..//tr[@id='monthyear2026']//tr//td]
2021-11-28 11:50:46 INFO  getText:24 - Element [[ChromeDriver: chrome on WINDOWS (ea20504cc188c8cc2f408a2d36ecd612)] -> xpath: //tr[@class='row no-margin yearlypaymentdetails']/..//tr[@id='monthyear2026']//tr//td] Text : ₹ 27,638
2021-11-28 11:50:46 INFO  explicitWait:24 - Element is  Visible : [[ChromeDriver: chrome on WINDOWS (ea20504cc188c8cc2f408a2d36ecd612)] -> xpath: //tr[@class='row no-margin yearlypaymentdetails']/..//tr[@id='monthyear2026']//tr//td]
2021-11-28 11:50:46 INFO  getText:24 - Element [[ChromeDriver: chrome on WINDOWS (ea20504cc188c8cc2f408a2d36ecd612)] -> xpath: //tr[@class='row no-margin yearlypaymentdetails']/..//tr[@id='monthyear2026']//tr//td] Text : ₹ 40,280
2021-11-28 11:50:46 INFO  explicitWait:24 - Element is  Visible : [[ChromeDriver: chrome on WINDOWS (ea20504cc188c8cc2f408a2d36ecd612)] -> xpath: //tr[@class='row no-margin yearlypaymentdetails']/..//tr[@id='monthyear2026']//tr//td]
2021-11-28 11:50:46 INFO  getText:24 - Element [[ChromeDriver: chrome on WINDOWS (ea20504cc188c8cc2f408a2d36ecd612)] -> xpath: //tr[@class='row no-margin yearlypaymentdetails']/..//tr[@id='monthyear2026']//tr//td] Text : ₹ 44,09,506
2021-11-28 11:50:46 INFO  explicitWait:24 - Element is  Visible : [[ChromeDriver: chrome on WINDOWS (ea20504cc188c8cc2f408a2d36ecd612)] -> xpath: //tr[@class='row no-margin yearlypaymentdetails']/..//tr[@id='monthyear2026']//tr//td]
2021-11-28 11:50:46 INFO  getText:24 - Element [[ChromeDriver: chrome on WINDOWS (ea20504cc188c8cc2f408a2d36ecd612)] -> xpath: //tr[@class='row no-margin yearlypaymentdetails']/..//tr[@id='monthyear2026']//tr//td] Text : 11.81%
2021-11-28 11:50:46 INFO  explicitWait:24 - Element is  Visible : [[ChromeDriver: chrome on WINDOWS (ea20504cc188c8cc2f408a2d36ecd612)] -> xpath: //tr[@class='row no-margin yearlypaymentdetails']/..//tr[@id='monthyear2026']//tr//td]
2021-11-28 11:50:46 INFO  getText:24 - Element [[ChromeDriver: chrome on WINDOWS (ea20504cc188c8cc2f408a2d36ecd612)] -> xpath: //tr[@class='row no-margin yearlypaymentdetails']/..//tr[@id='monthyear2026']//tr//td] Text : Jun
2021-11-28 11:50:46 INFO  explicitWait:24 - Element is  Visible : [[ChromeDriver: chrome on WINDOWS (ea20504cc188c8cc2f408a2d36ecd612)] -> xpath: //tr[@class='row no-margin yearlypaymentdetails']/..//tr[@id='monthyear2026']//tr//td]
2021-11-28 11:50:46 INFO  getText:24 - Element [[ChromeDriver: chrome on WINDOWS (ea20504cc188c8cc2f408a2d36ecd612)] -> xpath: //tr[@class='row no-margin yearlypaymentdetails']/..//tr[@id='monthyear2026']//tr//td] Text : ₹ 12,720
2021-11-28 11:50:46 INFO  explicitWait:24 - Element is  Visible : [[ChromeDriver: chrome on WINDOWS (ea20504cc188c8cc2f408a2d36ecd612)] -> xpath: //tr[@class='row no-margin yearlypaymentdetails']/..//tr[@id='monthyear2026']//tr//td]
2021-11-28 11:50:46 INFO  getText:24 - Element [[ChromeDriver: chrome on WINDOWS (ea20504cc188c8cc2f408a2d36ecd612)] -> xpath: //tr[@class='row no-margin yearlypaymentdetails']/..//tr[@id='monthyear2026']//tr//td] Text : ₹ 27,559
2021-11-28 11:50:46 INFO  explicitWait:24 - Element is  Visible : [[ChromeDriver: chrome on WINDOWS (ea20504cc188c8cc2f408a2d36ecd612)] -> xpath: //tr[@class='row no-margin yearlypaymentdetails']/..//tr[@id='monthyear2026']//tr//td]
2021-11-28 11:50:46 INFO  getText:24 - Element [[ChromeDriver: chrome on WINDOWS (ea20504cc188c8cc2f408a2d36ecd612)] -> xpath: //tr[@class='row no-margin yearlypaymentdetails']/..//tr[@id='monthyear2026']//tr//td] Text : ₹ 40,280
2021-11-28 11:50:46 INFO  explicitWait:24 - Element is  Visible : [[ChromeDriver: chrome on WINDOWS (ea20504cc188c8cc2f408a2d36ecd612)] -> xpath: //tr[@class='row no-margin yearlypaymentdetails']/..//tr[@id='monthyear2026']//tr//td]
2021-11-28 11:50:46 INFO  getText:24 - Element [[ChromeDriver: chrome on WINDOWS (ea20504cc188c8cc2f408a2d36ecd612)] -> xpath: //tr[@class='row no-margin yearlypaymentdetails']/..//tr[@id='monthyear2026']//tr//td] Text : ₹ 43,96,786
2021-11-28 11:50:46 INFO  explicitWait:24 - Element is  Visible : [[ChromeDriver: chrome on WINDOWS (ea20504cc188c8cc2f408a2d36ecd612)] -> xpath: //tr[@class='row no-margin yearlypaymentdetails']/..//tr[@id='monthyear2026']//tr//td]
2021-11-28 11:50:46 INFO  getText:24 - Element [[ChromeDriver: chrome on WINDOWS (ea20504cc188c8cc2f408a2d36ecd612)] -> xpath: //tr[@class='row no-margin yearlypaymentdetails']/..//tr[@id='monthyear2026']//tr//td] Text : 12.06%
2021-11-28 11:50:46 INFO  explicitWait:24 - Element is  Visible : [[ChromeDriver: chrome on WINDOWS (ea20504cc188c8cc2f408a2d36ecd612)] -> xpath: //tr[@class='row no-margin yearlypaymentdetails']/..//tr[@id='monthyear2026']//tr//td]
2021-11-28 11:50:46 INFO  getText:24 - Element [[ChromeDriver: chrome on WINDOWS (ea20504cc188c8cc2f408a2d36ecd612)] -> xpath: //tr[@class='row no-margin yearlypaymentdetails']/..//tr[@id='monthyear2026']//tr//td] Text : Jul
2021-11-28 11:50:46 INFO  explicitWait:24 - Element is  Visible : [[ChromeDriver: chrome on WINDOWS (ea20504cc188c8cc2f408a2d36ecd612)] -> xpath: //tr[@class='row no-margin yearlypaymentdetails']/..//tr[@id='monthyear2026']//tr//td]
2021-11-28 11:50:46 INFO  getText:24 - Element [[ChromeDriver: chrome on WINDOWS (ea20504cc188c8cc2f408a2d36ecd612)] -> xpath: //tr[@class='row no-margin yearlypaymentdetails']/..//tr[@id='monthyear2026']//tr//td] Text : ₹ 12,800
2021-11-28 11:50:47 INFO  explicitWait:24 - Element is  Visible : [[ChromeDriver: chrome on WINDOWS (ea20504cc188c8cc2f408a2d36ecd612)] -> xpath: //tr[@class='row no-margin yearlypaymentdetails']/..//tr[@id='monthyear2026']//tr//td]
2021-11-28 11:50:47 INFO  getText:24 - Element [[ChromeDriver: chrome on WINDOWS (ea20504cc188c8cc2f408a2d36ecd612)] -> xpath: //tr[@class='row no-margin yearlypaymentdetails']/..//tr[@id='monthyear2026']//tr//td] Text : ₹ 27,480
2021-11-28 11:50:47 INFO  explicitWait:24 - Element is  Visible : [[ChromeDriver: chrome on WINDOWS (ea20504cc188c8cc2f408a2d36ecd612)] -> xpath: //tr[@class='row no-margin yearlypaymentdetails']/..//tr[@id='monthyear2026']//tr//td]
2021-11-28 11:50:47 INFO  getText:24 - Element [[ChromeDriver: chrome on WINDOWS (ea20504cc188c8cc2f408a2d36ecd612)] -> xpath: //tr[@class='row no-margin yearlypaymentdetails']/..//tr[@id='monthyear2026']//tr//td] Text : ₹ 40,280
2021-11-28 11:50:47 INFO  explicitWait:24 - Element is  Visible : [[ChromeDriver: chrome on WINDOWS (ea20504cc188c8cc2f408a2d36ecd612)] -> xpath: //tr[@class='row no-margin yearlypaymentdetails']/..//tr[@id='monthyear2026']//tr//td]
2021-11-28 11:50:47 INFO  getText:24 - Element [[ChromeDriver: chrome on WINDOWS (ea20504cc188c8cc2f408a2d36ecd612)] -> xpath: //tr[@class='row no-margin yearlypaymentdetails']/..//tr[@id='monthyear2026']//tr//td] Text : ₹ 43,83,986
2021-11-28 11:50:47 INFO  explicitWait:24 - Element is  Visible : [[ChromeDriver: chrome on WINDOWS (ea20504cc188c8cc2f408a2d36ecd612)] -> xpath: //tr[@class='row no-margin yearlypaymentdetails']/..//tr[@id='monthyear2026']//tr//td]
2021-11-28 11:50:47 INFO  getText:24 - Element [[ChromeDriver: chrome on WINDOWS (ea20504cc188c8cc2f408a2d36ecd612)] -> xpath: //tr[@class='row no-margin yearlypaymentdetails']/..//tr[@id='monthyear2026']//tr//td] Text : 12.32%
2021-11-28 11:50:47 INFO  explicitWait:24 - Element is  Visible : [[ChromeDriver: chrome on WINDOWS (ea20504cc188c8cc2f408a2d36ecd612)] -> xpath: //tr[@class='row no-margin yearlypaymentdetails']/..//tr[@id='monthyear2026']//tr//td]
2021-11-28 11:50:47 INFO  getText:24 - Element [[ChromeDriver: chrome on WINDOWS (ea20504cc188c8cc2f408a2d36ecd612)] -> xpath: //tr[@class='row no-margin yearlypaymentdetails']/..//tr[@id='monthyear2026']//tr//td] Text : Aug
2021-11-28 11:50:47 INFO  explicitWait:24 - Element is  Visible : [[ChromeDriver: chrome on WINDOWS (ea20504cc188c8cc2f408a2d36ecd612)] -> xpath: //tr[@class='row no-margin yearlypaymentdetails']/..//tr[@id='monthyear2026']//tr//td]
2021-11-28 11:50:47 INFO  getText:24 - Element [[ChromeDriver: chrome on WINDOWS (ea20504cc188c8cc2f408a2d36ecd612)] -> xpath: //tr[@class='row no-margin yearlypaymentdetails']/..//tr[@id='monthyear2026']//tr//td] Text : ₹ 12,880
2021-11-28 11:50:47 INFO  explicitWait:24 - Element is  Visible : [[ChromeDriver: chrome on WINDOWS (ea20504cc188c8cc2f408a2d36ecd612)] -> xpath: //tr[@class='row no-margin yearlypaymentdetails']/..//tr[@id='monthyear2026']//tr//td]
2021-11-28 11:50:47 INFO  getText:24 - Element [[ChromeDriver: chrome on WINDOWS (ea20504cc188c8cc2f408a2d36ecd612)] -> xpath: //tr[@class='row no-margin yearlypaymentdetails']/..//tr[@id='monthyear2026']//tr//td] Text : ₹ 27,400
2021-11-28 11:50:47 INFO  explicitWait:24 - Element is  Visible : [[ChromeDriver: chrome on WINDOWS (ea20504cc188c8cc2f408a2d36ecd612)] -> xpath: //tr[@class='row no-margin yearlypaymentdetails']/..//tr[@id='monthyear2026']//tr//td]
2021-11-28 11:50:47 INFO  getText:24 - Element [[ChromeDriver: chrome on WINDOWS (ea20504cc188c8cc2f408a2d36ecd612)] -> xpath: //tr[@class='row no-margin yearlypaymentdetails']/..//tr[@id='monthyear2026']//tr//td] Text : ₹ 40,280
2021-11-28 11:50:47 INFO  explicitWait:24 - Element is  Visible : [[ChromeDriver: chrome on WINDOWS (ea20504cc188c8cc2f408a2d36ecd612)] -> xpath: //tr[@class='row no-margin yearlypaymentdetails']/..//tr[@id='monthyear2026']//tr//td]
2021-11-28 11:50:47 INFO  getText:24 - Element [[ChromeDriver: chrome on WINDOWS (ea20504cc188c8cc2f408a2d36ecd612)] -> xpath: //tr[@class='row no-margin yearlypaymentdetails']/..//tr[@id='monthyear2026']//tr//td] Text : ₹ 43,71,106
2021-11-28 11:50:47 INFO  explicitWait:24 - Element is  Visible : [[ChromeDriver: chrome on WINDOWS (ea20504cc188c8cc2f408a2d36ecd612)] -> xpath: //tr[@class='row no-margin yearlypaymentdetails']/..//tr[@id='monthyear2026']//tr//td]
2021-11-28 11:50:47 INFO  getText:24 - Element [[ChromeDriver: chrome on WINDOWS (ea20504cc188c8cc2f408a2d36ecd612)] -> xpath: //tr[@class='row no-margin yearlypaymentdetails']/..//tr[@id='monthyear2026']//tr//td] Text : 12.58%
2021-11-28 11:50:47 INFO  explicitWait:24 - Element is  Visible : [[ChromeDriver: chrome on WINDOWS (ea20504cc188c8cc2f408a2d36ecd612)] -> xpath: //tr[@class='row no-margin yearlypaymentdetails']/..//tr[@id='monthyear2026']//tr//td]
2021-11-28 11:50:47 INFO  getText:24 - Element [[ChromeDriver: chrome on WINDOWS (ea20504cc188c8cc2f408a2d36ecd612)] -> xpath: //tr[@class='row no-margin yearlypaymentdetails']/..//tr[@id='monthyear2026']//tr//td] Text : Sep
2021-11-28 11:50:48 INFO  explicitWait:24 - Element is  Visible : [[ChromeDriver: chrome on WINDOWS (ea20504cc188c8cc2f408a2d36ecd612)] -> xpath: //tr[@class='row no-margin yearlypaymentdetails']/..//tr[@id='monthyear2026']//tr//td]
2021-11-28 11:50:48 INFO  getText:24 - Element [[ChromeDriver: chrome on WINDOWS (ea20504cc188c8cc2f408a2d36ecd612)] -> xpath: //tr[@class='row no-margin yearlypaymentdetails']/..//tr[@id='monthyear2026']//tr//td] Text : ₹ 12,960
2021-11-28 11:50:48 INFO  explicitWait:24 - Element is  Visible : [[ChromeDriver: chrome on WINDOWS (ea20504cc188c8cc2f408a2d36ecd612)] -> xpath: //tr[@class='row no-margin yearlypaymentdetails']/..//tr[@id='monthyear2026']//tr//td]
2021-11-28 11:50:48 INFO  getText:24 - Element [[ChromeDriver: chrome on WINDOWS (ea20504cc188c8cc2f408a2d36ecd612)] -> xpath: //tr[@class='row no-margin yearlypaymentdetails']/..//tr[@id='monthyear2026']//tr//td] Text : ₹ 27,319
2021-11-28 11:50:48 INFO  explicitWait:24 - Element is  Visible : [[ChromeDriver: chrome on WINDOWS (ea20504cc188c8cc2f408a2d36ecd612)] -> xpath: //tr[@class='row no-margin yearlypaymentdetails']/..//tr[@id='monthyear2026']//tr//td]
2021-11-28 11:50:48 INFO  getText:24 - Element [[ChromeDriver: chrome on WINDOWS (ea20504cc188c8cc2f408a2d36ecd612)] -> xpath: //tr[@class='row no-margin yearlypaymentdetails']/..//tr[@id='monthyear2026']//tr//td] Text : ₹ 40,280
2021-11-28 11:50:48 INFO  explicitWait:24 - Element is  Visible : [[ChromeDriver: chrome on WINDOWS (ea20504cc188c8cc2f408a2d36ecd612)] -> xpath: //tr[@class='row no-margin yearlypaymentdetails']/..//tr[@id='monthyear2026']//tr//td]
2021-11-28 11:50:48 INFO  getText:24 - Element [[ChromeDriver: chrome on WINDOWS (ea20504cc188c8cc2f408a2d36ecd612)] -> xpath: //tr[@class='row no-margin yearlypaymentdetails']/..//tr[@id='monthyear2026']//tr//td] Text : ₹ 43,58,146
2021-11-28 11:50:48 INFO  explicitWait:24 - Element is  Visible : [[ChromeDriver: chrome on WINDOWS (ea20504cc188c8cc2f408a2d36ecd612)] -> xpath: //tr[@class='row no-margin yearlypaymentdetails']/..//tr[@id='monthyear2026']//tr//td]
2021-11-28 11:50:48 INFO  getText:24 - Element [[ChromeDriver: chrome on WINDOWS (ea20504cc188c8cc2f408a2d36ecd612)] -> xpath: //tr[@class='row no-margin yearlypaymentdetails']/..//tr[@id='monthyear2026']//tr//td] Text : 12.84%
2021-11-28 11:50:48 INFO  explicitWait:24 - Element is  Visible : [[ChromeDriver: chrome on WINDOWS (ea20504cc188c8cc2f408a2d36ecd612)] -> xpath: //tr[@class='row no-margin yearlypaymentdetails']/..//tr[@id='monthyear2026']//tr//td]
2021-11-28 11:50:49 INFO  getText:24 - Element [[ChromeDriver: chrome on WINDOWS (ea20504cc188c8cc2f408a2d36ecd612)] -> xpath: //tr[@class='row no-margin yearlypaymentdetails']/..//tr[@id='monthyear2026']//tr//td] Text : Oct
2021-11-28 11:50:49 INFO  explicitWait:24 - Element is  Visible : [[ChromeDriver: chrome on WINDOWS (ea20504cc188c8cc2f408a2d36ecd612)] -> xpath: //tr[@class='row no-margin yearlypaymentdetails']/..//tr[@id='monthyear2026']//tr//td]
2021-11-28 11:50:49 INFO  getText:24 - Element [[ChromeDriver: chrome on WINDOWS (ea20504cc188c8cc2f408a2d36ecd612)] -> xpath: //tr[@class='row no-margin yearlypaymentdetails']/..//tr[@id='monthyear2026']//tr//td] Text : ₹ 13,041
2021-11-28 11:50:49 INFO  explicitWait:24 - Element is  Visible : [[ChromeDriver: chrome on WINDOWS (ea20504cc188c8cc2f408a2d36ecd612)] -> xpath: //tr[@class='row no-margin yearlypaymentdetails']/..//tr[@id='monthyear2026']//tr//td]
2021-11-28 11:50:49 INFO  getText:24 - Element [[ChromeDriver: chrome on WINDOWS (ea20504cc188c8cc2f408a2d36ecd612)] -> xpath: //tr[@class='row no-margin yearlypaymentdetails']/..//tr[@id='monthyear2026']//tr//td] Text : ₹ 27,238
2021-11-28 11:50:49 INFO  explicitWait:24 - Element is  Visible : [[ChromeDriver: chrome on WINDOWS (ea20504cc188c8cc2f408a2d36ecd612)] -> xpath: //tr[@class='row no-margin yearlypaymentdetails']/..//tr[@id='monthyear2026']//tr//td]
2021-11-28 11:50:49 INFO  getText:24 - Element [[ChromeDriver: chrome on WINDOWS (ea20504cc188c8cc2f408a2d36ecd612)] -> xpath: //tr[@class='row no-margin yearlypaymentdetails']/..//tr[@id='monthyear2026']//tr//td] Text : ₹ 40,280
2021-11-28 11:50:49 INFO  explicitWait:24 - Element is  Visible : [[ChromeDriver: chrome on WINDOWS (ea20504cc188c8cc2f408a2d36ecd612)] -> xpath: //tr[@class='row no-margin yearlypaymentdetails']/..//tr[@id='monthyear2026']//tr//td]
2021-11-28 11:50:49 INFO  getText:24 - Element [[ChromeDriver: chrome on WINDOWS (ea20504cc188c8cc2f408a2d36ecd612)] -> xpath: //tr[@class='row no-margin yearlypaymentdetails']/..//tr[@id='monthyear2026']//tr//td] Text : ₹ 43,45,105
2021-11-28 11:50:49 INFO  explicitWait:24 - Element is  Visible : [[ChromeDriver: chrome on WINDOWS (ea20504cc188c8cc2f408a2d36ecd612)] -> xpath: //tr[@class='row no-margin yearlypaymentdetails']/..//tr[@id='monthyear2026']//tr//td]
2021-11-28 11:50:49 INFO  getText:24 - Element [[ChromeDriver: chrome on WINDOWS (ea20504cc188c8cc2f408a2d36ecd612)] -> xpath: //tr[@class='row no-margin yearlypaymentdetails']/..//tr[@id='monthyear2026']//tr//td] Text : 13.10%
2021-11-28 11:50:49 INFO  explicitWait:24 - Element is  Visible : [[ChromeDriver: chrome on WINDOWS (ea20504cc188c8cc2f408a2d36ecd612)] -> xpath: //tr[@class='row no-margin yearlypaymentdetails']/..//tr[@id='monthyear2026']//tr//td]
2021-11-28 11:50:49 INFO  getText:24 - Element [[ChromeDriver: chrome on WINDOWS (ea20504cc188c8cc2f408a2d36ecd612)] -> xpath: //tr[@class='row no-margin yearlypaymentdetails']/..//tr[@id='monthyear2026']//tr//td] Text : Nov
2021-11-28 11:50:49 INFO  explicitWait:24 - Element is  Visible : [[ChromeDriver: chrome on WINDOWS (ea20504cc188c8cc2f408a2d36ecd612)] -> xpath: //tr[@class='row no-margin yearlypaymentdetails']/..//tr[@id='monthyear2026']//tr//td]
2021-11-28 11:50:49 INFO  getText:24 - Element [[ChromeDriver: chrome on WINDOWS (ea20504cc188c8cc2f408a2d36ecd612)] -> xpath: //tr[@class='row no-margin yearlypaymentdetails']/..//tr[@id='monthyear2026']//tr//td] Text : ₹ 13,123
2021-11-28 11:50:49 INFO  explicitWait:24 - Element is  Visible : [[ChromeDriver: chrome on WINDOWS (ea20504cc188c8cc2f408a2d36ecd612)] -> xpath: //tr[@class='row no-margin yearlypaymentdetails']/..//tr[@id='monthyear2026']//tr//td]
2021-11-28 11:50:49 INFO  getText:24 - Element [[ChromeDriver: chrome on WINDOWS (ea20504cc188c8cc2f408a2d36ecd612)] -> xpath: //tr[@class='row no-margin yearlypaymentdetails']/..//tr[@id='monthyear2026']//tr//td] Text : ₹ 27,157
2021-11-28 11:50:49 INFO  explicitWait:24 - Element is  Visible : [[ChromeDriver: chrome on WINDOWS (ea20504cc188c8cc2f408a2d36ecd612)] -> xpath: //tr[@class='row no-margin yearlypaymentdetails']/..//tr[@id='monthyear2026']//tr//td]
2021-11-28 11:50:49 INFO  getText:24 - Element [[ChromeDriver: chrome on WINDOWS (ea20504cc188c8cc2f408a2d36ecd612)] -> xpath: //tr[@class='row no-margin yearlypaymentdetails']/..//tr[@id='monthyear2026']//tr//td] Text : ₹ 40,280
2021-11-28 11:50:49 INFO  explicitWait:24 - Element is  Visible : [[ChromeDriver: chrome on WINDOWS (ea20504cc188c8cc2f408a2d36ecd612)] -> xpath: //tr[@class='row no-margin yearlypaymentdetails']/..//tr[@id='monthyear2026']//tr//td]
2021-11-28 11:50:49 INFO  getText:24 - Element [[ChromeDriver: chrome on WINDOWS (ea20504cc188c8cc2f408a2d36ecd612)] -> xpath: //tr[@class='row no-margin yearlypaymentdetails']/..//tr[@id='monthyear2026']//tr//td] Text : ₹ 43,31,982
2021-11-28 11:50:49 INFO  explicitWait:24 - Element is  Visible : [[ChromeDriver: chrome on WINDOWS (ea20504cc188c8cc2f408a2d36ecd612)] -> xpath: //tr[@class='row no-margin yearlypaymentdetails']/..//tr[@id='monthyear2026']//tr//td]
2021-11-28 11:50:49 INFO  getText:24 - Element [[ChromeDriver: chrome on WINDOWS (ea20504cc188c8cc2f408a2d36ecd612)] -> xpath: //tr[@class='row no-margin yearlypaymentdetails']/..//tr[@id='monthyear2026']//tr//td] Text : 13.36%
2021-11-28 11:50:49 INFO  explicitWait:24 - Element is  Visible : [[ChromeDriver: chrome on WINDOWS (ea20504cc188c8cc2f408a2d36ecd612)] -> xpath: //tr[@class='row no-margin yearlypaymentdetails']/..//tr[@id='monthyear2026']//tr//td]
2021-11-28 11:50:50 INFO  getText:24 - Element [[ChromeDriver: chrome on WINDOWS (ea20504cc188c8cc2f408a2d36ecd612)] -> xpath: //tr[@class='row no-margin yearlypaymentdetails']/..//tr[@id='monthyear2026']//tr//td] Text : Dec
2021-11-28 11:50:50 INFO  explicitWait:24 - Element is  Visible : [[ChromeDriver: chrome on WINDOWS (ea20504cc188c8cc2f408a2d36ecd612)] -> xpath: //tr[@class='row no-margin yearlypaymentdetails']/..//tr[@id='monthyear2026']//tr//td]
2021-11-28 11:50:50 INFO  getText:24 - Element [[ChromeDriver: chrome on WINDOWS (ea20504cc188c8cc2f408a2d36ecd612)] -> xpath: //tr[@class='row no-margin yearlypaymentdetails']/..//tr[@id='monthyear2026']//tr//td] Text : ₹ 13,205
2021-11-28 11:50:50 INFO  explicitWait:24 - Element is  Visible : [[ChromeDriver: chrome on WINDOWS (ea20504cc188c8cc2f408a2d36ecd612)] -> xpath: //tr[@class='row no-margin yearlypaymentdetails']/..//tr[@id='monthyear2026']//tr//td]
2021-11-28 11:50:50 INFO  getText:24 - Element [[ChromeDriver: chrome on WINDOWS (ea20504cc188c8cc2f408a2d36ecd612)] -> xpath: //tr[@class='row no-margin yearlypaymentdetails']/..//tr[@id='monthyear2026']//tr//td] Text : ₹ 27,075
2021-11-28 11:50:50 INFO  explicitWait:24 - Element is  Visible : [[ChromeDriver: chrome on WINDOWS (ea20504cc188c8cc2f408a2d36ecd612)] -> xpath: //tr[@class='row no-margin yearlypaymentdetails']/..//tr[@id='monthyear2026']//tr//td]
2021-11-28 11:50:50 INFO  getText:24 - Element [[ChromeDriver: chrome on WINDOWS (ea20504cc188c8cc2f408a2d36ecd612)] -> xpath: //tr[@class='row no-margin yearlypaymentdetails']/..//tr[@id='monthyear2026']//tr//td] Text : ₹ 40,280
2021-11-28 11:50:50 INFO  explicitWait:24 - Element is  Visible : [[ChromeDriver: chrome on WINDOWS (ea20504cc188c8cc2f408a2d36ecd612)] -> xpath: //tr[@class='row no-margin yearlypaymentdetails']/..//tr[@id='monthyear2026']//tr//td]
2021-11-28 11:50:50 INFO  getText:24 - Element [[ChromeDriver: chrome on WINDOWS (ea20504cc188c8cc2f408a2d36ecd612)] -> xpath: //tr[@class='row no-margin yearlypaymentdetails']/..//tr[@id='monthyear2026']//tr//td] Text : ₹ 43,18,777
2021-11-28 11:50:50 INFO  explicitWait:24 - Element is  Visible : [[ChromeDriver: chrome on WINDOWS (ea20504cc188c8cc2f408a2d36ecd612)] -> xpath: //tr[@class='row no-margin yearlypaymentdetails']/..//tr[@id='monthyear2026']//tr//td]
2021-11-28 11:50:50 INFO  getText:24 - Element [[ChromeDriver: chrome on WINDOWS (ea20504cc188c8cc2f408a2d36ecd612)] -> xpath: //tr[@class='row no-margin yearlypaymentdetails']/..//tr[@id='monthyear2026']//tr//td] Text : 13.62%
