2021-11-30 17:51:47 INFO  setup:52 - ********************************************Suite Execution Started*************************************
2021-11-30 17:51:49 INFO  setup:61 - ********************************************Scenario Execution Started :Svg - Functionality Testing*************************************
2021-11-30 17:51:54 INFO  ReadDataFromExcelPutItInMap:24 - TestData_System.xlsx File Found and Accessed
2021-11-30 17:51:54 INFO  ReadDataFromExcelPutItInMap:24 - TestData_System.xlsx Workbook Closed Successfully
2021-11-30 17:53:38 INFO  setup:52 - ********************************************Suite Execution Started*************************************
2021-11-30 17:53:39 INFO  setup:61 - ********************************************Scenario Execution Started :Svg - Functionality Testing*************************************
2021-11-30 17:53:41 INFO  ReadDataFromExcelPutItInMap:24 - TestData_System.xlsx File Found and Accessed
2021-11-30 17:53:41 INFO  ReadDataFromExcelPutItInMap:24 - TestData_System.xlsx Workbook Closed Successfully
2021-11-30 17:53:58 INFO  explicitWait:24 - Element is  Visible : [[ChromeDriver: chrome on WINDOWS (9bf8ae530452a755f403c7622fef0147)] -> xpath: //input[@id='startmonthyear']]
2021-11-30 17:54:00 INFO  explicitWait:24 - Element is  Visible : [[ChromeDriver: chrome on WINDOWS (9bf8ae530452a755f403c7622fef0147)] -> xpath: //input[@title='Search']]
2021-11-30 17:54:22 INFO  printAllTheValuesFromListWebelement:24 - List of WebElements Size :0
2021-11-30 17:54:29 INFO  TakeParticularElementScreenShot:24 - Google1 ScrenShot Taken and Saved in the Path: C:\AutomationWorkspace\Com.Test1\ParticularElementScreenshot\Google1.png
2021-11-30 17:54:30 INFO  TakeParticularElementScreenShot:24 - Google2 ScrenShot Taken and Saved in the Path: C:\AutomationWorkspace\Com.Test1\ParticularElementScreenshot\Google2.png
2021-11-30 17:54:32 INFO  setup:61 - ********************************************Scenario Execution Started :Svg - Functionality Testing for Webpage*************************************
2021-11-30 17:54:33 INFO  ReadDataFromExcelPutItInMap:24 - TestData_System.xlsx File Found and Accessed
2021-11-30 17:54:33 INFO  ReadDataFromExcelPutItInMap:24 - TestData_System.xlsx Workbook Closed Successfully
2021-11-30 17:54:46 INFO  explicitWait:24 - Element is  Visible : [[ChromeDriver: chrome on WINDOWS (c65ce0f94d5af0d96da29f1e327c5a36)] -> xpath: //tr[@class='row no-margin yearlypaymentdetails']//td[@id='year2026']]
2021-11-30 17:54:46 INFO  explicitWait:24 - Element is  Visible : [[ChromeDriver: chrome on WINDOWS (c65ce0f94d5af0d96da29f1e327c5a36)] -> xpath: //tr[@class='row no-margin yearlypaymentdetails']//td[@id='year2026']]
2021-11-30 17:54:46 INFO  getText:24 - Element [[ChromeDriver: chrome on WINDOWS (c65ce0f94d5af0d96da29f1e327c5a36)] -> xpath: //tr[@class='row no-margin yearlypaymentdetails']//td[@id='year2026']] Text : 2026
2021-11-30 17:54:46 INFO  explicitWait:24 - Element is  Visible : [[ChromeDriver: chrome on WINDOWS (c65ce0f94d5af0d96da29f1e327c5a36)] -> xpath: //tr[@class='row no-margin yearlypaymentdetails']//td[@id='year2026']//following-sibling::td]
2021-11-30 17:54:46 INFO  getText:24 - Element [[ChromeDriver: chrome on WINDOWS (c65ce0f94d5af0d96da29f1e327c5a36)] -> xpath: //tr[@class='row no-margin yearlypaymentdetails']//td[@id='year2026']//following-sibling::td] Text : ₹ 1,53,155
2021-11-30 17:54:46 INFO  explicitWait:24 - Element is  Visible : [[ChromeDriver: chrome on WINDOWS (c65ce0f94d5af0d96da29f1e327c5a36)] -> xpath: //tr[@class='row no-margin yearlypaymentdetails']//td[@id='year2026']//following-sibling::td]
2021-11-30 17:54:46 INFO  getText:24 - Element [[ChromeDriver: chrome on WINDOWS (c65ce0f94d5af0d96da29f1e327c5a36)] -> xpath: //tr[@class='row no-margin yearlypaymentdetails']//td[@id='year2026']//following-sibling::td] Text : ₹ 3,30,201
2021-11-30 17:54:46 INFO  explicitWait:24 - Element is  Visible : [[ChromeDriver: chrome on WINDOWS (c65ce0f94d5af0d96da29f1e327c5a36)] -> xpath: //tr[@class='row no-margin yearlypaymentdetails']//td[@id='year2026']//following-sibling::td]
2021-11-30 17:54:46 INFO  getText:24 - Element [[ChromeDriver: chrome on WINDOWS (c65ce0f94d5af0d96da29f1e327c5a36)] -> xpath: //tr[@class='row no-margin yearlypaymentdetails']//td[@id='year2026']//following-sibling::td] Text : ₹ 4,83,356
2021-11-30 17:54:46 INFO  explicitWait:24 - Element is  Visible : [[ChromeDriver: chrome on WINDOWS (c65ce0f94d5af0d96da29f1e327c5a36)] -> xpath: //tr[@class='row no-margin yearlypaymentdetails']//td[@id='year2026']//following-sibling::td]
2021-11-30 17:54:47 INFO  getText:24 - Element [[ChromeDriver: chrome on WINDOWS (c65ce0f94d5af0d96da29f1e327c5a36)] -> xpath: //tr[@class='row no-margin yearlypaymentdetails']//td[@id='year2026']//following-sibling::td] Text : ₹ 43,18,777
2021-11-30 17:54:47 INFO  explicitWait:24 - Element is  Visible : [[ChromeDriver: chrome on WINDOWS (c65ce0f94d5af0d96da29f1e327c5a36)] -> xpath: //tr[@class='row no-margin yearlypaymentdetails']//td[@id='year2026']//following-sibling::td]
2021-11-30 17:54:47 INFO  getText:24 - Element [[ChromeDriver: chrome on WINDOWS (c65ce0f94d5af0d96da29f1e327c5a36)] -> xpath: //tr[@class='row no-margin yearlypaymentdetails']//td[@id='year2026']//following-sibling::td] Text : 13.62%
2021-11-30 17:54:47 INFO  Click:24 - Element Found and Clicked : [[ChromeDriver: chrome on WINDOWS (c65ce0f94d5af0d96da29f1e327c5a36)] -> xpath: //tr[@class='row no-margin yearlypaymentdetails']//td[@id='year2026']]
2021-11-30 17:54:47 INFO  explicitWait:24 - Element is  Visible : [[ChromeDriver: chrome on WINDOWS (c65ce0f94d5af0d96da29f1e327c5a36)] -> xpath: //tr[@class='row no-margin yearlypaymentdetails']/..//tr[@id='monthyear2026']//tr//td]
2021-11-30 17:54:47 INFO  getText:24 - Element [[ChromeDriver: chrome on WINDOWS (c65ce0f94d5af0d96da29f1e327c5a36)] -> xpath: //tr[@class='row no-margin yearlypaymentdetails']/..//tr[@id='monthyear2026']//tr//td] Text : Jan
2021-11-30 17:54:47 INFO  explicitWait:24 - Element is  Visible : [[ChromeDriver: chrome on WINDOWS (c65ce0f94d5af0d96da29f1e327c5a36)] -> xpath: //tr[@class='row no-margin yearlypaymentdetails']/..//tr[@id='monthyear2026']//tr//td]
2021-11-30 17:54:47 INFO  getText:24 - Element [[ChromeDriver: chrome on WINDOWS (c65ce0f94d5af0d96da29f1e327c5a36)] -> xpath: //tr[@class='row no-margin yearlypaymentdetails']/..//tr[@id='monthyear2026']//tr//td] Text : ₹ 12,330
2021-11-30 17:54:47 INFO  explicitWait:24 - Element is  Visible : [[ChromeDriver: chrome on WINDOWS (c65ce0f94d5af0d96da29f1e327c5a36)] -> xpath: //tr[@class='row no-margin yearlypaymentdetails']/..//tr[@id='monthyear2026']//tr//td]
2021-11-30 17:54:47 INFO  getText:24 - Element [[ChromeDriver: chrome on WINDOWS (c65ce0f94d5af0d96da29f1e327c5a36)] -> xpath: //tr[@class='row no-margin yearlypaymentdetails']/..//tr[@id='monthyear2026']//tr//td] Text : ₹ 27,950
2021-11-30 17:54:47 INFO  explicitWait:24 - Element is  Visible : [[ChromeDriver: chrome on WINDOWS (c65ce0f94d5af0d96da29f1e327c5a36)] -> xpath: //tr[@class='row no-margin yearlypaymentdetails']/..//tr[@id='monthyear2026']//tr//td]
2021-11-30 17:54:47 INFO  getText:24 - Element [[ChromeDriver: chrome on WINDOWS (c65ce0f94d5af0d96da29f1e327c5a36)] -> xpath: //tr[@class='row no-margin yearlypaymentdetails']/..//tr[@id='monthyear2026']//tr//td] Text : ₹ 40,280
2021-11-30 17:54:47 INFO  explicitWait:24 - Element is  Visible : [[ChromeDriver: chrome on WINDOWS (c65ce0f94d5af0d96da29f1e327c5a36)] -> xpath: //tr[@class='row no-margin yearlypaymentdetails']/..//tr[@id='monthyear2026']//tr//td]
2021-11-30 17:54:47 INFO  getText:24 - Element [[ChromeDriver: chrome on WINDOWS (c65ce0f94d5af0d96da29f1e327c5a36)] -> xpath: //tr[@class='row no-margin yearlypaymentdetails']/..//tr[@id='monthyear2026']//tr//td] Text : ₹ 44,59,602
2021-11-30 17:54:48 INFO  explicitWait:24 - Element is  Visible : [[ChromeDriver: chrome on WINDOWS (c65ce0f94d5af0d96da29f1e327c5a36)] -> xpath: //tr[@class='row no-margin yearlypaymentdetails']/..//tr[@id='monthyear2026']//tr//td]
2021-11-30 17:54:48 INFO  getText:24 - Element [[ChromeDriver: chrome on WINDOWS (c65ce0f94d5af0d96da29f1e327c5a36)] -> xpath: //tr[@class='row no-margin yearlypaymentdetails']/..//tr[@id='monthyear2026']//tr//td] Text : 10.81%
2021-11-30 17:54:48 INFO  explicitWait:24 - Element is  Visible : [[ChromeDriver: chrome on WINDOWS (c65ce0f94d5af0d96da29f1e327c5a36)] -> xpath: //tr[@class='row no-margin yearlypaymentdetails']/..//tr[@id='monthyear2026']//tr//td]
2021-11-30 17:54:48 INFO  getText:24 - Element [[ChromeDriver: chrome on WINDOWS (c65ce0f94d5af0d96da29f1e327c5a36)] -> xpath: //tr[@class='row no-margin yearlypaymentdetails']/..//tr[@id='monthyear2026']//tr//td] Text : Feb
2021-11-30 17:54:48 INFO  explicitWait:24 - Element is  Visible : [[ChromeDriver: chrome on WINDOWS (c65ce0f94d5af0d96da29f1e327c5a36)] -> xpath: //tr[@class='row no-margin yearlypaymentdetails']/..//tr[@id='monthyear2026']//tr//td]
2021-11-30 17:54:48 INFO  getText:24 - Element [[ChromeDriver: chrome on WINDOWS (c65ce0f94d5af0d96da29f1e327c5a36)] -> xpath: //tr[@class='row no-margin yearlypaymentdetails']/..//tr[@id='monthyear2026']//tr//td] Text : ₹ 12,407
2021-11-30 17:54:48 INFO  explicitWait:24 - Element is  Visible : [[ChromeDriver: chrome on WINDOWS (c65ce0f94d5af0d96da29f1e327c5a36)] -> xpath: //tr[@class='row no-margin yearlypaymentdetails']/..//tr[@id='monthyear2026']//tr//td]
2021-11-30 17:54:48 INFO  getText:24 - Element [[ChromeDriver: chrome on WINDOWS (c65ce0f94d5af0d96da29f1e327c5a36)] -> xpath: //tr[@class='row no-margin yearlypaymentdetails']/..//tr[@id='monthyear2026']//tr//td] Text : ₹ 27,873
2021-11-30 17:54:48 INFO  explicitWait:24 - Element is  Visible : [[ChromeDriver: chrome on WINDOWS (c65ce0f94d5af0d96da29f1e327c5a36)] -> xpath: //tr[@class='row no-margin yearlypaymentdetails']/..//tr[@id='monthyear2026']//tr//td]
2021-11-30 17:54:48 INFO  getText:24 - Element [[ChromeDriver: chrome on WINDOWS (c65ce0f94d5af0d96da29f1e327c5a36)] -> xpath: //tr[@class='row no-margin yearlypaymentdetails']/..//tr[@id='monthyear2026']//tr//td] Text : ₹ 40,280
2021-11-30 17:54:48 INFO  explicitWait:24 - Element is  Visible : [[ChromeDriver: chrome on WINDOWS (c65ce0f94d5af0d96da29f1e327c5a36)] -> xpath: //tr[@class='row no-margin yearlypaymentdetails']/..//tr[@id='monthyear2026']//tr//td]
2021-11-30 17:54:48 INFO  getText:24 - Element [[ChromeDriver: chrome on WINDOWS (c65ce0f94d5af0d96da29f1e327c5a36)] -> xpath: //tr[@class='row no-margin yearlypaymentdetails']/..//tr[@id='monthyear2026']//tr//td] Text : ₹ 44,47,195
2021-11-30 17:54:48 INFO  explicitWait:24 - Element is  Visible : [[ChromeDriver: chrome on WINDOWS (c65ce0f94d5af0d96da29f1e327c5a36)] -> xpath: //tr[@class='row no-margin yearlypaymentdetails']/..//tr[@id='monthyear2026']//tr//td]
2021-11-30 17:54:48 INFO  getText:24 - Element [[ChromeDriver: chrome on WINDOWS (c65ce0f94d5af0d96da29f1e327c5a36)] -> xpath: //tr[@class='row no-margin yearlypaymentdetails']/..//tr[@id='monthyear2026']//tr//td] Text : 11.06%
2021-11-30 17:54:48 INFO  explicitWait:24 - Element is  Visible : [[ChromeDriver: chrome on WINDOWS (c65ce0f94d5af0d96da29f1e327c5a36)] -> xpath: //tr[@class='row no-margin yearlypaymentdetails']/..//tr[@id='monthyear2026']//tr//td]
2021-11-30 17:54:48 INFO  getText:24 - Element [[ChromeDriver: chrome on WINDOWS (c65ce0f94d5af0d96da29f1e327c5a36)] -> xpath: //tr[@class='row no-margin yearlypaymentdetails']/..//tr[@id='monthyear2026']//tr//td] Text : Mar
2021-11-30 17:54:48 INFO  explicitWait:24 - Element is  Visible : [[ChromeDriver: chrome on WINDOWS (c65ce0f94d5af0d96da29f1e327c5a36)] -> xpath: //tr[@class='row no-margin yearlypaymentdetails']/..//tr[@id='monthyear2026']//tr//td]
2021-11-30 17:54:48 INFO  getText:24 - Element [[ChromeDriver: chrome on WINDOWS (c65ce0f94d5af0d96da29f1e327c5a36)] -> xpath: //tr[@class='row no-margin yearlypaymentdetails']/..//tr[@id='monthyear2026']//tr//td] Text : ₹ 12,485
2021-11-30 17:54:48 INFO  explicitWait:24 - Element is  Visible : [[ChromeDriver: chrome on WINDOWS (c65ce0f94d5af0d96da29f1e327c5a36)] -> xpath: //tr[@class='row no-margin yearlypaymentdetails']/..//tr[@id='monthyear2026']//tr//td]
2021-11-30 17:54:48 INFO  getText:24 - Element [[ChromeDriver: chrome on WINDOWS (c65ce0f94d5af0d96da29f1e327c5a36)] -> xpath: //tr[@class='row no-margin yearlypaymentdetails']/..//tr[@id='monthyear2026']//tr//td] Text : ₹ 27,795
2021-11-30 17:54:48 INFO  explicitWait:24 - Element is  Visible : [[ChromeDriver: chrome on WINDOWS (c65ce0f94d5af0d96da29f1e327c5a36)] -> xpath: //tr[@class='row no-margin yearlypaymentdetails']/..//tr[@id='monthyear2026']//tr//td]
2021-11-30 17:54:48 INFO  getText:24 - Element [[ChromeDriver: chrome on WINDOWS (c65ce0f94d5af0d96da29f1e327c5a36)] -> xpath: //tr[@class='row no-margin yearlypaymentdetails']/..//tr[@id='monthyear2026']//tr//td] Text : ₹ 40,280
2021-11-30 17:54:48 INFO  explicitWait:24 - Element is  Visible : [[ChromeDriver: chrome on WINDOWS (c65ce0f94d5af0d96da29f1e327c5a36)] -> xpath: //tr[@class='row no-margin yearlypaymentdetails']/..//tr[@id='monthyear2026']//tr//td]
2021-11-30 17:54:48 INFO  getText:24 - Element [[ChromeDriver: chrome on WINDOWS (c65ce0f94d5af0d96da29f1e327c5a36)] -> xpath: //tr[@class='row no-margin yearlypaymentdetails']/..//tr[@id='monthyear2026']//tr//td] Text : ₹ 44,34,710
2021-11-30 17:54:48 INFO  explicitWait:24 - Element is  Visible : [[ChromeDriver: chrome on WINDOWS (c65ce0f94d5af0d96da29f1e327c5a36)] -> xpath: //tr[@class='row no-margin yearlypaymentdetails']/..//tr[@id='monthyear2026']//tr//td]
2021-11-30 17:54:48 INFO  getText:24 - Element [[ChromeDriver: chrome on WINDOWS (c65ce0f94d5af0d96da29f1e327c5a36)] -> xpath: //tr[@class='row no-margin yearlypaymentdetails']/..//tr[@id='monthyear2026']//tr//td] Text : 11.31%
2021-11-30 17:54:48 INFO  explicitWait:24 - Element is  Visible : [[ChromeDriver: chrome on WINDOWS (c65ce0f94d5af0d96da29f1e327c5a36)] -> xpath: //tr[@class='row no-margin yearlypaymentdetails']/..//tr[@id='monthyear2026']//tr//td]
2021-11-30 17:54:48 INFO  getText:24 - Element [[ChromeDriver: chrome on WINDOWS (c65ce0f94d5af0d96da29f1e327c5a36)] -> xpath: //tr[@class='row no-margin yearlypaymentdetails']/..//tr[@id='monthyear2026']//tr//td] Text : Apr
2021-11-30 17:54:48 INFO  explicitWait:24 - Element is  Visible : [[ChromeDriver: chrome on WINDOWS (c65ce0f94d5af0d96da29f1e327c5a36)] -> xpath: //tr[@class='row no-margin yearlypaymentdetails']/..//tr[@id='monthyear2026']//tr//td]
2021-11-30 17:54:48 INFO  getText:24 - Element [[ChromeDriver: chrome on WINDOWS (c65ce0f94d5af0d96da29f1e327c5a36)] -> xpath: //tr[@class='row no-margin yearlypaymentdetails']/..//tr[@id='monthyear2026']//tr//td] Text : ₹ 12,563
2021-11-30 17:54:48 INFO  explicitWait:24 - Element is  Visible : [[ChromeDriver: chrome on WINDOWS (c65ce0f94d5af0d96da29f1e327c5a36)] -> xpath: //tr[@class='row no-margin yearlypaymentdetails']/..//tr[@id='monthyear2026']//tr//td]
2021-11-30 17:54:48 INFO  getText:24 - Element [[ChromeDriver: chrome on WINDOWS (c65ce0f94d5af0d96da29f1e327c5a36)] -> xpath: //tr[@class='row no-margin yearlypaymentdetails']/..//tr[@id='monthyear2026']//tr//td] Text : ₹ 27,717
2021-11-30 17:54:48 INFO  explicitWait:24 - Element is  Visible : [[ChromeDriver: chrome on WINDOWS (c65ce0f94d5af0d96da29f1e327c5a36)] -> xpath: //tr[@class='row no-margin yearlypaymentdetails']/..//tr[@id='monthyear2026']//tr//td]
2021-11-30 17:54:48 INFO  getText:24 - Element [[ChromeDriver: chrome on WINDOWS (c65ce0f94d5af0d96da29f1e327c5a36)] -> xpath: //tr[@class='row no-margin yearlypaymentdetails']/..//tr[@id='monthyear2026']//tr//td] Text : ₹ 40,280
2021-11-30 17:54:48 INFO  explicitWait:24 - Element is  Visible : [[ChromeDriver: chrome on WINDOWS (c65ce0f94d5af0d96da29f1e327c5a36)] -> xpath: //tr[@class='row no-margin yearlypaymentdetails']/..//tr[@id='monthyear2026']//tr//td]
2021-11-30 17:54:48 INFO  getText:24 - Element [[ChromeDriver: chrome on WINDOWS (c65ce0f94d5af0d96da29f1e327c5a36)] -> xpath: //tr[@class='row no-margin yearlypaymentdetails']/..//tr[@id='monthyear2026']//tr//td] Text : ₹ 44,22,147
2021-11-30 17:54:48 INFO  explicitWait:24 - Element is  Visible : [[ChromeDriver: chrome on WINDOWS (c65ce0f94d5af0d96da29f1e327c5a36)] -> xpath: //tr[@class='row no-margin yearlypaymentdetails']/..//tr[@id='monthyear2026']//tr//td]
2021-11-30 17:54:48 INFO  getText:24 - Element [[ChromeDriver: chrome on WINDOWS (c65ce0f94d5af0d96da29f1e327c5a36)] -> xpath: //tr[@class='row no-margin yearlypaymentdetails']/..//tr[@id='monthyear2026']//tr//td] Text : 11.56%
2021-11-30 17:54:48 INFO  explicitWait:24 - Element is  Visible : [[ChromeDriver: chrome on WINDOWS (c65ce0f94d5af0d96da29f1e327c5a36)] -> xpath: //tr[@class='row no-margin yearlypaymentdetails']/..//tr[@id='monthyear2026']//tr//td]
2021-11-30 17:54:48 INFO  getText:24 - Element [[ChromeDriver: chrome on WINDOWS (c65ce0f94d5af0d96da29f1e327c5a36)] -> xpath: //tr[@class='row no-margin yearlypaymentdetails']/..//tr[@id='monthyear2026']//tr//td] Text : May
2021-11-30 17:54:48 INFO  explicitWait:24 - Element is  Visible : [[ChromeDriver: chrome on WINDOWS (c65ce0f94d5af0d96da29f1e327c5a36)] -> xpath: //tr[@class='row no-margin yearlypaymentdetails']/..//tr[@id='monthyear2026']//tr//td]
2021-11-30 17:54:48 INFO  getText:24 - Element [[ChromeDriver: chrome on WINDOWS (c65ce0f94d5af0d96da29f1e327c5a36)] -> xpath: //tr[@class='row no-margin yearlypaymentdetails']/..//tr[@id='monthyear2026']//tr//td] Text : ₹ 12,641
2021-11-30 17:54:48 INFO  explicitWait:24 - Element is  Visible : [[ChromeDriver: chrome on WINDOWS (c65ce0f94d5af0d96da29f1e327c5a36)] -> xpath: //tr[@class='row no-margin yearlypaymentdetails']/..//tr[@id='monthyear2026']//tr//td]
2021-11-30 17:54:48 INFO  getText:24 - Element [[ChromeDriver: chrome on WINDOWS (c65ce0f94d5af0d96da29f1e327c5a36)] -> xpath: //tr[@class='row no-margin yearlypaymentdetails']/..//tr[@id='monthyear2026']//tr//td] Text : ₹ 27,638
2021-11-30 17:54:48 INFO  explicitWait:24 - Element is  Visible : [[ChromeDriver: chrome on WINDOWS (c65ce0f94d5af0d96da29f1e327c5a36)] -> xpath: //tr[@class='row no-margin yearlypaymentdetails']/..//tr[@id='monthyear2026']//tr//td]
2021-11-30 17:54:48 INFO  getText:24 - Element [[ChromeDriver: chrome on WINDOWS (c65ce0f94d5af0d96da29f1e327c5a36)] -> xpath: //tr[@class='row no-margin yearlypaymentdetails']/..//tr[@id='monthyear2026']//tr//td] Text : ₹ 40,280
2021-11-30 17:54:48 INFO  explicitWait:24 - Element is  Visible : [[ChromeDriver: chrome on WINDOWS (c65ce0f94d5af0d96da29f1e327c5a36)] -> xpath: //tr[@class='row no-margin yearlypaymentdetails']/..//tr[@id='monthyear2026']//tr//td]
2021-11-30 17:54:48 INFO  getText:24 - Element [[ChromeDriver: chrome on WINDOWS (c65ce0f94d5af0d96da29f1e327c5a36)] -> xpath: //tr[@class='row no-margin yearlypaymentdetails']/..//tr[@id='monthyear2026']//tr//td] Text : ₹ 44,09,506
2021-11-30 17:54:48 INFO  explicitWait:24 - Element is  Visible : [[ChromeDriver: chrome on WINDOWS (c65ce0f94d5af0d96da29f1e327c5a36)] -> xpath: //tr[@class='row no-margin yearlypaymentdetails']/..//tr[@id='monthyear2026']//tr//td]
2021-11-30 17:54:48 INFO  getText:24 - Element [[ChromeDriver: chrome on WINDOWS (c65ce0f94d5af0d96da29f1e327c5a36)] -> xpath: //tr[@class='row no-margin yearlypaymentdetails']/..//tr[@id='monthyear2026']//tr//td] Text : 11.81%
2021-11-30 17:54:49 INFO  explicitWait:24 - Element is  Visible : [[ChromeDriver: chrome on WINDOWS (c65ce0f94d5af0d96da29f1e327c5a36)] -> xpath: //tr[@class='row no-margin yearlypaymentdetails']/..//tr[@id='monthyear2026']//tr//td]
2021-11-30 17:54:49 INFO  getText:24 - Element [[ChromeDriver: chrome on WINDOWS (c65ce0f94d5af0d96da29f1e327c5a36)] -> xpath: //tr[@class='row no-margin yearlypaymentdetails']/..//tr[@id='monthyear2026']//tr//td] Text : Jun
2021-11-30 17:54:49 INFO  explicitWait:24 - Element is  Visible : [[ChromeDriver: chrome on WINDOWS (c65ce0f94d5af0d96da29f1e327c5a36)] -> xpath: //tr[@class='row no-margin yearlypaymentdetails']/..//tr[@id='monthyear2026']//tr//td]
2021-11-30 17:54:49 INFO  getText:24 - Element [[ChromeDriver: chrome on WINDOWS (c65ce0f94d5af0d96da29f1e327c5a36)] -> xpath: //tr[@class='row no-margin yearlypaymentdetails']/..//tr[@id='monthyear2026']//tr//td] Text : ₹ 12,720
2021-11-30 17:54:49 INFO  explicitWait:24 - Element is  Visible : [[ChromeDriver: chrome on WINDOWS (c65ce0f94d5af0d96da29f1e327c5a36)] -> xpath: //tr[@class='row no-margin yearlypaymentdetails']/..//tr[@id='monthyear2026']//tr//td]
2021-11-30 17:54:49 INFO  getText:24 - Element [[ChromeDriver: chrome on WINDOWS (c65ce0f94d5af0d96da29f1e327c5a36)] -> xpath: //tr[@class='row no-margin yearlypaymentdetails']/..//tr[@id='monthyear2026']//tr//td] Text : ₹ 27,559
2021-11-30 17:54:49 INFO  explicitWait:24 - Element is  Visible : [[ChromeDriver: chrome on WINDOWS (c65ce0f94d5af0d96da29f1e327c5a36)] -> xpath: //tr[@class='row no-margin yearlypaymentdetails']/..//tr[@id='monthyear2026']//tr//td]
2021-11-30 17:54:49 INFO  getText:24 - Element [[ChromeDriver: chrome on WINDOWS (c65ce0f94d5af0d96da29f1e327c5a36)] -> xpath: //tr[@class='row no-margin yearlypaymentdetails']/..//tr[@id='monthyear2026']//tr//td] Text : ₹ 40,280
2021-11-30 17:54:49 INFO  explicitWait:24 - Element is  Visible : [[ChromeDriver: chrome on WINDOWS (c65ce0f94d5af0d96da29f1e327c5a36)] -> xpath: //tr[@class='row no-margin yearlypaymentdetails']/..//tr[@id='monthyear2026']//tr//td]
2021-11-30 17:54:49 INFO  getText:24 - Element [[ChromeDriver: chrome on WINDOWS (c65ce0f94d5af0d96da29f1e327c5a36)] -> xpath: //tr[@class='row no-margin yearlypaymentdetails']/..//tr[@id='monthyear2026']//tr//td] Text : ₹ 43,96,786
2021-11-30 17:54:49 INFO  explicitWait:24 - Element is  Visible : [[ChromeDriver: chrome on WINDOWS (c65ce0f94d5af0d96da29f1e327c5a36)] -> xpath: //tr[@class='row no-margin yearlypaymentdetails']/..//tr[@id='monthyear2026']//tr//td]
2021-11-30 17:54:49 INFO  getText:24 - Element [[ChromeDriver: chrome on WINDOWS (c65ce0f94d5af0d96da29f1e327c5a36)] -> xpath: //tr[@class='row no-margin yearlypaymentdetails']/..//tr[@id='monthyear2026']//tr//td] Text : 12.06%
2021-11-30 17:54:49 INFO  explicitWait:24 - Element is  Visible : [[ChromeDriver: chrome on WINDOWS (c65ce0f94d5af0d96da29f1e327c5a36)] -> xpath: //tr[@class='row no-margin yearlypaymentdetails']/..//tr[@id='monthyear2026']//tr//td]
2021-11-30 17:54:49 INFO  getText:24 - Element [[ChromeDriver: chrome on WINDOWS (c65ce0f94d5af0d96da29f1e327c5a36)] -> xpath: //tr[@class='row no-margin yearlypaymentdetails']/..//tr[@id='monthyear2026']//tr//td] Text : Jul
2021-11-30 17:54:49 INFO  explicitWait:24 - Element is  Visible : [[ChromeDriver: chrome on WINDOWS (c65ce0f94d5af0d96da29f1e327c5a36)] -> xpath: //tr[@class='row no-margin yearlypaymentdetails']/..//tr[@id='monthyear2026']//tr//td]
2021-11-30 17:54:49 INFO  getText:24 - Element [[ChromeDriver: chrome on WINDOWS (c65ce0f94d5af0d96da29f1e327c5a36)] -> xpath: //tr[@class='row no-margin yearlypaymentdetails']/..//tr[@id='monthyear2026']//tr//td] Text : ₹ 12,800
2021-11-30 17:54:49 INFO  explicitWait:24 - Element is  Visible : [[ChromeDriver: chrome on WINDOWS (c65ce0f94d5af0d96da29f1e327c5a36)] -> xpath: //tr[@class='row no-margin yearlypaymentdetails']/..//tr[@id='monthyear2026']//tr//td]
2021-11-30 17:54:49 INFO  getText:24 - Element [[ChromeDriver: chrome on WINDOWS (c65ce0f94d5af0d96da29f1e327c5a36)] -> xpath: //tr[@class='row no-margin yearlypaymentdetails']/..//tr[@id='monthyear2026']//tr//td] Text : ₹ 27,480
2021-11-30 17:54:49 INFO  explicitWait:24 - Element is  Visible : [[ChromeDriver: chrome on WINDOWS (c65ce0f94d5af0d96da29f1e327c5a36)] -> xpath: //tr[@class='row no-margin yearlypaymentdetails']/..//tr[@id='monthyear2026']//tr//td]
2021-11-30 17:54:49 INFO  getText:24 - Element [[ChromeDriver: chrome on WINDOWS (c65ce0f94d5af0d96da29f1e327c5a36)] -> xpath: //tr[@class='row no-margin yearlypaymentdetails']/..//tr[@id='monthyear2026']//tr//td] Text : ₹ 40,280
2021-11-30 17:54:49 INFO  explicitWait:24 - Element is  Visible : [[ChromeDriver: chrome on WINDOWS (c65ce0f94d5af0d96da29f1e327c5a36)] -> xpath: //tr[@class='row no-margin yearlypaymentdetails']/..//tr[@id='monthyear2026']//tr//td]
2021-11-30 17:54:49 INFO  getText:24 - Element [[ChromeDriver: chrome on WINDOWS (c65ce0f94d5af0d96da29f1e327c5a36)] -> xpath: //tr[@class='row no-margin yearlypaymentdetails']/..//tr[@id='monthyear2026']//tr//td] Text : ₹ 43,83,986
2021-11-30 17:54:49 INFO  explicitWait:24 - Element is  Visible : [[ChromeDriver: chrome on WINDOWS (c65ce0f94d5af0d96da29f1e327c5a36)] -> xpath: //tr[@class='row no-margin yearlypaymentdetails']/..//tr[@id='monthyear2026']//tr//td]
2021-11-30 17:54:49 INFO  getText:24 - Element [[ChromeDriver: chrome on WINDOWS (c65ce0f94d5af0d96da29f1e327c5a36)] -> xpath: //tr[@class='row no-margin yearlypaymentdetails']/..//tr[@id='monthyear2026']//tr//td] Text : 12.32%
2021-11-30 17:54:49 INFO  explicitWait:24 - Element is  Visible : [[ChromeDriver: chrome on WINDOWS (c65ce0f94d5af0d96da29f1e327c5a36)] -> xpath: //tr[@class='row no-margin yearlypaymentdetails']/..//tr[@id='monthyear2026']//tr//td]
2021-11-30 17:54:49 INFO  getText:24 - Element [[ChromeDriver: chrome on WINDOWS (c65ce0f94d5af0d96da29f1e327c5a36)] -> xpath: //tr[@class='row no-margin yearlypaymentdetails']/..//tr[@id='monthyear2026']//tr//td] Text : Aug
2021-11-30 17:54:49 INFO  explicitWait:24 - Element is  Visible : [[ChromeDriver: chrome on WINDOWS (c65ce0f94d5af0d96da29f1e327c5a36)] -> xpath: //tr[@class='row no-margin yearlypaymentdetails']/..//tr[@id='monthyear2026']//tr//td]
2021-11-30 17:54:49 INFO  getText:24 - Element [[ChromeDriver: chrome on WINDOWS (c65ce0f94d5af0d96da29f1e327c5a36)] -> xpath: //tr[@class='row no-margin yearlypaymentdetails']/..//tr[@id='monthyear2026']//tr//td] Text : ₹ 12,880
2021-11-30 17:54:49 INFO  explicitWait:24 - Element is  Visible : [[ChromeDriver: chrome on WINDOWS (c65ce0f94d5af0d96da29f1e327c5a36)] -> xpath: //tr[@class='row no-margin yearlypaymentdetails']/..//tr[@id='monthyear2026']//tr//td]
2021-11-30 17:54:49 INFO  getText:24 - Element [[ChromeDriver: chrome on WINDOWS (c65ce0f94d5af0d96da29f1e327c5a36)] -> xpath: //tr[@class='row no-margin yearlypaymentdetails']/..//tr[@id='monthyear2026']//tr//td] Text : ₹ 27,400
2021-11-30 17:54:49 INFO  explicitWait:24 - Element is  Visible : [[ChromeDriver: chrome on WINDOWS (c65ce0f94d5af0d96da29f1e327c5a36)] -> xpath: //tr[@class='row no-margin yearlypaymentdetails']/..//tr[@id='monthyear2026']//tr//td]
2021-11-30 17:54:49 INFO  getText:24 - Element [[ChromeDriver: chrome on WINDOWS (c65ce0f94d5af0d96da29f1e327c5a36)] -> xpath: //tr[@class='row no-margin yearlypaymentdetails']/..//tr[@id='monthyear2026']//tr//td] Text : ₹ 40,280
2021-11-30 17:54:49 INFO  explicitWait:24 - Element is  Visible : [[ChromeDriver: chrome on WINDOWS (c65ce0f94d5af0d96da29f1e327c5a36)] -> xpath: //tr[@class='row no-margin yearlypaymentdetails']/..//tr[@id='monthyear2026']//tr//td]
2021-11-30 17:54:49 INFO  getText:24 - Element [[ChromeDriver: chrome on WINDOWS (c65ce0f94d5af0d96da29f1e327c5a36)] -> xpath: //tr[@class='row no-margin yearlypaymentdetails']/..//tr[@id='monthyear2026']//tr//td] Text : ₹ 43,71,106
2021-11-30 17:54:49 INFO  explicitWait:24 - Element is  Visible : [[ChromeDriver: chrome on WINDOWS (c65ce0f94d5af0d96da29f1e327c5a36)] -> xpath: //tr[@class='row no-margin yearlypaymentdetails']/..//tr[@id='monthyear2026']//tr//td]
2021-11-30 17:54:49 INFO  getText:24 - Element [[ChromeDriver: chrome on WINDOWS (c65ce0f94d5af0d96da29f1e327c5a36)] -> xpath: //tr[@class='row no-margin yearlypaymentdetails']/..//tr[@id='monthyear2026']//tr//td] Text : 12.58%
2021-11-30 17:54:49 INFO  explicitWait:24 - Element is  Visible : [[ChromeDriver: chrome on WINDOWS (c65ce0f94d5af0d96da29f1e327c5a36)] -> xpath: //tr[@class='row no-margin yearlypaymentdetails']/..//tr[@id='monthyear2026']//tr//td]
2021-11-30 17:54:49 INFO  getText:24 - Element [[ChromeDriver: chrome on WINDOWS (c65ce0f94d5af0d96da29f1e327c5a36)] -> xpath: //tr[@class='row no-margin yearlypaymentdetails']/..//tr[@id='monthyear2026']//tr//td] Text : Sep
2021-11-30 17:54:49 INFO  explicitWait:24 - Element is  Visible : [[ChromeDriver: chrome on WINDOWS (c65ce0f94d5af0d96da29f1e327c5a36)] -> xpath: //tr[@class='row no-margin yearlypaymentdetails']/..//tr[@id='monthyear2026']//tr//td]
2021-11-30 17:54:50 INFO  getText:24 - Element [[ChromeDriver: chrome on WINDOWS (c65ce0f94d5af0d96da29f1e327c5a36)] -> xpath: //tr[@class='row no-margin yearlypaymentdetails']/..//tr[@id='monthyear2026']//tr//td] Text : ₹ 12,960
2021-11-30 17:54:50 INFO  explicitWait:24 - Element is  Visible : [[ChromeDriver: chrome on WINDOWS (c65ce0f94d5af0d96da29f1e327c5a36)] -> xpath: //tr[@class='row no-margin yearlypaymentdetails']/..//tr[@id='monthyear2026']//tr//td]
2021-11-30 17:54:50 INFO  getText:24 - Element [[ChromeDriver: chrome on WINDOWS (c65ce0f94d5af0d96da29f1e327c5a36)] -> xpath: //tr[@class='row no-margin yearlypaymentdetails']/..//tr[@id='monthyear2026']//tr//td] Text : ₹ 27,319
2021-11-30 17:54:50 INFO  explicitWait:24 - Element is  Visible : [[ChromeDriver: chrome on WINDOWS (c65ce0f94d5af0d96da29f1e327c5a36)] -> xpath: //tr[@class='row no-margin yearlypaymentdetails']/..//tr[@id='monthyear2026']//tr//td]
2021-11-30 17:54:50 INFO  getText:24 - Element [[ChromeDriver: chrome on WINDOWS (c65ce0f94d5af0d96da29f1e327c5a36)] -> xpath: //tr[@class='row no-margin yearlypaymentdetails']/..//tr[@id='monthyear2026']//tr//td] Text : ₹ 40,280
2021-11-30 17:54:50 INFO  explicitWait:24 - Element is  Visible : [[ChromeDriver: chrome on WINDOWS (c65ce0f94d5af0d96da29f1e327c5a36)] -> xpath: //tr[@class='row no-margin yearlypaymentdetails']/..//tr[@id='monthyear2026']//tr//td]
2021-11-30 17:54:50 INFO  getText:24 - Element [[ChromeDriver: chrome on WINDOWS (c65ce0f94d5af0d96da29f1e327c5a36)] -> xpath: //tr[@class='row no-margin yearlypaymentdetails']/..//tr[@id='monthyear2026']//tr//td] Text : ₹ 43,58,146
2021-11-30 17:54:50 INFO  explicitWait:24 - Element is  Visible : [[ChromeDriver: chrome on WINDOWS (c65ce0f94d5af0d96da29f1e327c5a36)] -> xpath: //tr[@class='row no-margin yearlypaymentdetails']/..//tr[@id='monthyear2026']//tr//td]
2021-11-30 17:54:50 INFO  getText:24 - Element [[ChromeDriver: chrome on WINDOWS (c65ce0f94d5af0d96da29f1e327c5a36)] -> xpath: //tr[@class='row no-margin yearlypaymentdetails']/..//tr[@id='monthyear2026']//tr//td] Text : 12.84%
2021-11-30 17:54:50 INFO  explicitWait:24 - Element is  Visible : [[ChromeDriver: chrome on WINDOWS (c65ce0f94d5af0d96da29f1e327c5a36)] -> xpath: //tr[@class='row no-margin yearlypaymentdetails']/..//tr[@id='monthyear2026']//tr//td]
2021-11-30 17:54:50 INFO  getText:24 - Element [[ChromeDriver: chrome on WINDOWS (c65ce0f94d5af0d96da29f1e327c5a36)] -> xpath: //tr[@class='row no-margin yearlypaymentdetails']/..//tr[@id='monthyear2026']//tr//td] Text : Oct
2021-11-30 17:54:50 INFO  explicitWait:24 - Element is  Visible : [[ChromeDriver: chrome on WINDOWS (c65ce0f94d5af0d96da29f1e327c5a36)] -> xpath: //tr[@class='row no-margin yearlypaymentdetails']/..//tr[@id='monthyear2026']//tr//td]
2021-11-30 17:54:50 INFO  getText:24 - Element [[ChromeDriver: chrome on WINDOWS (c65ce0f94d5af0d96da29f1e327c5a36)] -> xpath: //tr[@class='row no-margin yearlypaymentdetails']/..//tr[@id='monthyear2026']//tr//td] Text : ₹ 13,041
2021-11-30 17:54:50 INFO  explicitWait:24 - Element is  Visible : [[ChromeDriver: chrome on WINDOWS (c65ce0f94d5af0d96da29f1e327c5a36)] -> xpath: //tr[@class='row no-margin yearlypaymentdetails']/..//tr[@id='monthyear2026']//tr//td]
2021-11-30 17:54:50 INFO  getText:24 - Element [[ChromeDriver: chrome on WINDOWS (c65ce0f94d5af0d96da29f1e327c5a36)] -> xpath: //tr[@class='row no-margin yearlypaymentdetails']/..//tr[@id='monthyear2026']//tr//td] Text : ₹ 27,238
2021-11-30 17:54:50 INFO  explicitWait:24 - Element is  Visible : [[ChromeDriver: chrome on WINDOWS (c65ce0f94d5af0d96da29f1e327c5a36)] -> xpath: //tr[@class='row no-margin yearlypaymentdetails']/..//tr[@id='monthyear2026']//tr//td]
2021-11-30 17:54:50 INFO  getText:24 - Element [[ChromeDriver: chrome on WINDOWS (c65ce0f94d5af0d96da29f1e327c5a36)] -> xpath: //tr[@class='row no-margin yearlypaymentdetails']/..//tr[@id='monthyear2026']//tr//td] Text : ₹ 40,280
2021-11-30 17:54:51 INFO  explicitWait:24 - Element is  Visible : [[ChromeDriver: chrome on WINDOWS (c65ce0f94d5af0d96da29f1e327c5a36)] -> xpath: //tr[@class='row no-margin yearlypaymentdetails']/..//tr[@id='monthyear2026']//tr//td]
2021-11-30 17:54:51 INFO  getText:24 - Element [[ChromeDriver: chrome on WINDOWS (c65ce0f94d5af0d96da29f1e327c5a36)] -> xpath: //tr[@class='row no-margin yearlypaymentdetails']/..//tr[@id='monthyear2026']//tr//td] Text : ₹ 43,45,105
2021-11-30 17:54:51 INFO  explicitWait:24 - Element is  Visible : [[ChromeDriver: chrome on WINDOWS (c65ce0f94d5af0d96da29f1e327c5a36)] -> xpath: //tr[@class='row no-margin yearlypaymentdetails']/..//tr[@id='monthyear2026']//tr//td]
2021-11-30 17:54:51 INFO  getText:24 - Element [[ChromeDriver: chrome on WINDOWS (c65ce0f94d5af0d96da29f1e327c5a36)] -> xpath: //tr[@class='row no-margin yearlypaymentdetails']/..//tr[@id='monthyear2026']//tr//td] Text : 13.10%
2021-11-30 17:54:51 INFO  explicitWait:24 - Element is  Visible : [[ChromeDriver: chrome on WINDOWS (c65ce0f94d5af0d96da29f1e327c5a36)] -> xpath: //tr[@class='row no-margin yearlypaymentdetails']/..//tr[@id='monthyear2026']//tr//td]
2021-11-30 17:54:51 INFO  getText:24 - Element [[ChromeDriver: chrome on WINDOWS (c65ce0f94d5af0d96da29f1e327c5a36)] -> xpath: //tr[@class='row no-margin yearlypaymentdetails']/..//tr[@id='monthyear2026']//tr//td] Text : Nov
2021-11-30 17:54:51 INFO  explicitWait:24 - Element is  Visible : [[ChromeDriver: chrome on WINDOWS (c65ce0f94d5af0d96da29f1e327c5a36)] -> xpath: //tr[@class='row no-margin yearlypaymentdetails']/..//tr[@id='monthyear2026']//tr//td]
2021-11-30 17:54:51 INFO  getText:24 - Element [[ChromeDriver: chrome on WINDOWS (c65ce0f94d5af0d96da29f1e327c5a36)] -> xpath: //tr[@class='row no-margin yearlypaymentdetails']/..//tr[@id='monthyear2026']//tr//td] Text : ₹ 13,123
2021-11-30 17:54:51 INFO  explicitWait:24 - Element is  Visible : [[ChromeDriver: chrome on WINDOWS (c65ce0f94d5af0d96da29f1e327c5a36)] -> xpath: //tr[@class='row no-margin yearlypaymentdetails']/..//tr[@id='monthyear2026']//tr//td]
2021-11-30 17:54:51 INFO  getText:24 - Element [[ChromeDriver: chrome on WINDOWS (c65ce0f94d5af0d96da29f1e327c5a36)] -> xpath: //tr[@class='row no-margin yearlypaymentdetails']/..//tr[@id='monthyear2026']//tr//td] Text : ₹ 27,157
2021-11-30 17:54:51 INFO  explicitWait:24 - Element is  Visible : [[ChromeDriver: chrome on WINDOWS (c65ce0f94d5af0d96da29f1e327c5a36)] -> xpath: //tr[@class='row no-margin yearlypaymentdetails']/..//tr[@id='monthyear2026']//tr//td]
2021-11-30 17:54:51 INFO  getText:24 - Element [[ChromeDriver: chrome on WINDOWS (c65ce0f94d5af0d96da29f1e327c5a36)] -> xpath: //tr[@class='row no-margin yearlypaymentdetails']/..//tr[@id='monthyear2026']//tr//td] Text : ₹ 40,280
2021-11-30 17:54:51 INFO  explicitWait:24 - Element is  Visible : [[ChromeDriver: chrome on WINDOWS (c65ce0f94d5af0d96da29f1e327c5a36)] -> xpath: //tr[@class='row no-margin yearlypaymentdetails']/..//tr[@id='monthyear2026']//tr//td]
2021-11-30 17:54:51 INFO  getText:24 - Element [[ChromeDriver: chrome on WINDOWS (c65ce0f94d5af0d96da29f1e327c5a36)] -> xpath: //tr[@class='row no-margin yearlypaymentdetails']/..//tr[@id='monthyear2026']//tr//td] Text : ₹ 43,31,982
2021-11-30 17:54:51 INFO  explicitWait:24 - Element is  Visible : [[ChromeDriver: chrome on WINDOWS (c65ce0f94d5af0d96da29f1e327c5a36)] -> xpath: //tr[@class='row no-margin yearlypaymentdetails']/..//tr[@id='monthyear2026']//tr//td]
2021-11-30 17:54:52 INFO  getText:24 - Element [[ChromeDriver: chrome on WINDOWS (c65ce0f94d5af0d96da29f1e327c5a36)] -> xpath: //tr[@class='row no-margin yearlypaymentdetails']/..//tr[@id='monthyear2026']//tr//td] Text : 13.36%
2021-11-30 17:54:52 INFO  explicitWait:24 - Element is  Visible : [[ChromeDriver: chrome on WINDOWS (c65ce0f94d5af0d96da29f1e327c5a36)] -> xpath: //tr[@class='row no-margin yearlypaymentdetails']/..//tr[@id='monthyear2026']//tr//td]
2021-11-30 17:54:52 INFO  getText:24 - Element [[ChromeDriver: chrome on WINDOWS (c65ce0f94d5af0d96da29f1e327c5a36)] -> xpath: //tr[@class='row no-margin yearlypaymentdetails']/..//tr[@id='monthyear2026']//tr//td] Text : Dec
2021-11-30 17:54:52 INFO  explicitWait:24 - Element is  Visible : [[ChromeDriver: chrome on WINDOWS (c65ce0f94d5af0d96da29f1e327c5a36)] -> xpath: //tr[@class='row no-margin yearlypaymentdetails']/..//tr[@id='monthyear2026']//tr//td]
2021-11-30 17:54:52 INFO  getText:24 - Element [[ChromeDriver: chrome on WINDOWS (c65ce0f94d5af0d96da29f1e327c5a36)] -> xpath: //tr[@class='row no-margin yearlypaymentdetails']/..//tr[@id='monthyear2026']//tr//td] Text : ₹ 13,205
2021-11-30 17:54:52 INFO  explicitWait:24 - Element is  Visible : [[ChromeDriver: chrome on WINDOWS (c65ce0f94d5af0d96da29f1e327c5a36)] -> xpath: //tr[@class='row no-margin yearlypaymentdetails']/..//tr[@id='monthyear2026']//tr//td]
2021-11-30 17:54:52 INFO  getText:24 - Element [[ChromeDriver: chrome on WINDOWS (c65ce0f94d5af0d96da29f1e327c5a36)] -> xpath: //tr[@class='row no-margin yearlypaymentdetails']/..//tr[@id='monthyear2026']//tr//td] Text : ₹ 27,075
2021-11-30 17:54:52 INFO  explicitWait:24 - Element is  Visible : [[ChromeDriver: chrome on WINDOWS (c65ce0f94d5af0d96da29f1e327c5a36)] -> xpath: //tr[@class='row no-margin yearlypaymentdetails']/..//tr[@id='monthyear2026']//tr//td]
2021-11-30 17:54:52 INFO  getText:24 - Element [[ChromeDriver: chrome on WINDOWS (c65ce0f94d5af0d96da29f1e327c5a36)] -> xpath: //tr[@class='row no-margin yearlypaymentdetails']/..//tr[@id='monthyear2026']//tr//td] Text : ₹ 40,280
2021-11-30 17:54:52 INFO  explicitWait:24 - Element is  Visible : [[ChromeDriver: chrome on WINDOWS (c65ce0f94d5af0d96da29f1e327c5a36)] -> xpath: //tr[@class='row no-margin yearlypaymentdetails']/..//tr[@id='monthyear2026']//tr//td]
2021-11-30 17:54:52 INFO  getText:24 - Element [[ChromeDriver: chrome on WINDOWS (c65ce0f94d5af0d96da29f1e327c5a36)] -> xpath: //tr[@class='row no-margin yearlypaymentdetails']/..//tr[@id='monthyear2026']//tr//td] Text : ₹ 43,18,777
2021-11-30 17:54:52 INFO  explicitWait:24 - Element is  Visible : [[ChromeDriver: chrome on WINDOWS (c65ce0f94d5af0d96da29f1e327c5a36)] -> xpath: //tr[@class='row no-margin yearlypaymentdetails']/..//tr[@id='monthyear2026']//tr//td]
2021-11-30 17:54:52 INFO  getText:24 - Element [[ChromeDriver: chrome on WINDOWS (c65ce0f94d5af0d96da29f1e327c5a36)] -> xpath: //tr[@class='row no-margin yearlypaymentdetails']/..//tr[@id='monthyear2026']//tr//td] Text : 13.62%
2021-11-30 17:54:57 INFO  teardown:52 - ********************************************Falied Scenarios :*************************************
2021-11-30 17:54:57 INFO  teardown:52 - ********************************************FeatureName---> file:///C:/AutomationWorkspace/Com.Test1/src/test/resources/Features/SVGHandling.feature:4 ScenarioName--->Svg - Functionality Testing*************************************
2021-11-30 17:54:57 INFO  teardown:52 - ********************************************Suite Execution Ended*************************************
2021-11-30 17:56:27 INFO  setup:52 - ********************************************Suite Execution Started*************************************
2021-11-30 17:56:28 INFO  setup:61 - ********************************************Scenario Execution Started :Svg - Functionality Testing*************************************
2021-11-30 17:56:30 INFO  ReadDataFromExcelPutItInMap:24 - TestData_System.xlsx File Found and Accessed
2021-11-30 17:56:30 INFO  ReadDataFromExcelPutItInMap:24 - TestData_System.xlsx Workbook Closed Successfully
2021-11-30 17:56:46 INFO  explicitWait:24 - Element is  Visible : [[ChromeDriver: chrome on WINDOWS (4eb6c481aa06a0c2f3765fbc4357a378)] -> xpath: //input[@id='startmonthyear']]
2021-11-30 17:56:48 INFO  explicitWait:24 - Element is  Visible : [[ChromeDriver: chrome on WINDOWS (4eb6c481aa06a0c2f3765fbc4357a378)] -> xpath: //input[@title='Search']]
2021-11-30 17:57:09 INFO  printAllTheValuesFromListWebelement:24 - List of WebElements Size :0
2021-11-30 17:57:16 INFO  TakeParticularElementScreenShot:24 - Google1 ScrenShot Taken and Saved in the Path: C:\AutomationWorkspace\Com.Test1\ParticularElementScreenshot\Google1.png
2021-11-30 17:57:17 INFO  TakeParticularElementScreenShot:24 - Google2 ScrenShot Taken and Saved in the Path: C:\AutomationWorkspace\Com.Test1\ParticularElementScreenshot\Google2.png
2021-11-30 17:57:19 INFO  setup:61 - ********************************************Scenario Execution Started :Svg - Functionality Testing for Webpage*************************************
2021-11-30 17:57:19 INFO  ReadDataFromExcelPutItInMap:24 - TestData_System.xlsx File Found and Accessed
2021-11-30 17:57:19 INFO  ReadDataFromExcelPutItInMap:24 - TestData_System.xlsx Workbook Closed Successfully
2021-11-30 17:57:30 INFO  explicitWait:24 - Element is  Visible : [[ChromeDriver: chrome on WINDOWS (9651d4a218d976206c0edaf1540be4e6)] -> xpath: //tr[@class='row no-margin yearlypaymentdetails']//td[@id='year2026']]
2021-11-30 17:57:30 INFO  explicitWait:24 - Element is  Visible : [[ChromeDriver: chrome on WINDOWS (9651d4a218d976206c0edaf1540be4e6)] -> xpath: //tr[@class='row no-margin yearlypaymentdetails']//td[@id='year2026']]
2021-11-30 17:57:32 INFO  getText:24 - Element [[ChromeDriver: chrome on WINDOWS (9651d4a218d976206c0edaf1540be4e6)] -> xpath: //tr[@class='row no-margin yearlypaymentdetails']//td[@id='year2026']] Text : 2026
2021-11-30 17:57:32 INFO  explicitWait:24 - Element is  Visible : [[ChromeDriver: chrome on WINDOWS (9651d4a218d976206c0edaf1540be4e6)] -> xpath: //tr[@class='row no-margin yearlypaymentdetails']//td[@id='year2026']//following-sibling::td]
2021-11-30 17:57:32 INFO  getText:24 - Element [[ChromeDriver: chrome on WINDOWS (9651d4a218d976206c0edaf1540be4e6)] -> xpath: //tr[@class='row no-margin yearlypaymentdetails']//td[@id='year2026']//following-sibling::td] Text : ₹ 1,53,155
2021-11-30 17:57:32 INFO  explicitWait:24 - Element is  Visible : [[ChromeDriver: chrome on WINDOWS (9651d4a218d976206c0edaf1540be4e6)] -> xpath: //tr[@class='row no-margin yearlypaymentdetails']//td[@id='year2026']//following-sibling::td]
2021-11-30 17:57:32 INFO  getText:24 - Element [[ChromeDriver: chrome on WINDOWS (9651d4a218d976206c0edaf1540be4e6)] -> xpath: //tr[@class='row no-margin yearlypaymentdetails']//td[@id='year2026']//following-sibling::td] Text : ₹ 3,30,201
2021-11-30 17:57:32 INFO  explicitWait:24 - Element is  Visible : [[ChromeDriver: chrome on WINDOWS (9651d4a218d976206c0edaf1540be4e6)] -> xpath: //tr[@class='row no-margin yearlypaymentdetails']//td[@id='year2026']//following-sibling::td]
2021-11-30 17:57:32 INFO  getText:24 - Element [[ChromeDriver: chrome on WINDOWS (9651d4a218d976206c0edaf1540be4e6)] -> xpath: //tr[@class='row no-margin yearlypaymentdetails']//td[@id='year2026']//following-sibling::td] Text : ₹ 4,83,356
2021-11-30 17:57:32 INFO  explicitWait:24 - Element is  Visible : [[ChromeDriver: chrome on WINDOWS (9651d4a218d976206c0edaf1540be4e6)] -> xpath: //tr[@class='row no-margin yearlypaymentdetails']//td[@id='year2026']//following-sibling::td]
2021-11-30 17:57:32 INFO  getText:24 - Element [[ChromeDriver: chrome on WINDOWS (9651d4a218d976206c0edaf1540be4e6)] -> xpath: //tr[@class='row no-margin yearlypaymentdetails']//td[@id='year2026']//following-sibling::td] Text : ₹ 43,18,777
2021-11-30 17:57:32 INFO  explicitWait:24 - Element is  Visible : [[ChromeDriver: chrome on WINDOWS (9651d4a218d976206c0edaf1540be4e6)] -> xpath: //tr[@class='row no-margin yearlypaymentdetails']//td[@id='year2026']//following-sibling::td]
2021-11-30 17:57:33 INFO  getText:24 - Element [[ChromeDriver: chrome on WINDOWS (9651d4a218d976206c0edaf1540be4e6)] -> xpath: //tr[@class='row no-margin yearlypaymentdetails']//td[@id='year2026']//following-sibling::td] Text : 13.62%
2021-11-30 17:57:33 INFO  Click:24 - Element Found and Clicked : [[ChromeDriver: chrome on WINDOWS (9651d4a218d976206c0edaf1540be4e6)] -> xpath: //tr[@class='row no-margin yearlypaymentdetails']//td[@id='year2026']]
2021-11-30 17:57:33 INFO  explicitWait:24 - Element is  Visible : [[ChromeDriver: chrome on WINDOWS (9651d4a218d976206c0edaf1540be4e6)] -> xpath: //tr[@class='row no-margin yearlypaymentdetails']/..//tr[@id='monthyear2026']//tr//td]
2021-11-30 17:57:33 INFO  getText:24 - Element [[ChromeDriver: chrome on WINDOWS (9651d4a218d976206c0edaf1540be4e6)] -> xpath: //tr[@class='row no-margin yearlypaymentdetails']/..//tr[@id='monthyear2026']//tr//td] Text : Jan
2021-11-30 17:57:33 INFO  explicitWait:24 - Element is  Visible : [[ChromeDriver: chrome on WINDOWS (9651d4a218d976206c0edaf1540be4e6)] -> xpath: //tr[@class='row no-margin yearlypaymentdetails']/..//tr[@id='monthyear2026']//tr//td]
2021-11-30 17:57:33 INFO  getText:24 - Element [[ChromeDriver: chrome on WINDOWS (9651d4a218d976206c0edaf1540be4e6)] -> xpath: //tr[@class='row no-margin yearlypaymentdetails']/..//tr[@id='monthyear2026']//tr//td] Text : ₹ 12,330
2021-11-30 17:57:33 INFO  explicitWait:24 - Element is  Visible : [[ChromeDriver: chrome on WINDOWS (9651d4a218d976206c0edaf1540be4e6)] -> xpath: //tr[@class='row no-margin yearlypaymentdetails']/..//tr[@id='monthyear2026']//tr//td]
2021-11-30 17:57:33 INFO  getText:24 - Element [[ChromeDriver: chrome on WINDOWS (9651d4a218d976206c0edaf1540be4e6)] -> xpath: //tr[@class='row no-margin yearlypaymentdetails']/..//tr[@id='monthyear2026']//tr//td] Text : ₹ 27,950
2021-11-30 17:57:33 INFO  explicitWait:24 - Element is  Visible : [[ChromeDriver: chrome on WINDOWS (9651d4a218d976206c0edaf1540be4e6)] -> xpath: //tr[@class='row no-margin yearlypaymentdetails']/..//tr[@id='monthyear2026']//tr//td]
2021-11-30 17:57:33 INFO  getText:24 - Element [[ChromeDriver: chrome on WINDOWS (9651d4a218d976206c0edaf1540be4e6)] -> xpath: //tr[@class='row no-margin yearlypaymentdetails']/..//tr[@id='monthyear2026']//tr//td] Text : ₹ 40,280
2021-11-30 17:57:34 INFO  explicitWait:24 - Element is  Visible : [[ChromeDriver: chrome on WINDOWS (9651d4a218d976206c0edaf1540be4e6)] -> xpath: //tr[@class='row no-margin yearlypaymentdetails']/..//tr[@id='monthyear2026']//tr//td]
2021-11-30 17:57:34 INFO  getText:24 - Element [[ChromeDriver: chrome on WINDOWS (9651d4a218d976206c0edaf1540be4e6)] -> xpath: //tr[@class='row no-margin yearlypaymentdetails']/..//tr[@id='monthyear2026']//tr//td] Text : ₹ 44,59,602
2021-11-30 17:57:34 INFO  explicitWait:24 - Element is  Visible : [[ChromeDriver: chrome on WINDOWS (9651d4a218d976206c0edaf1540be4e6)] -> xpath: //tr[@class='row no-margin yearlypaymentdetails']/..//tr[@id='monthyear2026']//tr//td]
2021-11-30 17:57:34 INFO  getText:24 - Element [[ChromeDriver: chrome on WINDOWS (9651d4a218d976206c0edaf1540be4e6)] -> xpath: //tr[@class='row no-margin yearlypaymentdetails']/..//tr[@id='monthyear2026']//tr//td] Text : 10.81%
2021-11-30 17:57:34 INFO  explicitWait:24 - Element is  Visible : [[ChromeDriver: chrome on WINDOWS (9651d4a218d976206c0edaf1540be4e6)] -> xpath: //tr[@class='row no-margin yearlypaymentdetails']/..//tr[@id='monthyear2026']//tr//td]
2021-11-30 17:57:34 INFO  getText:24 - Element [[ChromeDriver: chrome on WINDOWS (9651d4a218d976206c0edaf1540be4e6)] -> xpath: //tr[@class='row no-margin yearlypaymentdetails']/..//tr[@id='monthyear2026']//tr//td] Text : Feb
2021-11-30 17:57:34 INFO  explicitWait:24 - Element is  Visible : [[ChromeDriver: chrome on WINDOWS (9651d4a218d976206c0edaf1540be4e6)] -> xpath: //tr[@class='row no-margin yearlypaymentdetails']/..//tr[@id='monthyear2026']//tr//td]
2021-11-30 17:57:34 INFO  getText:24 - Element [[ChromeDriver: chrome on WINDOWS (9651d4a218d976206c0edaf1540be4e6)] -> xpath: //tr[@class='row no-margin yearlypaymentdetails']/..//tr[@id='monthyear2026']//tr//td] Text : ₹ 12,407
2021-11-30 17:57:34 INFO  explicitWait:24 - Element is  Visible : [[ChromeDriver: chrome on WINDOWS (9651d4a218d976206c0edaf1540be4e6)] -> xpath: //tr[@class='row no-margin yearlypaymentdetails']/..//tr[@id='monthyear2026']//tr//td]
2021-11-30 17:57:34 INFO  getText:24 - Element [[ChromeDriver: chrome on WINDOWS (9651d4a218d976206c0edaf1540be4e6)] -> xpath: //tr[@class='row no-margin yearlypaymentdetails']/..//tr[@id='monthyear2026']//tr//td] Text : ₹ 27,873
2021-11-30 17:57:34 INFO  explicitWait:24 - Element is  Visible : [[ChromeDriver: chrome on WINDOWS (9651d4a218d976206c0edaf1540be4e6)] -> xpath: //tr[@class='row no-margin yearlypaymentdetails']/..//tr[@id='monthyear2026']//tr//td]
2021-11-30 17:57:34 INFO  getText:24 - Element [[ChromeDriver: chrome on WINDOWS (9651d4a218d976206c0edaf1540be4e6)] -> xpath: //tr[@class='row no-margin yearlypaymentdetails']/..//tr[@id='monthyear2026']//tr//td] Text : ₹ 40,280
2021-11-30 17:57:34 INFO  explicitWait:24 - Element is  Visible : [[ChromeDriver: chrome on WINDOWS (9651d4a218d976206c0edaf1540be4e6)] -> xpath: //tr[@class='row no-margin yearlypaymentdetails']/..//tr[@id='monthyear2026']//tr//td]
2021-11-30 17:57:34 INFO  getText:24 - Element [[ChromeDriver: chrome on WINDOWS (9651d4a218d976206c0edaf1540be4e6)] -> xpath: //tr[@class='row no-margin yearlypaymentdetails']/..//tr[@id='monthyear2026']//tr//td] Text : ₹ 44,47,195
2021-11-30 17:57:34 INFO  explicitWait:24 - Element is  Visible : [[ChromeDriver: chrome on WINDOWS (9651d4a218d976206c0edaf1540be4e6)] -> xpath: //tr[@class='row no-margin yearlypaymentdetails']/..//tr[@id='monthyear2026']//tr//td]
2021-11-30 17:57:34 INFO  getText:24 - Element [[ChromeDriver: chrome on WINDOWS (9651d4a218d976206c0edaf1540be4e6)] -> xpath: //tr[@class='row no-margin yearlypaymentdetails']/..//tr[@id='monthyear2026']//tr//td] Text : 11.06%
2021-11-30 17:57:34 INFO  explicitWait:24 - Element is  Visible : [[ChromeDriver: chrome on WINDOWS (9651d4a218d976206c0edaf1540be4e6)] -> xpath: //tr[@class='row no-margin yearlypaymentdetails']/..//tr[@id='monthyear2026']//tr//td]
2021-11-30 17:57:34 INFO  getText:24 - Element [[ChromeDriver: chrome on WINDOWS (9651d4a218d976206c0edaf1540be4e6)] -> xpath: //tr[@class='row no-margin yearlypaymentdetails']/..//tr[@id='monthyear2026']//tr//td] Text : Mar
2021-11-30 17:57:34 INFO  explicitWait:24 - Element is  Visible : [[ChromeDriver: chrome on WINDOWS (9651d4a218d976206c0edaf1540be4e6)] -> xpath: //tr[@class='row no-margin yearlypaymentdetails']/..//tr[@id='monthyear2026']//tr//td]
2021-11-30 17:57:34 INFO  getText:24 - Element [[ChromeDriver: chrome on WINDOWS (9651d4a218d976206c0edaf1540be4e6)] -> xpath: //tr[@class='row no-margin yearlypaymentdetails']/..//tr[@id='monthyear2026']//tr//td] Text : ₹ 12,485
2021-11-30 17:57:34 INFO  explicitWait:24 - Element is  Visible : [[ChromeDriver: chrome on WINDOWS (9651d4a218d976206c0edaf1540be4e6)] -> xpath: //tr[@class='row no-margin yearlypaymentdetails']/..//tr[@id='monthyear2026']//tr//td]
2021-11-30 17:57:34 INFO  getText:24 - Element [[ChromeDriver: chrome on WINDOWS (9651d4a218d976206c0edaf1540be4e6)] -> xpath: //tr[@class='row no-margin yearlypaymentdetails']/..//tr[@id='monthyear2026']//tr//td] Text : ₹ 27,795
2021-11-30 17:57:34 INFO  explicitWait:24 - Element is  Visible : [[ChromeDriver: chrome on WINDOWS (9651d4a218d976206c0edaf1540be4e6)] -> xpath: //tr[@class='row no-margin yearlypaymentdetails']/..//tr[@id='monthyear2026']//tr//td]
2021-11-30 17:57:34 INFO  getText:24 - Element [[ChromeDriver: chrome on WINDOWS (9651d4a218d976206c0edaf1540be4e6)] -> xpath: //tr[@class='row no-margin yearlypaymentdetails']/..//tr[@id='monthyear2026']//tr//td] Text : ₹ 40,280
2021-11-30 17:57:34 INFO  explicitWait:24 - Element is  Visible : [[ChromeDriver: chrome on WINDOWS (9651d4a218d976206c0edaf1540be4e6)] -> xpath: //tr[@class='row no-margin yearlypaymentdetails']/..//tr[@id='monthyear2026']//tr//td]
2021-11-30 17:57:34 INFO  getText:24 - Element [[ChromeDriver: chrome on WINDOWS (9651d4a218d976206c0edaf1540be4e6)] -> xpath: //tr[@class='row no-margin yearlypaymentdetails']/..//tr[@id='monthyear2026']//tr//td] Text : ₹ 44,34,710
2021-11-30 17:57:34 INFO  explicitWait:24 - Element is  Visible : [[ChromeDriver: chrome on WINDOWS (9651d4a218d976206c0edaf1540be4e6)] -> xpath: //tr[@class='row no-margin yearlypaymentdetails']/..//tr[@id='monthyear2026']//tr//td]
2021-11-30 17:57:34 INFO  getText:24 - Element [[ChromeDriver: chrome on WINDOWS (9651d4a218d976206c0edaf1540be4e6)] -> xpath: //tr[@class='row no-margin yearlypaymentdetails']/..//tr[@id='monthyear2026']//tr//td] Text : 11.31%
2021-11-30 17:57:34 INFO  explicitWait:24 - Element is  Visible : [[ChromeDriver: chrome on WINDOWS (9651d4a218d976206c0edaf1540be4e6)] -> xpath: //tr[@class='row no-margin yearlypaymentdetails']/..//tr[@id='monthyear2026']//tr//td]
2021-11-30 17:57:34 INFO  getText:24 - Element [[ChromeDriver: chrome on WINDOWS (9651d4a218d976206c0edaf1540be4e6)] -> xpath: //tr[@class='row no-margin yearlypaymentdetails']/..//tr[@id='monthyear2026']//tr//td] Text : Apr
2021-11-30 17:57:34 INFO  explicitWait:24 - Element is  Visible : [[ChromeDriver: chrome on WINDOWS (9651d4a218d976206c0edaf1540be4e6)] -> xpath: //tr[@class='row no-margin yearlypaymentdetails']/..//tr[@id='monthyear2026']//tr//td]
2021-11-30 17:57:34 INFO  getText:24 - Element [[ChromeDriver: chrome on WINDOWS (9651d4a218d976206c0edaf1540be4e6)] -> xpath: //tr[@class='row no-margin yearlypaymentdetails']/..//tr[@id='monthyear2026']//tr//td] Text : ₹ 12,563
2021-11-30 17:57:34 INFO  explicitWait:24 - Element is  Visible : [[ChromeDriver: chrome on WINDOWS (9651d4a218d976206c0edaf1540be4e6)] -> xpath: //tr[@class='row no-margin yearlypaymentdetails']/..//tr[@id='monthyear2026']//tr//td]
2021-11-30 17:57:34 INFO  getText:24 - Element [[ChromeDriver: chrome on WINDOWS (9651d4a218d976206c0edaf1540be4e6)] -> xpath: //tr[@class='row no-margin yearlypaymentdetails']/..//tr[@id='monthyear2026']//tr//td] Text : ₹ 27,717
2021-11-30 17:57:35 INFO  explicitWait:24 - Element is  Visible : [[ChromeDriver: chrome on WINDOWS (9651d4a218d976206c0edaf1540be4e6)] -> xpath: //tr[@class='row no-margin yearlypaymentdetails']/..//tr[@id='monthyear2026']//tr//td]
2021-11-30 17:57:35 INFO  getText:24 - Element [[ChromeDriver: chrome on WINDOWS (9651d4a218d976206c0edaf1540be4e6)] -> xpath: //tr[@class='row no-margin yearlypaymentdetails']/..//tr[@id='monthyear2026']//tr//td] Text : ₹ 40,280
2021-11-30 17:57:35 INFO  explicitWait:24 - Element is  Visible : [[ChromeDriver: chrome on WINDOWS (9651d4a218d976206c0edaf1540be4e6)] -> xpath: //tr[@class='row no-margin yearlypaymentdetails']/..//tr[@id='monthyear2026']//tr//td]
2021-11-30 17:57:35 INFO  getText:24 - Element [[ChromeDriver: chrome on WINDOWS (9651d4a218d976206c0edaf1540be4e6)] -> xpath: //tr[@class='row no-margin yearlypaymentdetails']/..//tr[@id='monthyear2026']//tr//td] Text : ₹ 44,22,147
2021-11-30 17:57:35 INFO  explicitWait:24 - Element is  Visible : [[ChromeDriver: chrome on WINDOWS (9651d4a218d976206c0edaf1540be4e6)] -> xpath: //tr[@class='row no-margin yearlypaymentdetails']/..//tr[@id='monthyear2026']//tr//td]
2021-11-30 17:57:35 INFO  getText:24 - Element [[ChromeDriver: chrome on WINDOWS (9651d4a218d976206c0edaf1540be4e6)] -> xpath: //tr[@class='row no-margin yearlypaymentdetails']/..//tr[@id='monthyear2026']//tr//td] Text : 11.56%
2021-11-30 17:57:35 INFO  explicitWait:24 - Element is  Visible : [[ChromeDriver: chrome on WINDOWS (9651d4a218d976206c0edaf1540be4e6)] -> xpath: //tr[@class='row no-margin yearlypaymentdetails']/..//tr[@id='monthyear2026']//tr//td]
2021-11-30 17:57:35 INFO  getText:24 - Element [[ChromeDriver: chrome on WINDOWS (9651d4a218d976206c0edaf1540be4e6)] -> xpath: //tr[@class='row no-margin yearlypaymentdetails']/..//tr[@id='monthyear2026']//tr//td] Text : May
2021-11-30 17:57:35 INFO  explicitWait:24 - Element is  Visible : [[ChromeDriver: chrome on WINDOWS (9651d4a218d976206c0edaf1540be4e6)] -> xpath: //tr[@class='row no-margin yearlypaymentdetails']/..//tr[@id='monthyear2026']//tr//td]
2021-11-30 17:57:35 INFO  getText:24 - Element [[ChromeDriver: chrome on WINDOWS (9651d4a218d976206c0edaf1540be4e6)] -> xpath: //tr[@class='row no-margin yearlypaymentdetails']/..//tr[@id='monthyear2026']//tr//td] Text : ₹ 12,641
2021-11-30 17:57:35 INFO  explicitWait:24 - Element is  Visible : [[ChromeDriver: chrome on WINDOWS (9651d4a218d976206c0edaf1540be4e6)] -> xpath: //tr[@class='row no-margin yearlypaymentdetails']/..//tr[@id='monthyear2026']//tr//td]
2021-11-30 17:57:35 INFO  getText:24 - Element [[ChromeDriver: chrome on WINDOWS (9651d4a218d976206c0edaf1540be4e6)] -> xpath: //tr[@class='row no-margin yearlypaymentdetails']/..//tr[@id='monthyear2026']//tr//td] Text : ₹ 27,638
2021-11-30 17:57:35 INFO  explicitWait:24 - Element is  Visible : [[ChromeDriver: chrome on WINDOWS (9651d4a218d976206c0edaf1540be4e6)] -> xpath: //tr[@class='row no-margin yearlypaymentdetails']/..//tr[@id='monthyear2026']//tr//td]
2021-11-30 17:57:35 INFO  getText:24 - Element [[ChromeDriver: chrome on WINDOWS (9651d4a218d976206c0edaf1540be4e6)] -> xpath: //tr[@class='row no-margin yearlypaymentdetails']/..//tr[@id='monthyear2026']//tr//td] Text : ₹ 40,280
2021-11-30 17:57:35 INFO  explicitWait:24 - Element is  Visible : [[ChromeDriver: chrome on WINDOWS (9651d4a218d976206c0edaf1540be4e6)] -> xpath: //tr[@class='row no-margin yearlypaymentdetails']/..//tr[@id='monthyear2026']//tr//td]
2021-11-30 17:57:35 INFO  getText:24 - Element [[ChromeDriver: chrome on WINDOWS (9651d4a218d976206c0edaf1540be4e6)] -> xpath: //tr[@class='row no-margin yearlypaymentdetails']/..//tr[@id='monthyear2026']//tr//td] Text : ₹ 44,09,506
2021-11-30 17:57:35 INFO  explicitWait:24 - Element is  Visible : [[ChromeDriver: chrome on WINDOWS (9651d4a218d976206c0edaf1540be4e6)] -> xpath: //tr[@class='row no-margin yearlypaymentdetails']/..//tr[@id='monthyear2026']//tr//td]
2021-11-30 17:57:35 INFO  getText:24 - Element [[ChromeDriver: chrome on WINDOWS (9651d4a218d976206c0edaf1540be4e6)] -> xpath: //tr[@class='row no-margin yearlypaymentdetails']/..//tr[@id='monthyear2026']//tr//td] Text : 11.81%
2021-11-30 17:57:35 INFO  explicitWait:24 - Element is  Visible : [[ChromeDriver: chrome on WINDOWS (9651d4a218d976206c0edaf1540be4e6)] -> xpath: //tr[@class='row no-margin yearlypaymentdetails']/..//tr[@id='monthyear2026']//tr//td]
2021-11-30 17:57:35 INFO  getText:24 - Element [[ChromeDriver: chrome on WINDOWS (9651d4a218d976206c0edaf1540be4e6)] -> xpath: //tr[@class='row no-margin yearlypaymentdetails']/..//tr[@id='monthyear2026']//tr//td] Text : Jun
2021-11-30 17:57:35 INFO  explicitWait:24 - Element is  Visible : [[ChromeDriver: chrome on WINDOWS (9651d4a218d976206c0edaf1540be4e6)] -> xpath: //tr[@class='row no-margin yearlypaymentdetails']/..//tr[@id='monthyear2026']//tr//td]
2021-11-30 17:57:35 INFO  getText:24 - Element [[ChromeDriver: chrome on WINDOWS (9651d4a218d976206c0edaf1540be4e6)] -> xpath: //tr[@class='row no-margin yearlypaymentdetails']/..//tr[@id='monthyear2026']//tr//td] Text : ₹ 12,720
2021-11-30 17:57:35 INFO  explicitWait:24 - Element is  Visible : [[ChromeDriver: chrome on WINDOWS (9651d4a218d976206c0edaf1540be4e6)] -> xpath: //tr[@class='row no-margin yearlypaymentdetails']/..//tr[@id='monthyear2026']//tr//td]
2021-11-30 17:57:35 INFO  getText:24 - Element [[ChromeDriver: chrome on WINDOWS (9651d4a218d976206c0edaf1540be4e6)] -> xpath: //tr[@class='row no-margin yearlypaymentdetails']/..//tr[@id='monthyear2026']//tr//td] Text : ₹ 27,559
2021-11-30 17:57:35 INFO  explicitWait:24 - Element is  Visible : [[ChromeDriver: chrome on WINDOWS (9651d4a218d976206c0edaf1540be4e6)] -> xpath: //tr[@class='row no-margin yearlypaymentdetails']/..//tr[@id='monthyear2026']//tr//td]
2021-11-30 17:57:35 INFO  getText:24 - Element [[ChromeDriver: chrome on WINDOWS (9651d4a218d976206c0edaf1540be4e6)] -> xpath: //tr[@class='row no-margin yearlypaymentdetails']/..//tr[@id='monthyear2026']//tr//td] Text : ₹ 40,280
2021-11-30 17:57:35 INFO  explicitWait:24 - Element is  Visible : [[ChromeDriver: chrome on WINDOWS (9651d4a218d976206c0edaf1540be4e6)] -> xpath: //tr[@class='row no-margin yearlypaymentdetails']/..//tr[@id='monthyear2026']//tr//td]
2021-11-30 17:57:35 INFO  getText:24 - Element [[ChromeDriver: chrome on WINDOWS (9651d4a218d976206c0edaf1540be4e6)] -> xpath: //tr[@class='row no-margin yearlypaymentdetails']/..//tr[@id='monthyear2026']//tr//td] Text : ₹ 43,96,786
2021-11-30 17:57:35 INFO  explicitWait:24 - Element is  Visible : [[ChromeDriver: chrome on WINDOWS (9651d4a218d976206c0edaf1540be4e6)] -> xpath: //tr[@class='row no-margin yearlypaymentdetails']/..//tr[@id='monthyear2026']//tr//td]
2021-11-30 17:57:35 INFO  getText:24 - Element [[ChromeDriver: chrome on WINDOWS (9651d4a218d976206c0edaf1540be4e6)] -> xpath: //tr[@class='row no-margin yearlypaymentdetails']/..//tr[@id='monthyear2026']//tr//td] Text : 12.06%
2021-11-30 17:57:35 INFO  explicitWait:24 - Element is  Visible : [[ChromeDriver: chrome on WINDOWS (9651d4a218d976206c0edaf1540be4e6)] -> xpath: //tr[@class='row no-margin yearlypaymentdetails']/..//tr[@id='monthyear2026']//tr//td]
2021-11-30 17:57:35 INFO  getText:24 - Element [[ChromeDriver: chrome on WINDOWS (9651d4a218d976206c0edaf1540be4e6)] -> xpath: //tr[@class='row no-margin yearlypaymentdetails']/..//tr[@id='monthyear2026']//tr//td] Text : Jul
2021-11-30 17:57:35 INFO  explicitWait:24 - Element is  Visible : [[ChromeDriver: chrome on WINDOWS (9651d4a218d976206c0edaf1540be4e6)] -> xpath: //tr[@class='row no-margin yearlypaymentdetails']/..//tr[@id='monthyear2026']//tr//td]
2021-11-30 17:57:35 INFO  getText:24 - Element [[ChromeDriver: chrome on WINDOWS (9651d4a218d976206c0edaf1540be4e6)] -> xpath: //tr[@class='row no-margin yearlypaymentdetails']/..//tr[@id='monthyear2026']//tr//td] Text : ₹ 12,800
2021-11-30 17:57:36 INFO  explicitWait:24 - Element is  Visible : [[ChromeDriver: chrome on WINDOWS (9651d4a218d976206c0edaf1540be4e6)] -> xpath: //tr[@class='row no-margin yearlypaymentdetails']/..//tr[@id='monthyear2026']//tr//td]
2021-11-30 17:57:36 INFO  getText:24 - Element [[ChromeDriver: chrome on WINDOWS (9651d4a218d976206c0edaf1540be4e6)] -> xpath: //tr[@class='row no-margin yearlypaymentdetails']/..//tr[@id='monthyear2026']//tr//td] Text : ₹ 27,480
2021-11-30 17:57:36 INFO  explicitWait:24 - Element is  Visible : [[ChromeDriver: chrome on WINDOWS (9651d4a218d976206c0edaf1540be4e6)] -> xpath: //tr[@class='row no-margin yearlypaymentdetails']/..//tr[@id='monthyear2026']//tr//td]
2021-11-30 17:57:36 INFO  getText:24 - Element [[ChromeDriver: chrome on WINDOWS (9651d4a218d976206c0edaf1540be4e6)] -> xpath: //tr[@class='row no-margin yearlypaymentdetails']/..//tr[@id='monthyear2026']//tr//td] Text : ₹ 40,280
2021-11-30 17:57:36 INFO  explicitWait:24 - Element is  Visible : [[ChromeDriver: chrome on WINDOWS (9651d4a218d976206c0edaf1540be4e6)] -> xpath: //tr[@class='row no-margin yearlypaymentdetails']/..//tr[@id='monthyear2026']//tr//td]
2021-11-30 17:57:36 INFO  getText:24 - Element [[ChromeDriver: chrome on WINDOWS (9651d4a218d976206c0edaf1540be4e6)] -> xpath: //tr[@class='row no-margin yearlypaymentdetails']/..//tr[@id='monthyear2026']//tr//td] Text : ₹ 43,83,986
2021-11-30 17:57:36 INFO  explicitWait:24 - Element is  Visible : [[ChromeDriver: chrome on WINDOWS (9651d4a218d976206c0edaf1540be4e6)] -> xpath: //tr[@class='row no-margin yearlypaymentdetails']/..//tr[@id='monthyear2026']//tr//td]
2021-11-30 17:57:36 INFO  getText:24 - Element [[ChromeDriver: chrome on WINDOWS (9651d4a218d976206c0edaf1540be4e6)] -> xpath: //tr[@class='row no-margin yearlypaymentdetails']/..//tr[@id='monthyear2026']//tr//td] Text : 12.32%
2021-11-30 17:57:36 INFO  explicitWait:24 - Element is  Visible : [[ChromeDriver: chrome on WINDOWS (9651d4a218d976206c0edaf1540be4e6)] -> xpath: //tr[@class='row no-margin yearlypaymentdetails']/..//tr[@id='monthyear2026']//tr//td]
2021-11-30 17:57:36 INFO  getText:24 - Element [[ChromeDriver: chrome on WINDOWS (9651d4a218d976206c0edaf1540be4e6)] -> xpath: //tr[@class='row no-margin yearlypaymentdetails']/..//tr[@id='monthyear2026']//tr//td] Text : Aug
2021-11-30 17:57:36 INFO  explicitWait:24 - Element is  Visible : [[ChromeDriver: chrome on WINDOWS (9651d4a218d976206c0edaf1540be4e6)] -> xpath: //tr[@class='row no-margin yearlypaymentdetails']/..//tr[@id='monthyear2026']//tr//td]
2021-11-30 17:57:36 INFO  getText:24 - Element [[ChromeDriver: chrome on WINDOWS (9651d4a218d976206c0edaf1540be4e6)] -> xpath: //tr[@class='row no-margin yearlypaymentdetails']/..//tr[@id='monthyear2026']//tr//td] Text : ₹ 12,880
2021-11-30 17:57:36 INFO  explicitWait:24 - Element is  Visible : [[ChromeDriver: chrome on WINDOWS (9651d4a218d976206c0edaf1540be4e6)] -> xpath: //tr[@class='row no-margin yearlypaymentdetails']/..//tr[@id='monthyear2026']//tr//td]
2021-11-30 17:57:36 INFO  getText:24 - Element [[ChromeDriver: chrome on WINDOWS (9651d4a218d976206c0edaf1540be4e6)] -> xpath: //tr[@class='row no-margin yearlypaymentdetails']/..//tr[@id='monthyear2026']//tr//td] Text : ₹ 27,400
2021-11-30 17:57:36 INFO  explicitWait:24 - Element is  Visible : [[ChromeDriver: chrome on WINDOWS (9651d4a218d976206c0edaf1540be4e6)] -> xpath: //tr[@class='row no-margin yearlypaymentdetails']/..//tr[@id='monthyear2026']//tr//td]
2021-11-30 17:57:36 INFO  getText:24 - Element [[ChromeDriver: chrome on WINDOWS (9651d4a218d976206c0edaf1540be4e6)] -> xpath: //tr[@class='row no-margin yearlypaymentdetails']/..//tr[@id='monthyear2026']//tr//td] Text : ₹ 40,280
2021-11-30 17:57:36 INFO  explicitWait:24 - Element is  Visible : [[ChromeDriver: chrome on WINDOWS (9651d4a218d976206c0edaf1540be4e6)] -> xpath: //tr[@class='row no-margin yearlypaymentdetails']/..//tr[@id='monthyear2026']//tr//td]
2021-11-30 17:57:36 INFO  getText:24 - Element [[ChromeDriver: chrome on WINDOWS (9651d4a218d976206c0edaf1540be4e6)] -> xpath: //tr[@class='row no-margin yearlypaymentdetails']/..//tr[@id='monthyear2026']//tr//td] Text : ₹ 43,71,106
2021-11-30 17:57:36 INFO  explicitWait:24 - Element is  Visible : [[ChromeDriver: chrome on WINDOWS (9651d4a218d976206c0edaf1540be4e6)] -> xpath: //tr[@class='row no-margin yearlypaymentdetails']/..//tr[@id='monthyear2026']//tr//td]
2021-11-30 17:57:36 INFO  getText:24 - Element [[ChromeDriver: chrome on WINDOWS (9651d4a218d976206c0edaf1540be4e6)] -> xpath: //tr[@class='row no-margin yearlypaymentdetails']/..//tr[@id='monthyear2026']//tr//td] Text : 12.58%
2021-11-30 17:57:36 INFO  explicitWait:24 - Element is  Visible : [[ChromeDriver: chrome on WINDOWS (9651d4a218d976206c0edaf1540be4e6)] -> xpath: //tr[@class='row no-margin yearlypaymentdetails']/..//tr[@id='monthyear2026']//tr//td]
2021-11-30 17:57:36 INFO  getText:24 - Element [[ChromeDriver: chrome on WINDOWS (9651d4a218d976206c0edaf1540be4e6)] -> xpath: //tr[@class='row no-margin yearlypaymentdetails']/..//tr[@id='monthyear2026']//tr//td] Text : Sep
2021-11-30 17:57:36 INFO  explicitWait:24 - Element is  Visible : [[ChromeDriver: chrome on WINDOWS (9651d4a218d976206c0edaf1540be4e6)] -> xpath: //tr[@class='row no-margin yearlypaymentdetails']/..//tr[@id='monthyear2026']//tr//td]
2021-11-30 17:57:36 INFO  getText:24 - Element [[ChromeDriver: chrome on WINDOWS (9651d4a218d976206c0edaf1540be4e6)] -> xpath: //tr[@class='row no-margin yearlypaymentdetails']/..//tr[@id='monthyear2026']//tr//td] Text : ₹ 12,960
2021-11-30 17:57:36 INFO  explicitWait:24 - Element is  Visible : [[ChromeDriver: chrome on WINDOWS (9651d4a218d976206c0edaf1540be4e6)] -> xpath: //tr[@class='row no-margin yearlypaymentdetails']/..//tr[@id='monthyear2026']//tr//td]
2021-11-30 17:57:36 INFO  getText:24 - Element [[ChromeDriver: chrome on WINDOWS (9651d4a218d976206c0edaf1540be4e6)] -> xpath: //tr[@class='row no-margin yearlypaymentdetails']/..//tr[@id='monthyear2026']//tr//td] Text : ₹ 27,319
2021-11-30 17:57:36 INFO  explicitWait:24 - Element is  Visible : [[ChromeDriver: chrome on WINDOWS (9651d4a218d976206c0edaf1540be4e6)] -> xpath: //tr[@class='row no-margin yearlypaymentdetails']/..//tr[@id='monthyear2026']//tr//td]
2021-11-30 17:57:36 INFO  getText:24 - Element [[ChromeDriver: chrome on WINDOWS (9651d4a218d976206c0edaf1540be4e6)] -> xpath: //tr[@class='row no-margin yearlypaymentdetails']/..//tr[@id='monthyear2026']//tr//td] Text : ₹ 40,280
2021-11-30 17:57:36 INFO  explicitWait:24 - Element is  Visible : [[ChromeDriver: chrome on WINDOWS (9651d4a218d976206c0edaf1540be4e6)] -> xpath: //tr[@class='row no-margin yearlypaymentdetails']/..//tr[@id='monthyear2026']//tr//td]
2021-11-30 17:57:36 INFO  getText:24 - Element [[ChromeDriver: chrome on WINDOWS (9651d4a218d976206c0edaf1540be4e6)] -> xpath: //tr[@class='row no-margin yearlypaymentdetails']/..//tr[@id='monthyear2026']//tr//td] Text : ₹ 43,58,146
2021-11-30 17:57:36 INFO  explicitWait:24 - Element is  Visible : [[ChromeDriver: chrome on WINDOWS (9651d4a218d976206c0edaf1540be4e6)] -> xpath: //tr[@class='row no-margin yearlypaymentdetails']/..//tr[@id='monthyear2026']//tr//td]
2021-11-30 17:57:36 INFO  getText:24 - Element [[ChromeDriver: chrome on WINDOWS (9651d4a218d976206c0edaf1540be4e6)] -> xpath: //tr[@class='row no-margin yearlypaymentdetails']/..//tr[@id='monthyear2026']//tr//td] Text : 12.84%
2021-11-30 17:57:36 INFO  explicitWait:24 - Element is  Visible : [[ChromeDriver: chrome on WINDOWS (9651d4a218d976206c0edaf1540be4e6)] -> xpath: //tr[@class='row no-margin yearlypaymentdetails']/..//tr[@id='monthyear2026']//tr//td]
2021-11-30 17:57:37 INFO  getText:24 - Element [[ChromeDriver: chrome on WINDOWS (9651d4a218d976206c0edaf1540be4e6)] -> xpath: //tr[@class='row no-margin yearlypaymentdetails']/..//tr[@id='monthyear2026']//tr//td] Text : Oct
2021-11-30 17:57:37 INFO  explicitWait:24 - Element is  Visible : [[ChromeDriver: chrome on WINDOWS (9651d4a218d976206c0edaf1540be4e6)] -> xpath: //tr[@class='row no-margin yearlypaymentdetails']/..//tr[@id='monthyear2026']//tr//td]
2021-11-30 17:57:37 INFO  getText:24 - Element [[ChromeDriver: chrome on WINDOWS (9651d4a218d976206c0edaf1540be4e6)] -> xpath: //tr[@class='row no-margin yearlypaymentdetails']/..//tr[@id='monthyear2026']//tr//td] Text : ₹ 13,041
2021-11-30 17:57:37 INFO  explicitWait:24 - Element is  Visible : [[ChromeDriver: chrome on WINDOWS (9651d4a218d976206c0edaf1540be4e6)] -> xpath: //tr[@class='row no-margin yearlypaymentdetails']/..//tr[@id='monthyear2026']//tr//td]
2021-11-30 17:57:37 INFO  getText:24 - Element [[ChromeDriver: chrome on WINDOWS (9651d4a218d976206c0edaf1540be4e6)] -> xpath: //tr[@class='row no-margin yearlypaymentdetails']/..//tr[@id='monthyear2026']//tr//td] Text : ₹ 27,238
2021-11-30 17:57:37 INFO  explicitWait:24 - Element is  Visible : [[ChromeDriver: chrome on WINDOWS (9651d4a218d976206c0edaf1540be4e6)] -> xpath: //tr[@class='row no-margin yearlypaymentdetails']/..//tr[@id='monthyear2026']//tr//td]
2021-11-30 17:57:37 INFO  getText:24 - Element [[ChromeDriver: chrome on WINDOWS (9651d4a218d976206c0edaf1540be4e6)] -> xpath: //tr[@class='row no-margin yearlypaymentdetails']/..//tr[@id='monthyear2026']//tr//td] Text : ₹ 40,280
2021-11-30 17:57:37 INFO  explicitWait:24 - Element is  Visible : [[ChromeDriver: chrome on WINDOWS (9651d4a218d976206c0edaf1540be4e6)] -> xpath: //tr[@class='row no-margin yearlypaymentdetails']/..//tr[@id='monthyear2026']//tr//td]
2021-11-30 17:57:37 INFO  getText:24 - Element [[ChromeDriver: chrome on WINDOWS (9651d4a218d976206c0edaf1540be4e6)] -> xpath: //tr[@class='row no-margin yearlypaymentdetails']/..//tr[@id='monthyear2026']//tr//td] Text : ₹ 43,45,105
2021-11-30 17:57:37 INFO  explicitWait:24 - Element is  Visible : [[ChromeDriver: chrome on WINDOWS (9651d4a218d976206c0edaf1540be4e6)] -> xpath: //tr[@class='row no-margin yearlypaymentdetails']/..//tr[@id='monthyear2026']//tr//td]
2021-11-30 17:57:37 INFO  getText:24 - Element [[ChromeDriver: chrome on WINDOWS (9651d4a218d976206c0edaf1540be4e6)] -> xpath: //tr[@class='row no-margin yearlypaymentdetails']/..//tr[@id='monthyear2026']//tr//td] Text : 13.10%
2021-11-30 17:57:37 INFO  explicitWait:24 - Element is  Visible : [[ChromeDriver: chrome on WINDOWS (9651d4a218d976206c0edaf1540be4e6)] -> xpath: //tr[@class='row no-margin yearlypaymentdetails']/..//tr[@id='monthyear2026']//tr//td]
2021-11-30 17:57:37 INFO  getText:24 - Element [[ChromeDriver: chrome on WINDOWS (9651d4a218d976206c0edaf1540be4e6)] -> xpath: //tr[@class='row no-margin yearlypaymentdetails']/..//tr[@id='monthyear2026']//tr//td] Text : Nov
2021-11-30 17:57:37 INFO  explicitWait:24 - Element is  Visible : [[ChromeDriver: chrome on WINDOWS (9651d4a218d976206c0edaf1540be4e6)] -> xpath: //tr[@class='row no-margin yearlypaymentdetails']/..//tr[@id='monthyear2026']//tr//td]
2021-11-30 17:57:37 INFO  getText:24 - Element [[ChromeDriver: chrome on WINDOWS (9651d4a218d976206c0edaf1540be4e6)] -> xpath: //tr[@class='row no-margin yearlypaymentdetails']/..//tr[@id='monthyear2026']//tr//td] Text : ₹ 13,123
2021-11-30 17:57:37 INFO  explicitWait:24 - Element is  Visible : [[ChromeDriver: chrome on WINDOWS (9651d4a218d976206c0edaf1540be4e6)] -> xpath: //tr[@class='row no-margin yearlypaymentdetails']/..//tr[@id='monthyear2026']//tr//td]
2021-11-30 17:57:37 INFO  getText:24 - Element [[ChromeDriver: chrome on WINDOWS (9651d4a218d976206c0edaf1540be4e6)] -> xpath: //tr[@class='row no-margin yearlypaymentdetails']/..//tr[@id='monthyear2026']//tr//td] Text : ₹ 27,157
2021-11-30 17:57:37 INFO  explicitWait:24 - Element is  Visible : [[ChromeDriver: chrome on WINDOWS (9651d4a218d976206c0edaf1540be4e6)] -> xpath: //tr[@class='row no-margin yearlypaymentdetails']/..//tr[@id='monthyear2026']//tr//td]
2021-11-30 17:57:37 INFO  getText:24 - Element [[ChromeDriver: chrome on WINDOWS (9651d4a218d976206c0edaf1540be4e6)] -> xpath: //tr[@class='row no-margin yearlypaymentdetails']/..//tr[@id='monthyear2026']//tr//td] Text : ₹ 40,280
2021-11-30 17:57:37 INFO  explicitWait:24 - Element is  Visible : [[ChromeDriver: chrome on WINDOWS (9651d4a218d976206c0edaf1540be4e6)] -> xpath: //tr[@class='row no-margin yearlypaymentdetails']/..//tr[@id='monthyear2026']//tr//td]
2021-11-30 17:57:37 INFO  getText:24 - Element [[ChromeDriver: chrome on WINDOWS (9651d4a218d976206c0edaf1540be4e6)] -> xpath: //tr[@class='row no-margin yearlypaymentdetails']/..//tr[@id='monthyear2026']//tr//td] Text : ₹ 43,31,982
2021-11-30 17:57:37 INFO  explicitWait:24 - Element is  Visible : [[ChromeDriver: chrome on WINDOWS (9651d4a218d976206c0edaf1540be4e6)] -> xpath: //tr[@class='row no-margin yearlypaymentdetails']/..//tr[@id='monthyear2026']//tr//td]
2021-11-30 17:57:37 INFO  getText:24 - Element [[ChromeDriver: chrome on WINDOWS (9651d4a218d976206c0edaf1540be4e6)] -> xpath: //tr[@class='row no-margin yearlypaymentdetails']/..//tr[@id='monthyear2026']//tr//td] Text : 13.36%
2021-11-30 17:57:37 INFO  explicitWait:24 - Element is  Visible : [[ChromeDriver: chrome on WINDOWS (9651d4a218d976206c0edaf1540be4e6)] -> xpath: //tr[@class='row no-margin yearlypaymentdetails']/..//tr[@id='monthyear2026']//tr//td]
2021-11-30 17:57:37 INFO  getText:24 - Element [[ChromeDriver: chrome on WINDOWS (9651d4a218d976206c0edaf1540be4e6)] -> xpath: //tr[@class='row no-margin yearlypaymentdetails']/..//tr[@id='monthyear2026']//tr//td] Text : Dec
2021-11-30 17:57:37 INFO  explicitWait:24 - Element is  Visible : [[ChromeDriver: chrome on WINDOWS (9651d4a218d976206c0edaf1540be4e6)] -> xpath: //tr[@class='row no-margin yearlypaymentdetails']/..//tr[@id='monthyear2026']//tr//td]
2021-11-30 17:57:37 INFO  getText:24 - Element [[ChromeDriver: chrome on WINDOWS (9651d4a218d976206c0edaf1540be4e6)] -> xpath: //tr[@class='row no-margin yearlypaymentdetails']/..//tr[@id='monthyear2026']//tr//td] Text : ₹ 13,205
2021-11-30 17:57:37 INFO  explicitWait:24 - Element is  Visible : [[ChromeDriver: chrome on WINDOWS (9651d4a218d976206c0edaf1540be4e6)] -> xpath: //tr[@class='row no-margin yearlypaymentdetails']/..//tr[@id='monthyear2026']//tr//td]
2021-11-30 17:57:37 INFO  getText:24 - Element [[ChromeDriver: chrome on WINDOWS (9651d4a218d976206c0edaf1540be4e6)] -> xpath: //tr[@class='row no-margin yearlypaymentdetails']/..//tr[@id='monthyear2026']//tr//td] Text : ₹ 27,075
2021-11-30 17:57:37 INFO  explicitWait:24 - Element is  Visible : [[ChromeDriver: chrome on WINDOWS (9651d4a218d976206c0edaf1540be4e6)] -> xpath: //tr[@class='row no-margin yearlypaymentdetails']/..//tr[@id='monthyear2026']//tr//td]
2021-11-30 17:57:38 INFO  getText:24 - Element [[ChromeDriver: chrome on WINDOWS (9651d4a218d976206c0edaf1540be4e6)] -> xpath: //tr[@class='row no-margin yearlypaymentdetails']/..//tr[@id='monthyear2026']//tr//td] Text : ₹ 40,280
2021-11-30 17:57:38 INFO  explicitWait:24 - Element is  Visible : [[ChromeDriver: chrome on WINDOWS (9651d4a218d976206c0edaf1540be4e6)] -> xpath: //tr[@class='row no-margin yearlypaymentdetails']/..//tr[@id='monthyear2026']//tr//td]
2021-11-30 17:57:38 INFO  getText:24 - Element [[ChromeDriver: chrome on WINDOWS (9651d4a218d976206c0edaf1540be4e6)] -> xpath: //tr[@class='row no-margin yearlypaymentdetails']/..//tr[@id='monthyear2026']//tr//td] Text : ₹ 43,18,777
2021-11-30 17:57:38 INFO  explicitWait:24 - Element is  Visible : [[ChromeDriver: chrome on WINDOWS (9651d4a218d976206c0edaf1540be4e6)] -> xpath: //tr[@class='row no-margin yearlypaymentdetails']/..//tr[@id='monthyear2026']//tr//td]
2021-11-30 17:57:38 INFO  getText:24 - Element [[ChromeDriver: chrome on WINDOWS (9651d4a218d976206c0edaf1540be4e6)] -> xpath: //tr[@class='row no-margin yearlypaymentdetails']/..//tr[@id='monthyear2026']//tr//td] Text : 13.62%
2021-11-30 17:57:42 INFO  teardown:52 - ********************************************Falied Scenarios :*************************************
2021-11-30 17:57:42 INFO  teardown:52 - ********************************************FeatureName---> file:///C:/AutomationWorkspace/Com.Test1/src/test/resources/Features/SVGHandling.feature:4 ScenarioName--->Svg - Functionality Testing*************************************
2021-11-30 17:57:42 INFO  teardown:52 - ********************************************Suite Execution Ended*************************************
2021-11-30 18:46:44 INFO  setup:52 - ********************************************Suite Execution Started*************************************
2021-11-30 18:46:45 INFO  setup:61 - ********************************************Scenario Execution Started :Svg - Functionality Testing*************************************
2021-11-30 18:46:46 INFO  ReadDataFromExcelPutItInMap:24 - TestData_System.xlsx File Found and Accessed
2021-11-30 18:46:46 INFO  ReadDataFromExcelPutItInMap:24 - TestData_System.xlsx Workbook Closed Successfully
2021-11-30 18:46:54 INFO  setup:61 - ********************************************Scenario Execution Started :Svg - Functionality Testing for Webpage*************************************
2021-11-30 18:46:54 INFO  ReadDataFromExcelPutItInMap:24 - TestData_System.xlsx File Found and Accessed
2021-11-30 18:46:54 INFO  ReadDataFromExcelPutItInMap:24 - TestData_System.xlsx Workbook Closed Successfully
2021-11-30 18:49:56 INFO  setup:52 - ********************************************Suite Execution Started*************************************
2021-11-30 18:49:57 INFO  setup:61 - ********************************************Scenario Execution Started :Svg - Functionality Testing*************************************
2021-11-30 18:49:59 INFO  ReadDataFromExcelPutItInMap:24 - TestData_System.xlsx File Found and Accessed
2021-11-30 18:50:00 INFO  ReadDataFromExcelPutItInMap:24 - TestData_System.xlsx Workbook Closed Successfully
2021-11-30 18:50:16 INFO  explicitWait:24 - Element is  Visible : [[ChromeDriver: chrome on WINDOWS (a368e4f082d929cb6fbd99d86cb62d01)] -> xpath: //input[@id='startmonthyear']]
2021-11-30 18:50:21 INFO  explicitWait:24 - Element is  Visible : [[ChromeDriver: chrome on WINDOWS (a368e4f082d929cb6fbd99d86cb62d01)] -> xpath: //input[@title='Search']]
